#
# There is insufficient memory for the Java Runtime Environment to continue.
# Native memory allocation (mmap) failed to map 28311552 bytes for G1 virtual space
# Possible reasons:
#   The system is out of physical RAM or swap space
#   The process is running with CompressedOops enabled, and the Java Heap may be blocking the growth of the native heap
# Possible solutions:
#   Reduce memory load on the system
#   Increase physical memory or swap space
#   Check if swap backing store is full
#   Decrease Java heap size (-Xmx/-Xms)
#   Decrease number of Java threads
#   Decrease Java thread stack sizes (-Xss)
#   Set larger code cache with -XX:ReservedCodeCacheSize=
#   JVM is running with Unscaled Compressed Oops mode in which the Java heap is
#     placed in the first 4GB address space. The Java Heap base address is the
#     maximum limit for the native heap growth. Please use -XX:HeapBaseMinAddress
#     to set the Java Heap base and to place the Java Heap above 4GB virtual address.
# This output file may be truncated or incomplete.
#
#  Out of Memory Error (os_windows.cpp:3769), pid=20280, tid=8084
#
# JRE version: OpenJDK Runtime Environment (17.0.6) (build 17.0.6+0-b2043.56-10027231)
# Java VM: OpenJDK 64-Bit Server VM (17.0.6+0-b2043.56-10027231, mixed mode, tiered, compressed oops, compressed class ptrs, g1 gc, windows-amd64)
# No core dump will be written. Minidumps are not enabled by default on client versions of Windows
#

---------------  S U M M A R Y ------------

Command Line: --add-opens=java.base/java.util=ALL-UNNAMED --add-opens=java.base/java.lang=ALL-UNNAMED --add-opens=java.base/java.lang.invoke=ALL-UNNAMED --add-opens=java.prefs/java.util.prefs=ALL-UNNAMED --add-opens=java.base/java.nio.charset=ALL-UNNAMED --add-opens=java.base/java.net=ALL-UNNAMED --add-opens=java.base/java.util.concurrent.atomic=ALL-UNNAMED -Xmx2048m -Dfile.encoding=UTF-8 -Duser.country=IN -Duser.language=en -Duser.variant org.gradle.launcher.daemon.bootstrap.GradleDaemon 8.0

Host: 11th Gen Intel(R) Core(TM) i7-1165G7 @ 2.80GHz, 8 cores, 15G,  Windows 11 , 64 bit Build 22621 (10.0.22621.2070)
Time: Mon Aug 21 13:26:21 2023 India Standard Time elapsed time: 7.309296 seconds (0d 0h 0m 7s)

---------------  T H R E A D  ---------------

Current thread (0x000001427f915a00):  VMThread "VM Thread" [stack: 0x000000121af00000,0x000000121b000000] [id=8084]

Stack: [0x000000121af00000,0x000000121b000000]
Native frames: (J=compiled Java code, j=interpreted, Vv=VM code, C=native code)
V  [jvm.dll+0x683c9a]
V  [jvm.dll+0x8427a4]
V  [jvm.dll+0x843f9e]
V  [jvm.dll+0x844603]
V  [jvm.dll+0x249b75]
V  [jvm.dll+0x680b69]
V  [jvm.dll+0x67505a]
V  [jvm.dll+0x309acb]
V  [jvm.dll+0x310f86]
V  [jvm.dll+0x3608ee]
V  [jvm.dll+0x360b1f]
V  [jvm.dll+0x2dfbf8]
V  [jvm.dll+0x2ddec4]
V  [jvm.dll+0x2dd4cc]
V  [jvm.dll+0x321f3b]
V  [jvm.dll+0x848ccb]
V  [jvm.dll+0x849a04]
V  [jvm.dll+0x849f1d]
V  [jvm.dll+0x84a2f4]
V  [jvm.dll+0x84a3c0]
V  [jvm.dll+0x7f274a]
V  [jvm.dll+0x682ad5]
C  [ucrtbase.dll+0x29363]
C  [KERNEL32.DLL+0x126ad]
C  [ntdll.dll+0x5aa68]

VM_Operation (0x000000121d1fd9a0): G1CollectForAllocation, mode: safepoint, requested by thread 0x000001421891c960


---------------  P R O C E S S  ---------------

Threads class SMR info:
_java_thread_list=0x000001421f449580, length=136, elements={
0x000001427aa69a30, 0x000001427f917c40, 0x000001427f91bdb0, 0x000001427f923d50,
0x000001427f924700, 0x000001427f9250b0, 0x000001427f971830, 0x000001427f974cc0,
0x000001427f979f10, 0x000001427f984790, 0x000001427fb01370, 0x000001427fb03e60,
0x0000014215810f00, 0x0000014216f0f5d0, 0x0000014216b1b9f0, 0x00000142178090a0,
0x00000142161b1430, 0x000001421697d950, 0x0000014218919940, 0x000001421891b150,
0x0000014218919e10, 0x0000014218919470, 0x000001421891baf0, 0x000001421891c490,
0x000001421891a2e0, 0x000001421891c960, 0x000001421891ac80, 0x000001421891b620,
0x000001421891bfc0, 0x0000014218cb2490, 0x0000014218cb02e0, 0x0000014218cb1150,
0x0000014218cb1620, 0x0000014218caf940, 0x0000014218caf470, 0x0000014218cb07b0,
0x0000014216f01690, 0x00000142195e6f50, 0x00000142195e78f0, 0x00000142195e6a80,
0x00000142195e7420, 0x00000142195e60e0, 0x00000142195e8760, 0x00000142195ec120,
0x00000142195e9f70, 0x00000142195e5c10, 0x00000142195e65b0, 0x00000142195e7dc0,
0x00000142195e8290, 0x00000142195e8c30, 0x00000142195e9100, 0x00000142195e95d0,
0x00000142195e9aa0, 0x00000142195ea440, 0x00000142195eade0, 0x00000142195eb780,
0x00000142195ebc50, 0x00000142195e48d0, 0x00000142195e4da0, 0x00000142195e5270,
0x000001421b65c660, 0x000001421b65ae50, 0x000001421b659170, 0x000001421b65a980,
0x000001421b659640, 0x000001421b65f680, 0x000001421b659b10, 0x000001421b65c190,
0x000001421b65d4d0, 0x000001421b65cb30, 0x000001421b65e340, 0x000001421b65e810,
0x000001421b6587d0, 0x000001421b65ece0, 0x000001421b65de70, 0x000001421b65d000,
0x000001421b658ca0, 0x000001421b659fe0, 0x000001421b65a4b0, 0x000001421b65b320,
0x000001421b660020, 0x000001421b65d9a0, 0x000001421b65b7f0, 0x000001421b65bcc0,
0x000001421b65f1b0, 0x000001421b65fb50, 0x0000014218d4a9f0, 0x0000014218d4e3b0,
0x0000014218d4e880, 0x0000014218d4cba0, 0x0000014218d4aec0, 0x0000014218d4b390,
0x0000014218d4b860, 0x0000014218d50a30, 0x0000014218d4d070, 0x0000014218d4a050,
0x0000014218d4a520, 0x0000014218d4bd30, 0x0000014218d49b80, 0x0000014218d496b0,
0x0000014218d4dee0, 0x0000014218d50560, 0x0000014218d50090, 0x0000014218d4c200,
0x0000014218d4d540, 0x0000014218d4ed50, 0x0000014218d4da10, 0x0000014218d4c6d0,
0x0000014218d4f220, 0x0000014218d4f6f0, 0x0000014218d4fbc0, 0x0000014218d491e0,
0x00000142195c7e60, 0x00000142195cc1c0, 0x00000142195c91a0, 0x00000142195c9670,
0x00000142195ca4e0, 0x00000142195ca9b0, 0x00000142195c9b40, 0x00000142195c8800,
0x00000142195c7990, 0x00000142195ca010, 0x00000142195c8cd0, 0x00000142195cbcf0,
0x00000142195cc690, 0x00000142195cae80, 0x00000142195cb350, 0x00000142195c6650,
0x00000142195cd500, 0x00000142195c6180, 0x00000142195c6b20, 0x00000142195ea910,
0x000001421cd67f70, 0x000001421cd68440, 0x000001421cd675d0, 0x000001421cd692b0
}

Java Threads: ( => current thread )
  0x000001427aa69a30 JavaThread "main" [_thread_blocked, id=5388, stack(0x000000121a900000,0x000000121aa00000)]
  0x000001427f917c40 JavaThread "Reference Handler" daemon [_thread_blocked, id=3828, stack(0x000000121b000000,0x000000121b100000)]
  0x000001427f91bdb0 JavaThread "Finalizer" daemon [_thread_blocked, id=15308, stack(0x000000121b100000,0x000000121b200000)]
  0x000001427f923d50 JavaThread "Signal Dispatcher" daemon [_thread_blocked, id=6200, stack(0x000000121b200000,0x000000121b300000)]
  0x000001427f924700 JavaThread "Attach Listener" daemon [_thread_blocked, id=17748, stack(0x000000121b300000,0x000000121b400000)]
  0x000001427f9250b0 JavaThread "Service Thread" daemon [_thread_blocked, id=15484, stack(0x000000121b400000,0x000000121b500000)]
  0x000001427f971830 JavaThread "Monitor Deflation Thread" daemon [_thread_blocked, id=10084, stack(0x000000121b500000,0x000000121b600000)]
  0x000001427f974cc0 JavaThread "C2 CompilerThread0" daemon [_thread_blocked, id=10612, stack(0x000000121b600000,0x000000121b700000)]
  0x000001427f979f10 JavaThread "C1 CompilerThread0" daemon [_thread_blocked, id=348, stack(0x000000121b700000,0x000000121b800000)]
  0x000001427f984790 JavaThread "Sweeper thread" daemon [_thread_blocked, id=20004, stack(0x000000121b800000,0x000000121b900000)]
  0x000001427fb01370 JavaThread "Common-Cleaner" daemon [_thread_blocked, id=10580, stack(0x000000121b900000,0x000000121ba00000)]
  0x000001427fb03e60 JavaThread "Notification Thread" daemon [_thread_blocked, id=11336, stack(0x000000121ba00000,0x000000121bb00000)]
  0x0000014215810f00 JavaThread "C2 CompilerThread1" daemon [_thread_blocked, id=10120, stack(0x000000121bc00000,0x000000121bd00000)]
  0x0000014216f0f5d0 JavaThread "Daemon health stats" [_thread_blocked, id=17400, stack(0x000000121c300000,0x000000121c400000)]
  0x0000014216b1b9f0 JavaThread "Incoming local TCP Connector on port 53531" [_thread_in_native, id=10436, stack(0x000000121bd00000,0x000000121be00000)]
  0x00000142178090a0 JavaThread "Daemon periodic checks" [_thread_blocked, id=18360, stack(0x000000121c400000,0x000000121c500000)]
  0x00000142161b1430 JavaThread "Daemon" [_thread_blocked, id=18820, stack(0x000000121c500000,0x000000121c600000)]
  0x000001421697d950 JavaThread "Handler for socket connection from /127.0.0.1:53531 to /127.0.0.1:53532" [_thread_in_native, id=19792, stack(0x000000121c600000,0x000000121c700000)]
  0x0000014218919940 JavaThread "Cancel handler" [_thread_blocked, id=16216, stack(0x000000121c700000,0x000000121c800000)]
  0x000001421891b150 JavaThread "Daemon worker" [_thread_blocked, id=17104, stack(0x000000121c800000,0x000000121c900000)]
  0x0000014218919e10 JavaThread "Asynchronous log dispatcher for DefaultDaemonConnection: socket connection from /127.0.0.1:53531 to /127.0.0.1:53532" [_thread_blocked, id=19968, stack(0x000000121c900000,0x000000121ca00000)]
  0x0000014218919470 JavaThread "Stdin handler" [_thread_blocked, id=19812, stack(0x000000121ca00000,0x000000121cb00000)]
  0x000001421891baf0 JavaThread "Daemon client event forwarder" [_thread_blocked, id=20304, stack(0x000000121cb00000,0x000000121cc00000)]
  0x000001421891c490 JavaThread "Cache worker for journal cache (C:\Users\HP\.gradle\caches\journal-1)" [_thread_blocked, id=8908, stack(0x000000121cf00000,0x000000121d000000)]
  0x000001421891a2e0 JavaThread "File lock request listener" [_thread_in_native, id=892, stack(0x000000121d000000,0x000000121d100000)]
  0x000001421891c960 JavaThread "Cache worker for file hash cache (C:\Users\HP\.gradle\caches\8.0\fileHashes)" [_thread_blocked, id=9716, stack(0x000000121d100000,0x000000121d200000)]
  0x000001421891ac80 JavaThread "File watcher server" daemon [_thread_blocked, id=15212, stack(0x000000121d200000,0x000000121d300000)]
  0x000001421891b620 JavaThread "File watcher consumer" daemon [_thread_blocked, id=20320, stack(0x000000121d300000,0x000000121d400000)]
  0x000001421891bfc0 JavaThread "Cache worker for checksums cache (C:\Users\HP\StudioProjects\Practice\.gradle\8.0\checksums)" [_thread_blocked, id=7240, stack(0x000000121d400000,0x000000121d500000)]
  0x0000014218cb2490 JavaThread "Cache worker for cache directory md-rule (C:\Users\HP\.gradle\caches\8.0\md-rule)" [_thread_blocked, id=17632, stack(0x000000121d500000,0x000000121d600000)]
  0x0000014218cb02e0 JavaThread "Cache worker for file content cache (C:\Users\HP\.gradle\caches\8.0\fileContent)" [_thread_blocked, id=13672, stack(0x000000121d600000,0x000000121d700000)]
  0x0000014218cb1150 JavaThread "Cache worker for file hash cache (C:\Users\HP\StudioProjects\Practice\.gradle\8.0\fileHashes)" [_thread_blocked, id=10868, stack(0x000000121d700000,0x000000121d800000)]
  0x0000014218cb1620 JavaThread "Cache worker for cache directory md-supplier (C:\Users\HP\.gradle\caches\8.0\md-supplier)" [_thread_blocked, id=16804, stack(0x000000121d800000,0x000000121d900000)]
  0x0000014218caf940 JavaThread "Cache worker for execution history cache (C:\Users\HP\.gradle\caches\8.0\executionHistory)" [_thread_blocked, id=4144, stack(0x000000121d900000,0x000000121da00000)]
  0x0000014218caf470 JavaThread "jar transforms" [_thread_blocked, id=14432, stack(0x000000121da00000,0x000000121db00000)]
  0x0000014218cb07b0 JavaThread "jar transforms Thread 2" [_thread_blocked, id=15820, stack(0x000000121db00000,0x000000121dc00000)]
  0x0000014216f01690 JavaThread "C2 CompilerThread2" daemon [_thread_blocked, id=4860, stack(0x000000121dc00000,0x000000121dd00000)]
  0x00000142195e6f50 JavaThread "jar transforms Thread 3" [_thread_blocked, id=12500, stack(0x000000121dd00000,0x000000121de00000)]
  0x00000142195e78f0 JavaThread "jar transforms Thread 4" [_thread_blocked, id=18940, stack(0x000000121de00000,0x000000121df00000)]
  0x00000142195e6a80 JavaThread "Cache worker for dependencies-accessors (C:\Users\HP\StudioProjects\Practice\.gradle\8.0\dependencies-accessors)" [_thread_blocked, id=14488, stack(0x000000121df00000,0x000000121e000000)]
  0x00000142195e7420 JavaThread "jar transforms Thread 5" [_thread_blocked, id=3916, stack(0x000000121e000000,0x000000121e100000)]
  0x00000142195e60e0 JavaThread "Cache worker for Build Output Cleanup Cache (C:\Users\HP\StudioProjects\Practice\.gradle\buildOutputCleanup)" [_thread_blocked, id=5488, stack(0x000000121e100000,0x000000121e200000)]
  0x00000142195e8760 JavaThread "Unconstrained build operations" [_thread_blocked, id=13112, stack(0x000000121e200000,0x000000121e300000)]
  0x00000142195ec120 JavaThread "Unconstrained build operations Thread 2" [_thread_blocked, id=15284, stack(0x000000121e300000,0x000000121e400000)]
  0x00000142195e9f70 JavaThread "Unconstrained build operations Thread 3" [_thread_blocked, id=12436, stack(0x000000121e400000,0x000000121e500000)]
  0x00000142195e5c10 JavaThread "Unconstrained build operations Thread 4" [_thread_blocked, id=8068, stack(0x000000121e500000,0x000000121e600000)]
  0x00000142195e65b0 JavaThread "Unconstrained build operations Thread 5" [_thread_blocked, id=20196, stack(0x000000121e600000,0x000000121e700000)]
  0x00000142195e7dc0 JavaThread "Unconstrained build operations Thread 6" [_thread_blocked, id=13104, stack(0x000000121e700000,0x000000121e800000)]
  0x00000142195e8290 JavaThread "Unconstrained build operations Thread 7" [_thread_blocked, id=20012, stack(0x000000121e800000,0x000000121e900000)]
  0x00000142195e8c30 JavaThread "Unconstrained build operations Thread 8" [_thread_blocked, id=13816, stack(0x000000121e900000,0x000000121ea00000)]
  0x00000142195e9100 JavaThread "Unconstrained build operations Thread 9" [_thread_blocked, id=19264, stack(0x000000121ea00000,0x000000121eb00000)]
  0x00000142195e95d0 JavaThread "Unconstrained build operations Thread 10" [_thread_blocked, id=11796, stack(0x000000121eb00000,0x000000121ec00000)]
  0x00000142195e9aa0 JavaThread "Unconstrained build operations Thread 11" [_thread_blocked, id=14148, stack(0x000000121ec00000,0x000000121ed00000)]
  0x00000142195ea440 JavaThread "Unconstrained build operations Thread 12" [_thread_blocked, id=8044, stack(0x000000121ed00000,0x000000121ee00000)]
  0x00000142195eade0 JavaThread "Unconstrained build operations Thread 13" [_thread_blocked, id=5052, stack(0x000000121ee00000,0x000000121ef00000)]
  0x00000142195eb780 JavaThread "Unconstrained build operations Thread 14" [_thread_blocked, id=1104, stack(0x000000121ef00000,0x000000121f000000)]
  0x00000142195ebc50 JavaThread "Unconstrained build operations Thread 15" [_thread_blocked, id=19292, stack(0x000000121f000000,0x000000121f100000)]
  0x00000142195e48d0 JavaThread "Unconstrained build operations Thread 16" [_thread_blocked, id=13688, stack(0x000000121f100000,0x000000121f200000)]
  0x00000142195e4da0 JavaThread "Unconstrained build operations Thread 17" [_thread_blocked, id=3336, stack(0x000000121f200000,0x000000121f300000)]
  0x00000142195e5270 JavaThread "Unconstrained build operations Thread 18" [_thread_blocked, id=20468, stack(0x000000121f300000,0x000000121f400000)]
  0x000001421b65c660 JavaThread "Unconstrained build operations Thread 19" [_thread_blocked, id=12880, stack(0x000000121f400000,0x000000121f500000)]
  0x000001421b65ae50 JavaThread "Unconstrained build operations Thread 20" [_thread_blocked, id=5492, stack(0x000000121f500000,0x000000121f600000)]
  0x000001421b659170 JavaThread "Unconstrained build operations Thread 21" [_thread_blocked, id=17356, stack(0x000000121f600000,0x000000121f700000)]
  0x000001421b65a980 JavaThread "Unconstrained build operations Thread 22" [_thread_blocked, id=11856, stack(0x000000121f700000,0x000000121f800000)]
  0x000001421b659640 JavaThread "Unconstrained build operations Thread 23" [_thread_blocked, id=8552, stack(0x000000121f800000,0x000000121f900000)]
  0x000001421b65f680 JavaThread "Unconstrained build operations Thread 24" [_thread_blocked, id=13180, stack(0x000000121f900000,0x000000121fa00000)]
  0x000001421b659b10 JavaThread "Unconstrained build operations Thread 25" [_thread_blocked, id=5540, stack(0x000000121fa00000,0x000000121fb00000)]
  0x000001421b65c190 JavaThread "Unconstrained build operations Thread 26" [_thread_blocked, id=15476, stack(0x000000121fb00000,0x000000121fc00000)]
  0x000001421b65d4d0 JavaThread "Unconstrained build operations Thread 27" [_thread_blocked, id=14268, stack(0x000000121fc00000,0x000000121fd00000)]
  0x000001421b65cb30 JavaThread "Unconstrained build operations Thread 28" [_thread_blocked, id=164, stack(0x000000121fd00000,0x000000121fe00000)]
  0x000001421b65e340 JavaThread "Unconstrained build operations Thread 29" [_thread_blocked, id=15776, stack(0x000000121fe00000,0x000000121ff00000)]
  0x000001421b65e810 JavaThread "Unconstrained build operations Thread 30" [_thread_blocked, id=8620, stack(0x000000121ff00000,0x0000001220000000)]
  0x000001421b6587d0 JavaThread "Unconstrained build operations Thread 31" [_thread_blocked, id=10928, stack(0x0000001220000000,0x0000001220100000)]
  0x000001421b65ece0 JavaThread "Unconstrained build operations Thread 32" [_thread_blocked, id=12212, stack(0x0000001220100000,0x0000001220200000)]
  0x000001421b65de70 JavaThread "Unconstrained build operations Thread 33" [_thread_blocked, id=10060, stack(0x0000001220200000,0x0000001220300000)]
  0x000001421b65d000 JavaThread "Unconstrained build operations Thread 34" [_thread_blocked, id=19808, stack(0x0000001220300000,0x0000001220400000)]
  0x000001421b658ca0 JavaThread "Unconstrained build operations Thread 35" [_thread_blocked, id=19760, stack(0x0000001220400000,0x0000001220500000)]
  0x000001421b659fe0 JavaThread "Unconstrained build operations Thread 36" [_thread_blocked, id=4940, stack(0x0000001220500000,0x0000001220600000)]
  0x000001421b65a4b0 JavaThread "Unconstrained build operations Thread 37" [_thread_blocked, id=14872, stack(0x0000001220600000,0x0000001220700000)]
  0x000001421b65b320 JavaThread "Unconstrained build operations Thread 38" [_thread_blocked, id=13284, stack(0x0000001220700000,0x0000001220800000)]
  0x000001421b660020 JavaThread "Unconstrained build operations Thread 39" [_thread_blocked, id=17708, stack(0x0000001220800000,0x0000001220900000)]
  0x000001421b65d9a0 JavaThread "Unconstrained build operations Thread 40" [_thread_blocked, id=6484, stack(0x0000001220900000,0x0000001220a00000)]
  0x000001421b65b7f0 JavaThread "Unconstrained build operations Thread 41" [_thread_blocked, id=16728, stack(0x0000001220a00000,0x0000001220b00000)]
  0x000001421b65bcc0 JavaThread "Unconstrained build operations Thread 42" [_thread_blocked, id=9364, stack(0x0000001220b00000,0x0000001220c00000)]
  0x000001421b65f1b0 JavaThread "Unconstrained build operations Thread 43" [_thread_blocked, id=17080, stack(0x0000001220c00000,0x0000001220d00000)]
  0x000001421b65fb50 JavaThread "Unconstrained build operations Thread 44" [_thread_blocked, id=16356, stack(0x0000001220d00000,0x0000001220e00000)]
  0x0000014218d4a9f0 JavaThread "Unconstrained build operations Thread 45" [_thread_blocked, id=20168, stack(0x0000001220e00000,0x0000001220f00000)]
  0x0000014218d4e3b0 JavaThread "Unconstrained build operations Thread 46" [_thread_blocked, id=8748, stack(0x0000001220f00000,0x0000001221000000)]
  0x0000014218d4e880 JavaThread "Unconstrained build operations Thread 47" [_thread_blocked, id=15732, stack(0x0000001221000000,0x0000001221100000)]
  0x0000014218d4cba0 JavaThread "Unconstrained build operations Thread 48" [_thread_blocked, id=3652, stack(0x0000001221100000,0x0000001221200000)]
  0x0000014218d4aec0 JavaThread "Unconstrained build operations Thread 49" [_thread_blocked, id=19788, stack(0x0000001221200000,0x0000001221300000)]
  0x0000014218d4b390 JavaThread "Unconstrained build operations Thread 50" [_thread_blocked, id=6804, stack(0x0000001221300000,0x0000001221400000)]
  0x0000014218d4b860 JavaThread "Unconstrained build operations Thread 51" [_thread_blocked, id=14748, stack(0x0000001221400000,0x0000001221500000)]
  0x0000014218d50a30 JavaThread "Unconstrained build operations Thread 52" [_thread_blocked, id=11528, stack(0x0000001221500000,0x0000001221600000)]
  0x0000014218d4d070 JavaThread "Unconstrained build operations Thread 53" [_thread_blocked, id=5672, stack(0x0000001221600000,0x0000001221700000)]
  0x0000014218d4a050 JavaThread "Unconstrained build operations Thread 54" [_thread_blocked, id=20228, stack(0x0000001221700000,0x0000001221800000)]
  0x0000014218d4a520 JavaThread "Unconstrained build operations Thread 55" [_thread_blocked, id=7484, stack(0x0000001221800000,0x0000001221900000)]
  0x0000014218d4bd30 JavaThread "Unconstrained build operations Thread 56" [_thread_blocked, id=5596, stack(0x0000001221900000,0x0000001221a00000)]
  0x0000014218d49b80 JavaThread "Unconstrained build operations Thread 57" [_thread_blocked, id=3864, stack(0x0000001221a00000,0x0000001221b00000)]
  0x0000014218d496b0 JavaThread "Unconstrained build operations Thread 58" [_thread_blocked, id=14168, stack(0x0000001221b00000,0x0000001221c00000)]
  0x0000014218d4dee0 JavaThread "Unconstrained build operations Thread 59" [_thread_blocked, id=18332, stack(0x0000001221c00000,0x0000001221d00000)]
  0x0000014218d50560 JavaThread "Unconstrained build operations Thread 60" [_thread_blocked, id=17412, stack(0x0000001221d00000,0x0000001221e00000)]
  0x0000014218d50090 JavaThread "Unconstrained build operations Thread 61" [_thread_blocked, id=11384, stack(0x0000001221e00000,0x0000001221f00000)]
  0x0000014218d4c200 JavaThread "Unconstrained build operations Thread 62" [_thread_blocked, id=3572, stack(0x0000001221f00000,0x0000001222000000)]
  0x0000014218d4d540 JavaThread "Unconstrained build operations Thread 63" [_thread_blocked, id=16920, stack(0x0000001222000000,0x0000001222100000)]
  0x0000014218d4ed50 JavaThread "Unconstrained build operations Thread 64" [_thread_blocked, id=4276, stack(0x0000001222100000,0x0000001222200000)]
  0x0000014218d4da10 JavaThread "Unconstrained build operations Thread 65" [_thread_blocked, id=16992, stack(0x0000001222200000,0x0000001222300000)]
  0x0000014218d4c6d0 JavaThread "Unconstrained build operations Thread 66" [_thread_blocked, id=8208, stack(0x0000001222300000,0x0000001222400000)]
  0x0000014218d4f220 JavaThread "Unconstrained build operations Thread 67" [_thread_blocked, id=19832, stack(0x0000001222400000,0x0000001222500000)]
  0x0000014218d4f6f0 JavaThread "Unconstrained build operations Thread 68" [_thread_blocked, id=4180, stack(0x0000001222500000,0x0000001222600000)]
  0x0000014218d4fbc0 JavaThread "Unconstrained build operations Thread 69" [_thread_blocked, id=740, stack(0x0000001222600000,0x0000001222700000)]
  0x0000014218d491e0 JavaThread "Unconstrained build operations Thread 70" [_thread_blocked, id=12540, stack(0x0000001222700000,0x0000001222800000)]
  0x00000142195c7e60 JavaThread "Unconstrained build operations Thread 71" [_thread_blocked, id=4656, stack(0x0000001222800000,0x0000001222900000)]
  0x00000142195cc1c0 JavaThread "Unconstrained build operations Thread 72" [_thread_blocked, id=6116, stack(0x0000001222900000,0x0000001222a00000)]
  0x00000142195c91a0 JavaThread "Unconstrained build operations Thread 73" [_thread_blocked, id=14136, stack(0x0000001222a00000,0x0000001222b00000)]
  0x00000142195c9670 JavaThread "Unconstrained build operations Thread 74" [_thread_blocked, id=20452, stack(0x0000001222b00000,0x0000001222c00000)]
  0x00000142195ca4e0 JavaThread "Unconstrained build operations Thread 75" [_thread_blocked, id=18856, stack(0x0000001222c00000,0x0000001222d00000)]
  0x00000142195ca9b0 JavaThread "Unconstrained build operations Thread 76" [_thread_blocked, id=3760, stack(0x0000001222d00000,0x0000001222e00000)]
  0x00000142195c9b40 JavaThread "Unconstrained build operations Thread 77" [_thread_blocked, id=20376, stack(0x0000001222e00000,0x0000001222f00000)]
  0x00000142195c8800 JavaThread "Unconstrained build operations Thread 78" [_thread_blocked, id=15408, stack(0x0000001222f00000,0x0000001223000000)]
  0x00000142195c7990 JavaThread "Unconstrained build operations Thread 79" [_thread_blocked, id=8880, stack(0x0000001223000000,0x0000001223100000)]
  0x00000142195ca010 JavaThread "Unconstrained build operations Thread 80" [_thread_blocked, id=2280, stack(0x0000001223100000,0x0000001223200000)]
  0x00000142195c8cd0 JavaThread "jar transforms Thread 6" [_thread_blocked, id=13656, stack(0x0000001223200000,0x0000001223300000)]
  0x00000142195cbcf0 JavaThread "jar transforms Thread 7" [_thread_blocked, id=7084, stack(0x0000001223300000,0x0000001223400000)]
  0x00000142195cc690 JavaThread "jar transforms Thread 8" [_thread_blocked, id=19184, stack(0x0000001223400000,0x0000001223500000)]
  0x00000142195cae80 JavaThread "build event listener" [_thread_blocked, id=14816, stack(0x0000001223500000,0x0000001223600000)]
  0x00000142195cb350 JavaThread "Memory manager" [_thread_blocked, id=15152, stack(0x0000001223600000,0x0000001223700000)]
  0x00000142195c6650 JavaThread "included builds" [_thread_blocked, id=14204, stack(0x0000001223700000,0x0000001223800000)]
  0x00000142195cd500 JavaThread "Execution worker" [_thread_blocked, id=9560, stack(0x0000001223800000,0x0000001223900000)]
  0x00000142195c6180 JavaThread "Execution worker Thread 2" [_thread_blocked, id=7880, stack(0x0000001223900000,0x0000001223a00000)]
  0x00000142195c6b20 JavaThread "Execution worker Thread 3" [_thread_blocked, id=12428, stack(0x0000001223a00000,0x0000001223b00000)]
  0x00000142195ea910 JavaThread "Execution worker Thread 4" [_thread_blocked, id=2396, stack(0x0000001223b00000,0x0000001223c00000)]
  0x000001421cd67f70 JavaThread "Execution worker Thread 5" [_thread_blocked, id=14800, stack(0x0000001223c00000,0x0000001223d00000)]
  0x000001421cd68440 JavaThread "Execution worker Thread 6" [_thread_blocked, id=11624, stack(0x0000001223d00000,0x0000001223e00000)]
  0x000001421cd675d0 JavaThread "Execution worker Thread 7" [_thread_blocked, id=3756, stack(0x0000001223e00000,0x0000001223f00000)]
  0x000001421cd692b0 JavaThread "Cache worker for execution history cache (C:\Users\HP\StudioProjects\Practice\.gradle\8.0\executionHistory)" [_thread_blocked, id=5404, stack(0x0000001223f00000,0x0000001224000000)]

Other Threads:
=>0x000001427f915a00 VMThread "VM Thread" [stack: 0x000000121af00000,0x000000121b000000] [id=8084]
  0x000001427aaf7360 WatcherThread [stack: 0x000000121bb00000,0x000000121bc00000] [id=12152]
  0x000001427aac4430 GCTaskThread "GC Thread#0" [stack: 0x000000121aa00000,0x000000121ab00000] [id=18368]
  0x0000014216412550 GCTaskThread "GC Thread#1" [stack: 0x000000121be00000,0x000000121bf00000] [id=4200]
  0x0000014216412800 GCTaskThread "GC Thread#2" [stack: 0x000000121bf00000,0x000000121c000000] [id=10776]
  0x0000014216412ab0 GCTaskThread "GC Thread#3" [stack: 0x000000121c000000,0x000000121c100000] [id=20324]
  0x0000014216413170 GCTaskThread "GC Thread#4" [stack: 0x000000121c100000,0x000000121c200000] [id=8596]
  0x00000142162fe7f0 GCTaskThread "GC Thread#5" [stack: 0x000000121c200000,0x000000121c300000] [id=3520]
  0x0000014218624470 GCTaskThread "GC Thread#6" [stack: 0x000000121cc00000,0x000000121cd00000] [id=15172]
  0x0000014217b843d0 GCTaskThread "GC Thread#7" [stack: 0x000000121cd00000,0x000000121ce00000] [id=14704]
  0x000001427aad53d0 ConcurrentGCThread "G1 Main Marker" [stack: 0x000000121ab00000,0x000000121ac00000] [id=11640]
  0x000001427aad68f0 ConcurrentGCThread "G1 Conc#0" [stack: 0x000000121ac00000,0x000000121ad00000] [id=12928]
  0x000001421797f490 ConcurrentGCThread "G1 Conc#1" [stack: 0x000000121ce00000,0x000000121cf00000] [id=11448]
  0x000001427f7661e0 ConcurrentGCThread "G1 Refine#0" [stack: 0x000000121ad00000,0x000000121ae00000] [id=2880]
  0x000001427f7668b0 ConcurrentGCThread "G1 Service" [stack: 0x000000121ae00000,0x000000121af00000] [id=4828]

Threads with active compile tasks:
C2 CompilerThread0     7332 9175   !   4       com.google.common.collect.MapMakerInternalMap$Segment::put (298 bytes)
C1 CompilerThread0     7332 9350       3       org.gradle.internal.execution.impl.DefaultFileNormalizationSpec::hashCode (29 bytes)
C2 CompilerThread1     7332 9293       4       com.google.common.collect.ImmutableMap$Builder::<init> (23 bytes)
C2 CompilerThread2     7332 9176       4       com.google.common.collect.MapMakerInternalMap::putIfAbsent (29 bytes)

VM state: at safepoint (normal execution)

VM Mutex/Monitor currently owned by a thread:  ([mutex/lock_event])
[0x000001427886b4c0] Threads_lock - owner thread: 0x000001427f915a00
[0x000001427886a350] Heap_lock - owner thread: 0x000001421891c960

Heap address: 0x0000000080000000, size: 2048 MB, Compressed Oops mode: 32-bit

CDS archive(s) not mapped
Compressed class space mapped at: 0x0000000100000000-0x0000000140000000, reserved size: 1073741824
Narrow klass base: 0x0000000000000000, Narrow klass shift: 3, Narrow klass range: 0x140000000

GC Precious Log:
 CPUs: 8 total, 8 available
 Memory: 16064M
 Large Page Support: Disabled
 NUMA Support: Disabled
 Compressed Oops: Enabled (32-bit)
 Heap Region Size: 1M
 Heap Min Capacity: 8M
 Heap Initial Capacity: 252M
 Heap Max Capacity: 2G
 Pre-touch: Disabled
 Parallel Workers: 8
 Concurrent Workers: 2
 Concurrent Refinement Workers: 8
 Periodic GC: Disabled

Heap:
 garbage-first heap   total 138240K, used 79924K [0x0000000080000000, 0x0000000100000000)
  region size 1024K, 5 young (5120K), 5 survivors (5120K)
 Metaspace       used 84654K, committed 85312K, reserved 1130496K
  class space    used 11728K, committed 12032K, reserved 1048576K

Heap Regions: E=young(eden), S=young(survivor), O=old, HS=humongous(starts), HC=humongous(continues), CS=collection set, F=free, OA=open archive, CA=closed archive, TAMS=top-at-mark-start (previous, next)
|   0|0x0000000080000000, 0x0000000080100000, 0x0000000080100000|100%|HS|  |TAMS 0x0000000080100000, 0x0000000080100000| Complete 
|   1|0x0000000080100000, 0x0000000080200000, 0x0000000080200000|100%|HC|  |TAMS 0x0000000080200000, 0x0000000080200000| Complete 
|   2|0x0000000080200000, 0x0000000080300000, 0x0000000080300000|100%|HC|  |TAMS 0x0000000080300000, 0x0000000080300000| Complete 
|   3|0x0000000080300000, 0x0000000080400000, 0x0000000080400000|100%|HC|  |TAMS 0x0000000080400000, 0x0000000080400000| Complete 
|   4|0x0000000080400000, 0x0000000080500000, 0x0000000080500000|100%| O|  |TAMS 0x0000000080500000, 0x0000000080500000| Untracked 
|   5|0x0000000080500000, 0x0000000080600000, 0x0000000080600000|100%| O|  |TAMS 0x0000000080600000, 0x0000000080600000| Untracked 
|   6|0x0000000080600000, 0x0000000080700000, 0x0000000080700000|100%| O|  |TAMS 0x0000000080700000, 0x0000000080700000| Untracked 
|   7|0x0000000080700000, 0x0000000080800000, 0x0000000080800000|100%| O|  |TAMS 0x0000000080800000, 0x0000000080800000| Untracked 
|   8|0x0000000080800000, 0x0000000080900000, 0x0000000080900000|100%| O|  |TAMS 0x0000000080900000, 0x0000000080900000| Untracked 
|   9|0x0000000080900000, 0x0000000080a00000, 0x0000000080a00000|100%| O|  |TAMS 0x0000000080a00000, 0x0000000080a00000| Untracked 
|  10|0x0000000080a00000, 0x0000000080b00000, 0x0000000080b00000|100%| O|  |TAMS 0x0000000080b00000, 0x0000000080b00000| Untracked 
|  11|0x0000000080b00000, 0x0000000080c00000, 0x0000000080c00000|100%| O|  |TAMS 0x0000000080c00000, 0x0000000080c00000| Untracked 
|  12|0x0000000080c00000, 0x0000000080d00000, 0x0000000080d00000|100%| O|  |TAMS 0x0000000080d00000, 0x0000000080d00000| Untracked 
|  13|0x0000000080d00000, 0x0000000080e00000, 0x0000000080e00000|100%| O|  |TAMS 0x0000000080e00000, 0x0000000080e00000| Untracked 
|  14|0x0000000080e00000, 0x0000000080f00000, 0x0000000080f00000|100%| O|  |TAMS 0x0000000080f00000, 0x0000000080f00000| Untracked 
|  15|0x0000000080f00000, 0x0000000081000000, 0x0000000081000000|100%| O|  |TAMS 0x0000000081000000, 0x0000000081000000| Untracked 
|  16|0x0000000081000000, 0x0000000081100000, 0x0000000081100000|100%| O|  |TAMS 0x0000000081100000, 0x0000000081100000| Untracked 
|  17|0x0000000081100000, 0x0000000081200000, 0x0000000081200000|100%| O|  |TAMS 0x0000000081200000, 0x0000000081200000| Untracked 
|  18|0x0000000081200000, 0x0000000081300000, 0x0000000081300000|100%| O|  |TAMS 0x0000000081300000, 0x0000000081300000| Untracked 
|  19|0x0000000081300000, 0x0000000081400000, 0x0000000081400000|100%| O|  |TAMS 0x0000000081400000, 0x0000000081400000| Untracked 
|  20|0x0000000081400000, 0x0000000081500000, 0x0000000081500000|100%| O|  |TAMS 0x0000000081500000, 0x0000000081500000| Untracked 
|  21|0x0000000081500000, 0x0000000081600000, 0x0000000081600000|100%| O|  |TAMS 0x0000000081600000, 0x0000000081600000| Untracked 
|  22|0x0000000081600000, 0x0000000081700000, 0x0000000081700000|100%| O|  |TAMS 0x0000000081700000, 0x0000000081700000| Untracked 
|  23|0x0000000081700000, 0x0000000081800000, 0x0000000081800000|100%| O|  |TAMS 0x0000000081800000, 0x0000000081800000| Untracked 
|  24|0x0000000081800000, 0x0000000081900000, 0x0000000081900000|100%| O|  |TAMS 0x0000000081900000, 0x0000000081900000| Untracked 
|  25|0x0000000081900000, 0x0000000081a00000, 0x0000000081a00000|100%| O|  |TAMS 0x0000000081a00000, 0x0000000081a00000| Untracked 
|  26|0x0000000081a00000, 0x0000000081b00000, 0x0000000081b00000|100%| O|  |TAMS 0x0000000081b00000, 0x0000000081b00000| Untracked 
|  27|0x0000000081b00000, 0x0000000081c00000, 0x0000000081c00000|100%| O|  |TAMS 0x0000000081c00000, 0x0000000081c00000| Untracked 
|  28|0x0000000081c00000, 0x0000000081d00000, 0x0000000081d00000|100%| O|  |TAMS 0x0000000081d00000, 0x0000000081d00000| Untracked 
|  29|0x0000000081d00000, 0x0000000081e00000, 0x0000000081e00000|100%| O|  |TAMS 0x0000000081e00000, 0x0000000081e00000| Untracked 
|  30|0x0000000081e00000, 0x0000000081f00000, 0x0000000081f00000|100%| O|  |TAMS 0x0000000081f00000, 0x0000000081f00000| Untracked 
|  31|0x0000000081f00000, 0x0000000082000000, 0x0000000082000000|100%| O|  |TAMS 0x0000000082000000, 0x0000000082000000| Untracked 
|  32|0x0000000082000000, 0x0000000082100000, 0x0000000082100000|100%|HS|  |TAMS 0x0000000082100000, 0x0000000082100000| Complete 
|  33|0x0000000082100000, 0x0000000082200000, 0x0000000082200000|100%|HS|  |TAMS 0x0000000082200000, 0x0000000082200000| Complete 
|  34|0x0000000082200000, 0x0000000082300000, 0x0000000082300000|100%| O|  |TAMS 0x0000000082300000, 0x0000000082300000| Untracked 
|  35|0x0000000082300000, 0x0000000082400000, 0x0000000082400000|100%| O|  |TAMS 0x0000000082400000, 0x0000000082400000| Untracked 
|  36|0x0000000082400000, 0x0000000082500000, 0x0000000082500000|100%| O|  |TAMS 0x0000000082500000, 0x0000000082500000| Untracked 
|  37|0x0000000082500000, 0x0000000082600000, 0x0000000082600000|100%| O|  |TAMS 0x0000000082600000, 0x0000000082600000| Untracked 
|  38|0x0000000082600000, 0x0000000082700000, 0x0000000082700000|100%| O|  |TAMS 0x0000000082700000, 0x0000000082700000| Untracked 
|  39|0x0000000082700000, 0x0000000082800000, 0x0000000082800000|100%| O|  |TAMS 0x0000000082800000, 0x0000000082800000| Untracked 
|  40|0x0000000082800000, 0x0000000082900000, 0x0000000082900000|100%| O|  |TAMS 0x0000000082900000, 0x0000000082900000| Untracked 
|  41|0x0000000082900000, 0x0000000082a00000, 0x0000000082a00000|100%| O|  |TAMS 0x0000000082a00000, 0x0000000082a00000| Untracked 
|  42|0x0000000082a00000, 0x0000000082b00000, 0x0000000082b00000|100%| O|  |TAMS 0x0000000082b00000, 0x0000000082b00000| Untracked 
|  43|0x0000000082b00000, 0x0000000082c00000, 0x0000000082c00000|100%| O|  |TAMS 0x0000000082c00000, 0x0000000082c00000| Untracked 
|  44|0x0000000082c00000, 0x0000000082d00000, 0x0000000082d00000|100%| O|  |TAMS 0x0000000082cbc000, 0x0000000082d00000| Untracked 
|  45|0x0000000082d00000, 0x0000000082e00000, 0x0000000082e00000|100%| O|  |TAMS 0x0000000082d00000, 0x0000000082e00000| Untracked 
|  46|0x0000000082e00000, 0x0000000082f00000, 0x0000000082f00000|100%| O|  |TAMS 0x0000000082e00000, 0x0000000082f00000| Untracked 
|  47|0x0000000082f00000, 0x0000000083000000, 0x0000000083000000|100%| O|  |TAMS 0x0000000082f00000, 0x0000000083000000| Untracked 
|  48|0x0000000083000000, 0x0000000083100000, 0x0000000083100000|100%| O|  |TAMS 0x0000000083000000, 0x0000000083100000| Untracked 
|  49|0x0000000083100000, 0x0000000083200000, 0x0000000083200000|100%| O|  |TAMS 0x0000000083100000, 0x0000000083200000| Untracked 
|  50|0x0000000083200000, 0x0000000083300000, 0x0000000083300000|100%| O|  |TAMS 0x0000000083200000, 0x0000000083300000| Untracked 
|  51|0x0000000083300000, 0x0000000083400000, 0x0000000083400000|100%| O|  |TAMS 0x0000000083300000, 0x0000000083400000| Untracked 
|  52|0x0000000083400000, 0x0000000083500000, 0x0000000083500000|100%| O|  |TAMS 0x0000000083400000, 0x0000000083500000| Untracked 
|  53|0x0000000083500000, 0x0000000083600000, 0x0000000083600000|100%| O|  |TAMS 0x0000000083500000, 0x0000000083600000| Untracked 
|  54|0x0000000083600000, 0x0000000083700000, 0x0000000083700000|100%| O|  |TAMS 0x0000000083600000, 0x0000000083700000| Untracked 
|  55|0x0000000083700000, 0x0000000083800000, 0x0000000083800000|100%| O|  |TAMS 0x0000000083700000, 0x0000000083800000| Untracked 
|  56|0x0000000083800000, 0x0000000083900000, 0x0000000083900000|100%| O|  |TAMS 0x0000000083800000, 0x0000000083900000| Untracked 
|  57|0x0000000083900000, 0x0000000083a00000, 0x0000000083a00000|100%| O|  |TAMS 0x0000000083900000, 0x0000000083a00000| Untracked 
|  58|0x0000000083a00000, 0x0000000083b00000, 0x0000000083b00000|100%| O|  |TAMS 0x0000000083a00000, 0x0000000083b00000| Untracked 
|  59|0x0000000083b00000, 0x0000000083c00000, 0x0000000083c00000|100%| O|  |TAMS 0x0000000083b00000, 0x0000000083c00000| Untracked 
|  60|0x0000000083c00000, 0x0000000083d00000, 0x0000000083d00000|100%| O|  |TAMS 0x0000000083c00000, 0x0000000083d00000| Untracked 
|  61|0x0000000083d00000, 0x0000000083e00000, 0x0000000083e00000|100%| O|  |TAMS 0x0000000083d00000, 0x0000000083e00000| Untracked 
|  62|0x0000000083e00000, 0x0000000083f00000, 0x0000000083f00000|100%| O|  |TAMS 0x0000000083e00000, 0x0000000083f00000| Untracked 
|  63|0x0000000083f00000, 0x0000000084000000, 0x0000000084000000|100%| O|  |TAMS 0x0000000083f00000, 0x0000000084000000| Untracked 
|  64|0x0000000084000000, 0x0000000084100000, 0x0000000084100000|100%| O|  |TAMS 0x0000000084000000, 0x0000000084100000| Untracked 
|  65|0x0000000084100000, 0x0000000084200000, 0x0000000084200000|100%| O|  |TAMS 0x0000000084100000, 0x0000000084200000| Untracked 
|  66|0x0000000084200000, 0x0000000084300000, 0x0000000084300000|100%| O|  |TAMS 0x0000000084200000, 0x0000000084300000| Untracked 
|  67|0x0000000084300000, 0x0000000084400000, 0x0000000084400000|100%| O|  |TAMS 0x0000000084300000, 0x0000000084300000| Untracked 
|  68|0x0000000084400000, 0x0000000084500000, 0x0000000084500000|100%| O|  |TAMS 0x0000000084400000, 0x0000000084400000| Untracked 
|  69|0x0000000084500000, 0x0000000084600000, 0x0000000084600000|100%| O|  |TAMS 0x0000000084500000, 0x0000000084500000| Untracked 
|  70|0x0000000084600000, 0x0000000084700000, 0x0000000084700000|100%| O|  |TAMS 0x0000000084600000, 0x0000000084600000| Untracked 
|  71|0x0000000084700000, 0x0000000084800000, 0x0000000084800000|100%| O|  |TAMS 0x0000000084700000, 0x0000000084700000| Untracked 
|  72|0x0000000084800000, 0x0000000084900000, 0x0000000084900000|100%| O|  |TAMS 0x0000000084800000, 0x0000000084800000| Untracked 
|  73|0x0000000084900000, 0x0000000084999000, 0x0000000084a00000| 59%| O|  |TAMS 0x0000000084900000, 0x0000000084900000| Untracked 
|  74|0x0000000084a00000, 0x0000000084a00000, 0x0000000084b00000|  0%| F|  |TAMS 0x0000000084a00000, 0x0000000084a00000| Untracked 
|  75|0x0000000084b00000, 0x0000000084b00000, 0x0000000084c00000|  0%| F|  |TAMS 0x0000000084b00000, 0x0000000084b00000| Untracked 
|  76|0x0000000084c00000, 0x0000000084c00000, 0x0000000084d00000|  0%| F|  |TAMS 0x0000000084c00000, 0x0000000084c00000| Untracked 
|  77|0x0000000084d00000, 0x0000000084d00000, 0x0000000084e00000|  0%| F|  |TAMS 0x0000000084d00000, 0x0000000084d00000| Untracked 
|  78|0x0000000084e00000, 0x0000000084e00000, 0x0000000084f00000|  0%| F|  |TAMS 0x0000000084e00000, 0x0000000084e00000| Untracked 
|  79|0x0000000084f00000, 0x0000000084f00000, 0x0000000085000000|  0%| F|  |TAMS 0x0000000084f00000, 0x0000000084f00000| Untracked 
|  80|0x0000000085000000, 0x0000000085000000, 0x0000000085100000|  0%| F|  |TAMS 0x0000000085000000, 0x0000000085000000| Untracked 
|  81|0x0000000085100000, 0x0000000085100000, 0x0000000085200000|  0%| F|  |TAMS 0x0000000085100000, 0x0000000085100000| Untracked 
|  82|0x0000000085200000, 0x0000000085200000, 0x0000000085300000|  0%| F|  |TAMS 0x0000000085200000, 0x0000000085200000| Untracked 
|  83|0x0000000085300000, 0x0000000085300000, 0x0000000085400000|  0%| F|  |TAMS 0x0000000085300000, 0x0000000085300000| Untracked 
|  84|0x0000000085400000, 0x0000000085400000, 0x0000000085500000|  0%| F|  |TAMS 0x0000000085400000, 0x0000000085400000| Untracked 
|  85|0x0000000085500000, 0x0000000085500000, 0x0000000085600000|  0%| F|  |TAMS 0x0000000085500000, 0x0000000085500000| Untracked 
|  86|0x0000000085600000, 0x0000000085600000, 0x0000000085700000|  0%| F|  |TAMS 0x0000000085600000, 0x0000000085600000| Untracked 
|  87|0x0000000085700000, 0x0000000085700000, 0x0000000085800000|  0%| F|  |TAMS 0x0000000085700000, 0x0000000085700000| Untracked 
|  88|0x0000000085800000, 0x0000000085800000, 0x0000000085900000|  0%| F|  |TAMS 0x0000000085800000, 0x0000000085800000| Untracked 
|  89|0x0000000085900000, 0x0000000085900000, 0x0000000085a00000|  0%| F|  |TAMS 0x0000000085900000, 0x0000000085900000| Untracked 
|  90|0x0000000085a00000, 0x0000000085a00000, 0x0000000085b00000|  0%| F|  |TAMS 0x0000000085a00000, 0x0000000085a00000| Untracked 
|  91|0x0000000085b00000, 0x0000000085b00000, 0x0000000085c00000|  0%| F|  |TAMS 0x0000000085b00000, 0x0000000085b00000| Untracked 
|  92|0x0000000085c00000, 0x0000000085c00000, 0x0000000085d00000|  0%| F|  |TAMS 0x0000000085c00000, 0x0000000085c00000| Untracked 
|  93|0x0000000085d00000, 0x0000000085d00000, 0x0000000085e00000|  0%| F|  |TAMS 0x0000000085d00000, 0x0000000085d00000| Untracked 
|  94|0x0000000085e00000, 0x0000000085e00000, 0x0000000085f00000|  0%| F|  |TAMS 0x0000000085e00000, 0x0000000085e00000| Untracked 
|  95|0x0000000085f00000, 0x0000000085f74310, 0x0000000086000000| 45%| S|CS|TAMS 0x0000000085f00000, 0x0000000085f00000| Complete 
|  96|0x0000000086000000, 0x0000000086100000, 0x0000000086100000|100%| S|CS|TAMS 0x0000000086000000, 0x0000000086000000| Complete 
|  97|0x0000000086100000, 0x0000000086200000, 0x0000000086200000|100%| S|CS|TAMS 0x0000000086100000, 0x0000000086100000| Complete 
|  98|0x0000000086200000, 0x0000000086300000, 0x0000000086300000|100%| S|CS|TAMS 0x0000000086200000, 0x0000000086200000| Complete 
|  99|0x0000000086300000, 0x0000000086400000, 0x0000000086400000|100%| S|CS|TAMS 0x0000000086300000, 0x0000000086300000| Complete 
| 100|0x0000000086400000, 0x0000000086400000, 0x0000000086500000|  0%| F|  |TAMS 0x0000000086400000, 0x0000000086400000| Untracked 
| 101|0x0000000086500000, 0x0000000086500000, 0x0000000086600000|  0%| F|  |TAMS 0x0000000086500000, 0x0000000086500000| Untracked 
| 102|0x0000000086600000, 0x0000000086600000, 0x0000000086700000|  0%| F|  |TAMS 0x0000000086600000, 0x0000000086600000| Untracked 
| 103|0x0000000086700000, 0x0000000086700000, 0x0000000086800000|  0%| F|  |TAMS 0x0000000086700000, 0x0000000086700000| Untracked 
| 104|0x0000000086800000, 0x0000000086800000, 0x0000000086900000|  0%| F|  |TAMS 0x0000000086800000, 0x0000000086800000| Untracked 
| 105|0x0000000086900000, 0x0000000086900000, 0x0000000086a00000|  0%| F|  |TAMS 0x0000000086900000, 0x0000000086900000| Untracked 
| 106|0x0000000086a00000, 0x0000000086a00000, 0x0000000086b00000|  0%| F|  |TAMS 0x0000000086a00000, 0x0000000086a00000| Untracked 
| 107|0x0000000086b00000, 0x0000000086b00000, 0x0000000086c00000|  0%| F|  |TAMS 0x0000000086b00000, 0x0000000086b00000| Untracked 
| 108|0x0000000086c00000, 0x0000000086c00000, 0x0000000086d00000|  0%| F|  |TAMS 0x0000000086c00000, 0x0000000086c00000| Untracked 
| 109|0x0000000086d00000, 0x0000000086d00000, 0x0000000086e00000|  0%| F|  |TAMS 0x0000000086d00000, 0x0000000086d00000| Untracked 
| 110|0x0000000086e00000, 0x0000000086e00000, 0x0000000086f00000|  0%| F|  |TAMS 0x0000000086e00000, 0x0000000086e00000| Untracked 
| 111|0x0000000086f00000, 0x0000000086f00000, 0x0000000087000000|  0%| F|  |TAMS 0x0000000086f00000, 0x0000000086f00000| Untracked 
| 112|0x0000000087000000, 0x0000000087000000, 0x0000000087100000|  0%| F|  |TAMS 0x0000000087000000, 0x0000000087000000| Untracked 
| 113|0x0000000087100000, 0x0000000087100000, 0x0000000087200000|  0%| F|  |TAMS 0x0000000087100000, 0x0000000087100000| Untracked 
| 114|0x0000000087200000, 0x0000000087200000, 0x0000000087300000|  0%| F|  |TAMS 0x0000000087200000, 0x0000000087200000| Untracked 
| 115|0x0000000087300000, 0x0000000087300000, 0x0000000087400000|  0%| F|  |TAMS 0x0000000087300000, 0x0000000087300000| Untracked 
| 116|0x0000000087400000, 0x0000000087400000, 0x0000000087500000|  0%| F|  |TAMS 0x0000000087400000, 0x0000000087400000| Untracked 
| 117|0x0000000087500000, 0x0000000087500000, 0x0000000087600000|  0%| F|  |TAMS 0x0000000087500000, 0x0000000087500000| Untracked 
| 118|0x0000000087600000, 0x0000000087600000, 0x0000000087700000|  0%| F|  |TAMS 0x0000000087600000, 0x0000000087600000| Untracked 
| 119|0x0000000087700000, 0x0000000087700000, 0x0000000087800000|  0%| F|  |TAMS 0x0000000087700000, 0x0000000087700000| Untracked 
| 120|0x0000000087800000, 0x0000000087800000, 0x0000000087900000|  0%| F|  |TAMS 0x0000000087800000, 0x0000000087800000| Untracked 
| 121|0x0000000087900000, 0x0000000087900000, 0x0000000087a00000|  0%| F|  |TAMS 0x0000000087900000, 0x0000000087900000| Untracked 
| 122|0x0000000087a00000, 0x0000000087a00000, 0x0000000087b00000|  0%| F|  |TAMS 0x0000000087a00000, 0x0000000087a00000| Untracked 
| 123|0x0000000087b00000, 0x0000000087b00000, 0x0000000087c00000|  0%| F|  |TAMS 0x0000000087b00000, 0x0000000087b00000| Untracked 
| 124|0x0000000087c00000, 0x0000000087c00000, 0x0000000087d00000|  0%| F|  |TAMS 0x0000000087c00000, 0x0000000087c00000| Untracked 
| 125|0x0000000087d00000, 0x0000000087d00000, 0x0000000087e00000|  0%| F|  |TAMS 0x0000000087d00000, 0x0000000087d00000| Untracked 
| 204|0x000000008cc00000, 0x000000008cc00000, 0x000000008cd00000|  0%| F|  |TAMS 0x000000008cc00000, 0x000000008cc00000| Untracked 
| 205|0x000000008cd00000, 0x000000008cd00000, 0x000000008ce00000|  0%| F|  |TAMS 0x000000008cd00000, 0x000000008cd00000| Untracked 
| 206|0x000000008ce00000, 0x000000008ce00000, 0x000000008cf00000|  0%| F|  |TAMS 0x000000008ce00000, 0x000000008ce00000| Untracked 
| 207|0x000000008cf00000, 0x000000008cf00000, 0x000000008d000000|  0%| F|  |TAMS 0x000000008cf00000, 0x000000008cf00000| Untracked 
| 208|0x000000008d000000, 0x000000008d000000, 0x000000008d100000|  0%| F|  |TAMS 0x000000008d000000, 0x000000008d000000| Untracked 
| 209|0x000000008d100000, 0x000000008d100000, 0x000000008d200000|  0%| F|  |TAMS 0x000000008d100000, 0x000000008d100000| Untracked 
| 210|0x000000008d200000, 0x000000008d200000, 0x000000008d300000|  0%| F|  |TAMS 0x000000008d200000, 0x000000008d200000| Untracked 
| 211|0x000000008d300000, 0x000000008d300000, 0x000000008d400000|  0%| F|  |TAMS 0x000000008d300000, 0x000000008d300000| Untracked 
| 251|0x000000008fb00000, 0x000000008fb00000, 0x000000008fc00000|  0%| F|  |TAMS 0x000000008fb00000, 0x000000008fb00000| Untracked 

Card table byte_map: [0x000001427e640000,0x000001427ea40000] _byte_map_base: 0x000001427e240000

Marking Bits (Prev, Next): (CMBitMap*) 0x000001427aac4940, (CMBitMap*) 0x000001427aac4980
 Prev Bits: [0x000001420f000000, 0x0000014211000000)
 Next Bits: [0x0000014211000000, 0x0000014213000000)

Polling page: 0x0000014278a00000

Metaspace:

Usage:
  Non-class:     71.22 MB used.
      Class:     11.45 MB used.
       Both:     82.67 MB used.

Virtual space:
  Non-class space:       80.00 MB reserved,      71.56 MB ( 89%) committed,  10 nodes.
      Class space:        1.00 GB reserved,      11.75 MB (  1%) committed,  1 nodes.
             Both:        1.08 GB reserved,      83.31 MB (  8%) committed. 

Chunk freelists:
   Non-Class:  3.86 MB
       Class:  80.00 KB
        Both:  3.94 MB

MaxMetaspaceSize: unlimited
CompressedClassSpaceSize: 1.00 GB
Initial GC threshold: 21.00 MB
Current GC threshold: 102.50 MB
CDS: off
MetaspaceReclaimPolicy: balanced
 - commit_granule_bytes: 65536.
 - commit_granule_words: 8192.
 - virtual_space_node_default_size: 1048576.
 - enlarge_chunks_in_place: 1.
 - new_chunks_are_fully_committed: 0.
 - uncommit_free_chunks: 1.
 - use_allocation_guard: 0.
 - handle_deallocations: 1.


Internal statistics:

num_allocs_failed_limit: 12.
num_arena_births: 830.
num_arena_deaths: 0.
num_vsnodes_births: 11.
num_vsnodes_deaths: 0.
num_space_committed: 1333.
num_space_uncommitted: 0.
num_chunks_returned_to_freelist: 12.
num_chunks_taken_from_freelist: 3879.
num_chunk_merges: 6.
num_chunk_splits: 2537.
num_chunks_enlarged: 1681.
num_purges: 0.
num_inconsistent_stats: 0.

CodeHeap 'non-profiled nmethods': size=120000Kb used=5690Kb max_used=5690Kb free=114309Kb
 bounds [0x0000014207ad0000, 0x0000014208060000, 0x000001420f000000]
CodeHeap 'profiled nmethods': size=120000Kb used=16497Kb max_used=16497Kb free=103502Kb
 bounds [0x0000014200000000, 0x0000014201020000, 0x0000014207530000]
CodeHeap 'non-nmethods': size=5760Kb used=2399Kb max_used=2440Kb free=3360Kb
 bounds [0x0000014207530000, 0x00000142077a0000, 0x0000014207ad0000]
 total_blobs=9399 nmethods=8501 adapters=808
 compilation: enabled
              stopped_count=0, restarted_count=0
 full_count=0

Compilation events (20 events):
Event: 7.300 Thread 0x000001427f979f10 nmethod 9339 0x0000014201017e10 code [0x00000142010180a0, 0x0000014201018d18]
Event: 7.300 Thread 0x000001427f979f10 9340   !   3       org.gradle.api.internal.changedetection.state.GradleUserHomeScopeFileTimeStampInspector::timestampCanBeUsedToDetectFileChange (94 bytes)
Event: 7.300 Thread 0x0000014215810f00 nmethod 9328 0x000001420805da10 code [0x000001420805dba0, 0x000001420805df98]
Event: 7.300 Thread 0x0000014215810f00 9282       4       java.util.Optional::orElseGet (21 bytes)
Event: 7.301 Thread 0x000001427f979f10 nmethod 9340 0x0000014201019290 code [0x00000142010194a0, 0x0000014201019cc8]
Event: 7.301 Thread 0x000001427f979f10 9341       3       org.gradle.api.internal.changedetection.state.GradleUserHomeScopeFileTimeStampInspector::isReliableTimestampPrecision (20 bytes)
Event: 7.301 Thread 0x000001427f979f10 nmethod 9341 0x000001420101a010 code [0x000001420101a1c0, 0x000001420101a458]
Event: 7.301 Thread 0x000001427f979f10 9346       3       org.gradle.internal.snapshot.MerkleDirectorySnapshotBuilder::collectEntry (52 bytes)
Event: 7.301 Thread 0x0000014215810f00 nmethod 9282 0x000001420805e210 code [0x000001420805e380, 0x000001420805e438]
Event: 7.301 Thread 0x0000014215810f00 9347       4       java.util.concurrent.TimeUnit::toMillis (69 bytes)
Event: 7.301 Thread 0x000001427f979f10 nmethod 9346 0x000001420101a510 code [0x000001420101a6e0, 0x000001420101abd8]
Event: 7.301 Thread 0x000001427f979f10 9345       3       org.gradle.internal.snapshot.impl.DirectorySnapshotter$1::remapAbsolutePath (7 bytes)
Event: 7.301 Thread 0x000001427f979f10 nmethod 9345 0x000001420101ad90 code [0x000001420101af40, 0x000001420101b108]
Event: 7.301 Thread 0x000001427f979f10 9343       3       java.util.Optional::filter (35 bytes)
Event: 7.301 Thread 0x000001427f979f10 nmethod 9343 0x000001420101b210 code [0x000001420101b400, 0x000001420101b918]
Event: 7.301 Thread 0x000001427f979f10 9348       3       org.gradle.internal.hash.Hashing$DefaultHasher::hash (10 bytes)
Event: 7.302 Thread 0x0000014215810f00 nmethod 9347 0x000001420805e510 code [0x000001420805e680, 0x000001420805e7b8]
Event: 7.302 Thread 0x0000014215810f00 9293       4       com.google.common.collect.ImmutableMap$Builder::<init> (23 bytes)
Event: 7.302 Thread 0x000001427f979f10 nmethod 9348 0x000001420101ba90 code [0x000001420101bc80, 0x000001420101c2a8]
Event: 7.302 Thread 0x000001427f979f10 9350       3       org.gradle.internal.execution.impl.DefaultFileNormalizationSpec::hashCode (29 bytes)

GC Heap History (20 events):
Event: 4.567 GC heap after
{Heap after GC invocations=16 (full 0):
 garbage-first heap   total 100352K, used 47227K [0x0000000080000000, 0x0000000100000000)
  region size 1024K, 2 young (2048K), 2 survivors (2048K)
 Metaspace       used 58642K, committed 59136K, reserved 1105920K
  class space    used 7770K, committed 8000K, reserved 1048576K
}
Event: 4.648 GC heap before
{Heap before GC invocations=16 (full 0):
 garbage-first heap   total 100352K, used 52347K [0x0000000080000000, 0x0000000100000000)
  region size 1024K, 8 young (8192K), 2 survivors (2048K)
 Metaspace       used 59876K, committed 60288K, reserved 1105920K
  class space    used 7948K, committed 8128K, reserved 1048576K
}
Event: 4.650 GC heap after
{Heap after GC invocations=17 (full 0):
 garbage-first heap   total 100352K, used 47398K [0x0000000080000000, 0x0000000100000000)
  region size 1024K, 2 young (2048K), 2 survivors (2048K)
 Metaspace       used 59876K, committed 60288K, reserved 1105920K
  class space    used 7948K, committed 8128K, reserved 1048576K
}
Event: 4.796 GC heap before
{Heap before GC invocations=18 (full 0):
 garbage-first heap   total 100352K, used 60710K [0x0000000080000000, 0x0000000100000000)
  region size 1024K, 16 young (16384K), 2 survivors (2048K)
 Metaspace       used 62493K, committed 62976K, reserved 1105920K
  class space    used 8299K, committed 8512K, reserved 1048576K
}
Event: 4.798 GC heap after
{Heap after GC invocations=19 (full 0):
 garbage-first heap   total 100352K, used 49120K [0x0000000080000000, 0x0000000100000000)
  region size 1024K, 4 young (4096K), 4 survivors (4096K)
 Metaspace       used 62493K, committed 62976K, reserved 1105920K
  class space    used 8299K, committed 8512K, reserved 1048576K
}
Event: 4.995 GC heap before
{Heap before GC invocations=20 (full 0):
 garbage-first heap   total 114688K, used 81888K [0x0000000080000000, 0x0000000100000000)
  region size 1024K, 31 young (31744K), 4 survivors (4096K)
 Metaspace       used 64433K, committed 64960K, reserved 1105920K
  class space    used 8545K, committed 8768K, reserved 1048576K
}
Event: 4.998 GC heap after
{Heap after GC invocations=21 (full 0):
 garbage-first heap   total 114688K, used 51535K [0x0000000080000000, 0x0000000100000000)
  region size 1024K, 4 young (4096K), 4 survivors (4096K)
 Metaspace       used 64433K, committed 64960K, reserved 1105920K
  class space    used 8545K, committed 8768K, reserved 1048576K
}
Event: 5.270 GC heap before
{Heap before GC invocations=21 (full 0):
 garbage-first heap   total 114688K, used 85327K [0x0000000080000000, 0x0000000100000000)
  region size 1024K, 36 young (36864K), 4 survivors (4096K)
 Metaspace       used 67186K, committed 67776K, reserved 1114112K
  class space    used 8878K, committed 9152K, reserved 1048576K
}
Event: 5.273 GC heap after
{Heap after GC invocations=22 (full 0):
 garbage-first heap   total 138240K, used 55238K [0x0000000080000000, 0x0000000100000000)
  region size 1024K, 4 young (4096K), 4 survivors (4096K)
 Metaspace       used 67186K, committed 67776K, reserved 1114112K
  class space    used 8878K, committed 9152K, reserved 1048576K
}
Event: 5.445 GC heap before
{Heap before GC invocations=22 (full 0):
 garbage-first heap   total 138240K, used 99270K [0x0000000080000000, 0x0000000100000000)
  region size 1024K, 47 young (48128K), 4 survivors (4096K)
 Metaspace       used 67677K, committed 68224K, reserved 1114112K
  class space    used 8971K, committed 9216K, reserved 1048576K
}
Event: 5.448 GC heap after
{Heap after GC invocations=23 (full 0):
 garbage-first heap   total 138240K, used 58011K [0x0000000080000000, 0x0000000100000000)
  region size 1024K, 4 young (4096K), 4 survivors (4096K)
 Metaspace       used 67677K, committed 68224K, reserved 1114112K
  class space    used 8971K, committed 9216K, reserved 1048576K
}
Event: 5.901 GC heap before
{Heap before GC invocations=23 (full 0):
 garbage-first heap   total 138240K, used 102043K [0x0000000080000000, 0x0000000100000000)
  region size 1024K, 47 young (48128K), 4 survivors (4096K)
 Metaspace       used 72971K, committed 73536K, reserved 1114112K
  class space    used 9908K, committed 10176K, reserved 1048576K
}
Event: 5.904 GC heap after
{Heap after GC invocations=24 (full 0):
 garbage-first heap   total 138240K, used 60839K [0x0000000080000000, 0x0000000100000000)
  region size 1024K, 3 young (3072K), 3 survivors (3072K)
 Metaspace       used 72971K, committed 73536K, reserved 1114112K
  class space    used 9908K, committed 10176K, reserved 1048576K
}
Event: 6.326 GC heap before
{Heap before GC invocations=24 (full 0):
 garbage-first heap   total 138240K, used 105895K [0x0000000080000000, 0x0000000100000000)
  region size 1024K, 47 young (48128K), 3 survivors (3072K)
 Metaspace       used 77069K, committed 77696K, reserved 1122304K
  class space    used 10505K, committed 10816K, reserved 1048576K
}
Event: 6.329 GC heap after
{Heap after GC invocations=25 (full 0):
 garbage-first heap   total 138240K, used 64331K [0x0000000080000000, 0x0000000100000000)
  region size 1024K, 6 young (6144K), 6 survivors (6144K)
 Metaspace       used 77069K, committed 77696K, reserved 1122304K
  class space    used 10505K, committed 10816K, reserved 1048576K
}
Event: 6.716 GC heap before
{Heap before GC invocations=25 (full 0):
 garbage-first heap   total 138240K, used 108363K [0x0000000080000000, 0x0000000100000000)
  region size 1024K, 49 young (50176K), 6 survivors (6144K)
 Metaspace       used 81872K, committed 82496K, reserved 1122304K
  class space    used 11197K, committed 11456K, reserved 1048576K
}
Event: 6.720 GC heap after
{Heap after GC invocations=26 (full 0):
 garbage-first heap   total 138240K, used 67982K [0x0000000080000000, 0x0000000100000000)
  region size 1024K, 7 young (7168K), 7 survivors (7168K)
 Metaspace       used 81872K, committed 82496K, reserved 1122304K
  class space    used 11197K, committed 11456K, reserved 1048576K
}
Event: 6.892 GC heap before
{Heap before GC invocations=26 (full 0):
 garbage-first heap   total 138240K, used 109966K [0x0000000080000000, 0x0000000100000000)
  region size 1024K, 48 young (49152K), 7 survivors (7168K)
 Metaspace       used 82154K, committed 82752K, reserved 1122304K
  class space    used 11232K, committed 11520K, reserved 1048576K
}
Event: 6.900 GC heap after
{Heap after GC invocations=27 (full 0):
 garbage-first heap   total 138240K, used 74752K [0x0000000080000000, 0x0000000100000000)
  region size 1024K, 6 young (6144K), 6 survivors (6144K)
 Metaspace       used 82154K, committed 82752K, reserved 1122304K
  class space    used 11232K, committed 11520K, reserved 1048576K
}
Event: 7.302 GC heap before
{Heap before GC invocations=27 (full 0):
 garbage-first heap   total 138240K, used 109568K [0x0000000080000000, 0x0000000100000000)
  region size 1024K, 41 young (41984K), 6 survivors (6144K)
 Metaspace       used 84654K, committed 85312K, reserved 1130496K
  class space    used 11728K, committed 12032K, reserved 1048576K
}

Dll operation events (2 events):
Event: 0.019 Loaded shared library C:\Program Files\Android\Android Studio\jbr\bin\java.dll
Event: 0.312 Loaded shared library C:\Program Files\Android\Android Studio\jbr\bin\verify.dll

Deoptimization events (20 events):
Event: 7.270 Thread 0x00000142195eb780 Uncommon trap: trap_request=0xffffff45 fr.pc=0x0000014207be2954 relative=0x0000000000000494
Event: 7.270 Thread 0x00000142195eb780 Uncommon trap: reason=unstable_if action=reinterpret pc=0x0000014207be2954 method=java.lang.StringLatin1.compareToCI([B[B)I @ 68 c2
Event: 7.270 Thread 0x00000142195eb780 DEOPT PACKING pc=0x0000014207be2954 sp=0x000000121effb500
Event: 7.270 Thread 0x00000142195eb780 DEOPT UNPACKING pc=0x000001420758a1a3 sp=0x000000121effb328 mode 2
Event: 7.270 Thread 0x00000142195eb780 Uncommon trap: trap_request=0xffffff45 fr.pc=0x0000014207ba4670 relative=0x00000000000004b0
Event: 7.270 Thread 0x00000142195eb780 Uncommon trap: reason=unstable_if action=reinterpret pc=0x0000014207ba4670 method=java.lang.StringLatin1.compareToCI([B[B)I @ 68 c2
Event: 7.270 Thread 0x00000142195eb780 DEOPT PACKING pc=0x0000014207ba4670 sp=0x000000121effb490
Event: 7.270 Thread 0x00000142195eb780 DEOPT UNPACKING pc=0x000001420758a1a3 sp=0x000000121effb328 mode 2
Event: 7.275 Thread 0x00000142195cd500 Uncommon trap: trap_request=0xffffff45 fr.pc=0x0000014207f0eef8 relative=0x0000000000001578
Event: 7.275 Thread 0x00000142195cd500 Uncommon trap: reason=unstable_if action=reinterpret pc=0x0000014207f0eef8 method=java.util.concurrent.ConcurrentHashMap.computeIfAbsent(Ljava/lang/Object;Ljava/util/function/Function;)Ljava/lang/Object; @ 279 c2
Event: 7.276 Thread 0x00000142195cd500 DEOPT PACKING pc=0x0000014207f0eef8 sp=0x00000012238faf60
Event: 7.276 Thread 0x00000142195cd500 DEOPT UNPACKING pc=0x000001420758a1a3 sp=0x00000012238faef8 mode 2
Event: 7.278 Thread 0x00000142195eade0 Uncommon trap: trap_request=0xffffff45 fr.pc=0x0000014207afa1d8 relative=0x0000000000000498
Event: 7.278 Thread 0x00000142195eade0 Uncommon trap: reason=unstable_if action=reinterpret pc=0x0000014207afa1d8 method=java.lang.StringLatin1.compareToCI([B[B)I @ 68 c2
Event: 7.278 Thread 0x00000142195eade0 DEOPT PACKING pc=0x0000014207afa1d8 sp=0x000000121eefb810
Event: 7.278 Thread 0x00000142195eade0 DEOPT UNPACKING pc=0x000001420758a1a3 sp=0x000000121eefb718 mode 2
Event: 7.278 Thread 0x00000142195eade0 Uncommon trap: trap_request=0xffffff45 fr.pc=0x0000014207b0ab9c relative=0x00000000000004dc
Event: 7.278 Thread 0x00000142195eade0 Uncommon trap: reason=unstable_if action=reinterpret pc=0x0000014207b0ab9c method=java.lang.StringLatin1.compareToCI([B[B)I @ 68 c2
Event: 7.278 Thread 0x00000142195eade0 DEOPT PACKING pc=0x0000014207b0ab9c sp=0x000000121eefb790
Event: 7.278 Thread 0x00000142195eade0 DEOPT UNPACKING pc=0x000001420758a1a3 sp=0x000000121eefb718 mode 2

Classes unloaded (0 events):
No events

Classes redefined (0 events):
No events

Internal exceptions (20 events):
Event: 7.014 Thread 0x000001421891baf0 Exception <a 'java/lang/NoSuchMethodError'{0x000000008cc2cb48}: static Lorg/gradle/internal/build/event/types/DefaultTaskSuccessResult;.<clinit>()V> (0x000000008cc2cb48) 
thrown [s\src\hotspot\share\prims\jni.cpp, line 1108]
Event: 7.014 Thread 0x000001421891baf0 Exception <a 'java/lang/NoSuchMethodError'{0x000000008cc2e240}: static Lorg/gradle/internal/build/event/types/AbstractTaskResult;.<clinit>()V> (0x000000008cc2e240) 
thrown [s\src\hotspot\share\prims\jni.cpp, line 1108]
Event: 7.023 Thread 0x00000142195cd500 Exception <a 'sun/nio/fs/WindowsException'{0x000000008cdc4058}> (0x000000008cdc4058) 
thrown [s\src\hotspot\share\prims\jni.cpp, line 517]
Event: 7.027 Thread 0x00000142195cae80 Exception <a 'java/lang/NoSuchMethodError'{0x0000000087d59218}: static Lcom/android/buildanalyzer/common/AndroidGradlePluginAttributionData$BuildInfo;.<clinit>()V> (0x0000000087d59218) 
thrown [s\src\hotspot\share\prims\jni.cpp, line 1108]
Event: 7.029 Thread 0x00000142195cae80 Exception <a 'java/lang/NoSuchMethodError'{0x0000000087d95008}: static Lcom/android/buildanalyzer/common/AndroidGradlePluginAttributionData$JavaInfo;.<clinit>()V> (0x0000000087d95008) 
thrown [s\src\hotspot\share\prims\jni.cpp, line 1108]
Event: 7.031 Thread 0x000001421891baf0 Exception <a 'java/lang/NoSuchMethodError'{0x0000000087dc2cc0}: static Lorg/gradle/internal/build/event/types/DefaultTaskSkippedResult;.<clinit>()V> (0x0000000087dc2cc0) 
thrown [s\src\hotspot\share\prims\jni.cpp, line 1108]
Event: 7.031 Thread 0x00000142195cae80 Exception <a 'java/lang/NoSuchMethodError'{0x0000000087dc3da0}: static [Ljava/lang/String;.<clinit>()V> (0x0000000087dc3da0) 
thrown [s\src\hotspot\share\prims\jni.cpp, line 1108]
Event: 7.033 Thread 0x00000142195cae80 Exception <a 'java/lang/NoSuchMethodError'{0x0000000087de4548}: static Lcom/android/buildanalyzer/common/AndroidGradlePluginAttributionData$TaskInfo;.<clinit>()V> (0x0000000087de4548) 
thrown [s\src\hotspot\share\prims\jni.cpp, line 1108]
Event: 7.034 Thread 0x00000142195cae80 Exception <a 'java/lang/NoSuchMethodError'{0x0000000087df1fb0}: static Lcom/android/buildanalyzer/common/AndroidGradlePluginAttributionData$TaskCategoryInfo;.<clinit>()V> (0x0000000087df1fb0) 
thrown [s\src\hotspot\share\prims\jni.cpp, line 1108]
Event: 7.040 Thread 0x00000142195cae80 Exception <a 'java/lang/NoSuchMethodError'{0x0000000087c88b10}: 'void java.lang.invoke.DirectMethodHandle$Holder.invokeSpecial(java.lang.Object, java.lang.Object, java.lang.Object, int)'> (0x0000000087c88b10) 
thrown [s\src\hotspot\share\interpreter\linkResolver.cpp, line 771]
Event: 7.219 Thread 0x00000142195cd500 Exception <a 'java/lang/NoSuchMethodError'{0x00000000873d93d8}: 'void java.lang.invoke.DirectMethodHandle$Holder.invokeStatic(java.lang.Object, java.lang.Object, java.lang.Object, java.lang.Object, int, java.lang.Object, java.lang.Object)'> (0x00000000873d93d8) 
thrown [s\src\hotspot\share\interpreter\linkResolver.cpp, line 771]
Event: 7.224 Thread 0x00000142195e9100 Implicit null exception at 0x0000014208042b5b to 0x0000014208042be4
Event: 7.239 Thread 0x00000142195eb780 Exception <a 'java/lang/NoSuchMethodError'{0x0000000086e04628}: 'java.lang.Object java.lang.invoke.DirectMethodHandle$Holder.invokeSpecialIFC(java.lang.Object, java.lang.Object, java.lang.Object)'> (0x0000000086e04628) 
thrown [s\src\hotspot\share\interpreter\linkResolver.cpp, line 771]
Event: 7.239 Thread 0x00000142195ea440 Exception <a 'java/lang/NoSuchMethodError'{0x0000000086e14180}: 'java.lang.Object java.lang.invoke.DirectMethodHandle$Holder.invokeSpecialIFC(java.lang.Object, java.lang.Object, java.lang.Object)'> (0x0000000086e14180) 
thrown [s\src\hotspot\share\interpreter\linkResolver.cpp, line 771]
Event: 7.239 Thread 0x00000142195eade0 Exception <a 'java/lang/NoSuchMethodError'{0x0000000086e1c820}: 'java.lang.Object java.lang.invoke.DirectMethodHandle$Holder.invokeSpecialIFC(java.lang.Object, java.lang.Object, java.lang.Object)'> (0x0000000086e1c820) 
thrown [s\src\hotspot\share\interpreter\linkResolver.cpp, line 771]
Event: 7.239 Thread 0x00000142195e95d0 Exception <a 'java/lang/NoSuchMethodError'{0x0000000086e24220}: 'java.lang.Object java.lang.invoke.DirectMethodHandle$Holder.invokeSpecialIFC(java.lang.Object, java.lang.Object, java.lang.Object)'> (0x0000000086e24220) 
thrown [s\src\hotspot\share\interpreter\linkResolver.cpp, line 771]
Event: 7.239 Thread 0x00000142195cd500 Exception <a 'java/lang/NoSuchMethodError'{0x0000000086f379e0}: 'java.lang.Object java.lang.invoke.DirectMethodHandle$Holder.invokeSpecialIFC(java.lang.Object, java.lang.Object, java.lang.Object)'> (0x0000000086f379e0) 
thrown [s\src\hotspot\share\interpreter\linkResolver.cpp, line 771]
Event: 7.239 Thread 0x00000142195ebc50 Exception <a 'java/lang/NoSuchMethodError'{0x0000000086e0d870}: 'java.lang.Object java.lang.invoke.DirectMethodHandle$Holder.invokeSpecialIFC(java.lang.Object, java.lang.Object, java.lang.Object)'> (0x0000000086e0d870) 
thrown [s\src\hotspot\share\interpreter\linkResolver.cpp, line 771]
Event: 7.239 Thread 0x00000142195e9100 Exception <a 'java/lang/NoSuchMethodError'{0x0000000086ffb1e0}: 'java.lang.Object java.lang.invoke.DirectMethodHandle$Holder.invokeSpecialIFC(java.lang.Object, java.lang.Object, java.lang.Object)'> (0x0000000086ffb1e0) 
thrown [s\src\hotspot\share\interpreter\linkResolver.cpp, line 771]
Event: 7.239 Thread 0x00000142195ec120 Exception <a 'java/lang/NoSuchMethodError'{0x0000000086e2dd40}: 'java.lang.Object java.lang.invoke.DirectMethodHandle$Holder.invokeSpecialIFC(java.lang.Object, java.lang.Object, java.lang.Object)'> (0x0000000086e2dd40) 
thrown [s\src\hotspot\share\interpreter\linkResolver.cpp, line 771]

VM Operations (20 events):
Event: 6.900 Executing VM operation: G1CollectForAllocation done
Event: 6.921 Executing VM operation: HandshakeAllThreads
Event: 6.921 Executing VM operation: HandshakeAllThreads done
Event: 6.943 Executing VM operation: HandshakeAllThreads
Event: 6.943 Executing VM operation: HandshakeAllThreads done
Event: 6.944 Executing VM operation: HandshakeAllThreads
Event: 6.944 Executing VM operation: HandshakeAllThreads done
Event: 6.993 Executing VM operation: HandshakeAllThreads
Event: 6.993 Executing VM operation: HandshakeAllThreads done
Event: 7.012 Executing VM operation: HandshakeAllThreads
Event: 7.012 Executing VM operation: HandshakeAllThreads done
Event: 7.029 Executing VM operation: HandshakeAllThreads
Event: 7.029 Executing VM operation: HandshakeAllThreads done
Event: 7.068 Executing VM operation: ICBufferFull
Event: 7.068 Executing VM operation: ICBufferFull done
Event: 7.183 Executing VM operation: ICBufferFull
Event: 7.183 Executing VM operation: ICBufferFull done
Event: 7.271 Executing VM operation: ICBufferFull
Event: 7.271 Executing VM operation: ICBufferFull done
Event: 7.302 Executing VM operation: G1CollectForAllocation

Events (20 events):
Event: 7.041 loading class java/io/ObjectInputStream$HandleTable
Event: 7.041 loading class java/io/ObjectInputStream$HandleTable done
Event: 7.041 loading class java/io/ObjectInputStream$HandleTable$HandleList
Event: 7.042 loading class java/io/ObjectInputStream$HandleTable$HandleList done
Event: 7.042 loading class java/io/ObjectInputStream$ValidationList
Event: 7.042 loading class java/io/ObjectInputStream$ValidationList done
Event: 7.042 loading class java/io/ObjectInputFilter$Config
Event: 7.042 loading class java/io/ObjectInputFilter$Config done
Event: 7.043 loading class java/io/ObjectInputFilter
Event: 7.043 loading class java/io/ObjectInputFilter done
Event: 7.043 loading class java/io/ObjectInputFilter$Config$BuiltinFilterFactory
Event: 7.043 loading class java/io/ObjectInputFilter$Config$BuiltinFilterFactory done
Event: 7.043 loading class jdk/internal/access/JavaObjectInputFilterAccess
Event: 7.043 loading class jdk/internal/access/JavaObjectInputFilterAccess done
Event: 7.043 loading class jdk/internal/event/DeserializationEvent
Event: 7.043 loading class jdk/internal/event/DeserializationEvent done
Event: 7.044 loading class java/io/ObjectInputStream$FieldValues
Event: 7.044 loading class java/io/ObjectInputStream$GetField
Event: 7.044 loading class java/io/ObjectInputStream$GetField done
Event: 7.044 loading class java/io/ObjectInputStream$FieldValues done


Dynamic libraries:
0x00007ff79c970000 - 0x00007ff79c97a000 	C:\Program Files\Android\Android Studio\jbr\bin\java.exe
0x00007fffcf890000 - 0x00007fffcfaa4000 	C:\WINDOWS\SYSTEM32\ntdll.dll
0x00007fffce870000 - 0x00007fffce934000 	C:\WINDOWS\System32\KERNEL32.DLL
0x00007fffccd90000 - 0x00007fffcd134000 	C:\WINDOWS\System32\KERNELBASE.dll
0x00007fffcd200000 - 0x00007fffcd311000 	C:\WINDOWS\System32\ucrtbase.dll
0x00007fff9be00000 - 0x00007fff9be17000 	C:\Program Files\Android\Android Studio\jbr\bin\jli.dll
0x00007fffacce0000 - 0x00007fffaccfb000 	C:\Program Files\Android\Android Studio\jbr\bin\VCRUNTIME140.dll
0x00007fffce940000 - 0x00007fffceaea000 	C:\WINDOWS\System32\USER32.dll
0x00007fffcd3c0000 - 0x00007fffcd3e6000 	C:\WINDOWS\System32\win32u.dll
0x00007fffaaef0000 - 0x00007fffab17f000 	C:\WINDOWS\WinSxS\amd64_microsoft.windows.common-controls_6595b64144ccf1df_6.0.22621.2070_none_2713e6537381f706\COMCTL32.dll
0x00007fffce610000 - 0x00007fffce639000 	C:\WINDOWS\System32\GDI32.dll
0x00007fffcdbc0000 - 0x00007fffcdc67000 	C:\WINDOWS\System32\msvcrt.dll
0x00007fffccc70000 - 0x00007fffccd89000 	C:\WINDOWS\System32\gdi32full.dll
0x00007fffcd320000 - 0x00007fffcd3ba000 	C:\WINDOWS\System32\msvcp_win.dll
0x00007fffceb60000 - 0x00007fffceb91000 	C:\WINDOWS\System32\IMM32.DLL
0x0000000077830000 - 0x000000007783c000 	C:\Program Files (x86)\360\Total Security\safemon\SafeWrapper.dll
0x00007fffcdf00000 - 0x00007fffcdfb0000 	C:\WINDOWS\System32\ADVAPI32.dll
0x00007fffcecd0000 - 0x00007fffced76000 	C:\WINDOWS\System32\sechost.dll
0x00007fffcdde0000 - 0x00007fffcdef7000 	C:\WINDOWS\System32\RPCRT4.dll
0x00007fff3fee0000 - 0x00007fff3ff72000 	C:\Program Files (x86)\360\Total Security\safemon\libzdtp64.dll
0x00007fffcf030000 - 0x00007fffcf846000 	C:\WINDOWS\System32\SHELL32.dll
0x00007fffcdd00000 - 0x00007fffcdd5e000 	C:\WINDOWS\System32\SHLWAPI.dll
0x00007fffcc8d0000 - 0x00007fffcc8da000 	C:\WINDOWS\SYSTEM32\VERSION.dll
0x00007fffadb80000 - 0x00007fffadb8c000 	C:\Program Files\Android\Android Studio\jbr\bin\vcruntime140_1.dll
0x00007fffa9cd0000 - 0x00007fffa9d5d000 	C:\Program Files\Android\Android Studio\jbr\bin\msvcp140.dll
0x00007fff2f640000 - 0x00007fff302ae000 	C:\Program Files\Android\Android Studio\jbr\bin\server\jvm.dll
0x00007fffc3300000 - 0x00007fffc3334000 	C:\WINDOWS\SYSTEM32\WINMM.dll
0x00007fff9bbd0000 - 0x00007fff9bbd9000 	C:\WINDOWS\SYSTEM32\WSOCK32.dll
0x00007fffcdd60000 - 0x00007fffcddd1000 	C:\WINDOWS\System32\WS2_32.dll
0x00007fffcbca0000 - 0x00007fffcbcb8000 	C:\WINDOWS\SYSTEM32\kernel.appcore.dll
0x00007fffbe6c0000 - 0x00007fffbe6ca000 	C:\Program Files\Android\Android Studio\jbr\bin\jimage.dll
0x00007fffca5e0000 - 0x00007fffca80e000 	C:\WINDOWS\SYSTEM32\DBGHELP.DLL
0x00007fffcd670000 - 0x00007fffcd9fa000 	C:\WINDOWS\System32\combase.dll
0x00007fffce790000 - 0x00007fffce867000 	C:\WINDOWS\System32\OLEAUT32.dll
0x00007fffaf620000 - 0x00007fffaf652000 	C:\WINDOWS\SYSTEM32\dbgcore.DLL
0x00007fffcd3f0000 - 0x00007fffcd46a000 	C:\WINDOWS\System32\bcryptPrimitives.dll
0x00007fff9c090000 - 0x00007fff9c0b5000 	C:\Program Files\Android\Android Studio\jbr\bin\java.dll
0x00007fffbe5a0000 - 0x00007fffbe5b8000 	C:\Program Files\Android\Android Studio\jbr\bin\zip.dll
0x00007fffca9e0000 - 0x00007fffcb2ca000 	C:\WINDOWS\SYSTEM32\windows.storage.dll
0x00007fffcb2f0000 - 0x00007fffcb42e000 	C:\WINDOWS\SYSTEM32\wintypes.dll
0x00007fffced90000 - 0x00007fffcee83000 	C:\WINDOWS\System32\SHCORE.dll
0x00007fffccba0000 - 0x00007fffccbc6000 	C:\WINDOWS\SYSTEM32\profapi.dll
0x00007fffadbb0000 - 0x00007fffadbc9000 	C:\Program Files\Android\Android Studio\jbr\bin\net.dll
0x00007fffc48c0000 - 0x00007fffc49f7000 	C:\WINDOWS\SYSTEM32\WINHTTP.dll
0x00007fffcc160000 - 0x00007fffcc1c9000 	C:\WINDOWS\system32\mswsock.dll
0x00007fff9fc10000 - 0x00007fff9fc26000 	C:\Program Files\Android\Android Studio\jbr\bin\nio.dll
0x00007fffbe6b0000 - 0x00007fffbe6c0000 	C:\Program Files\Android\Android Studio\jbr\bin\verify.dll
0x00007fff82740000 - 0x00007fff82767000 	C:\Users\HP\.gradle\native\68d5fa5c4cc2d200863cafc0d521ce42e7d3e7ee720ec0a83991735586a16f82\windows-amd64\native-platform.dll
0x00007fff68290000 - 0x00007fff683d4000 	C:\Users\HP\.gradle\native\e376f236ea51e6404a007f0833ffe2c6e607c4080706a723a18a27aeea778392\windows-amd64\native-platform-file-events.dll
0x00007fffaf6d0000 - 0x00007fffaf6d9000 	C:\Program Files\Android\Android Studio\jbr\bin\management.dll
0x00007fffa1670000 - 0x00007fffa167b000 	C:\Program Files\Android\Android Studio\jbr\bin\management_ext.dll
0x00007fffcd650000 - 0x00007fffcd658000 	C:\WINDOWS\System32\PSAPI.DLL
0x00007fffcc480000 - 0x00007fffcc49b000 	C:\WINDOWS\SYSTEM32\CRYPTSP.dll
0x00007fffcbc60000 - 0x00007fffcbc95000 	C:\WINDOWS\system32\rsaenh.dll
0x00007fffcc200000 - 0x00007fffcc22c000 	C:\WINDOWS\SYSTEM32\USERENV.dll
0x00007fffcc5c0000 - 0x00007fffcc5e8000 	C:\WINDOWS\SYSTEM32\bcrypt.dll
0x00007fffcc460000 - 0x00007fffcc46c000 	C:\WINDOWS\SYSTEM32\CRYPTBASE.dll
0x00007fffcb690000 - 0x00007fffcb6bd000 	C:\WINDOWS\SYSTEM32\IPHLPAPI.DLL
0x00007fffce4e0000 - 0x00007fffce4e9000 	C:\WINDOWS\System32\NSI.dll
0x00007fffc3920000 - 0x00007fffc3939000 	C:\WINDOWS\SYSTEM32\dhcpcsvc6.DLL
0x00007fffc3630000 - 0x00007fffc364f000 	C:\WINDOWS\SYSTEM32\dhcpcsvc.DLL
0x00007fffcb6c0000 - 0x00007fffcb7b3000 	C:\WINDOWS\SYSTEM32\DNSAPI.dll
0x00007fff9fda0000 - 0x00007fff9fda8000 	C:\WINDOWS\system32\wshunix.dll

dbghelp: loaded successfully - version: 4.0.5 - missing functions: none
symbol engine: initialized successfully - sym options: 0x614 - pdb path: .;C:\Program Files\Android\Android Studio\jbr\bin;C:\WINDOWS\SYSTEM32;C:\WINDOWS\WinSxS\amd64_microsoft.windows.common-controls_6595b64144ccf1df_6.0.22621.2070_none_2713e6537381f706;C:\Program Files (x86)\360\Total Security\safemon;C:\Program Files\Android\Android Studio\jbr\bin\server;C:\Users\HP\.gradle\native\68d5fa5c4cc2d200863cafc0d521ce42e7d3e7ee720ec0a83991735586a16f82\windows-amd64;C:\Users\HP\.gradle\native\e376f236ea51e6404a007f0833ffe2c6e607c4080706a723a18a27aeea778392\windows-amd64

VM Arguments:
jvm_args: --add-opens=java.base/java.util=ALL-UNNAMED --add-opens=java.base/java.lang=ALL-UNNAMED --add-opens=java.base/java.lang.invoke=ALL-UNNAMED --add-opens=java.prefs/java.util.prefs=ALL-UNNAMED --add-opens=java.base/java.nio.charset=ALL-UNNAMED --add-opens=java.base/java.net=ALL-UNNAMED --add-opens=java.base/java.util.concurrent.atomic=ALL-UNNAMED -Xmx2048m -Dfile.encoding=UTF-8 -Duser.country=IN -Duser.language=en -Duser.variant 
java_command: org.gradle.launcher.daemon.bootstrap.GradleDaemon 8.0
java_class_path (initial): C:\Users\HP\.gradle\wrapper\dists\gradle-8.0-bin\ca5e32bp14vu59qr306oxotwh\gradle-8.0\lib\gradle-launcher-8.0.jar
Launcher Type: SUN_STANDARD

[Global flags]
     intx CICompilerCount                          = 4                                         {product} {ergonomic}
     uint ConcGCThreads                            = 2                                         {product} {ergonomic}
     uint G1ConcRefinementThreads                  = 8                                         {product} {ergonomic}
   size_t G1HeapRegionSize                         = 1048576                                   {product} {ergonomic}
    uintx GCDrainStackTargetSize                   = 64                                        {product} {ergonomic}
   size_t InitialHeapSize                          = 264241152                                 {product} {ergonomic}
   size_t MarkStackSize                            = 4194304                                   {product} {ergonomic}
   size_t MaxHeapSize                              = 2147483648                                {product} {command line}
   size_t MaxNewSize                               = 1287651328                                {product} {ergonomic}
   size_t MinHeapDeltaBytes                        = 1048576                                   {product} {ergonomic}
   size_t MinHeapSize                              = 8388608                                   {product} {ergonomic}
    uintx NonNMethodCodeHeapSize                   = 5839372                                {pd product} {ergonomic}
    uintx NonProfiledCodeHeapSize                  = 122909434                              {pd product} {ergonomic}
    uintx ProfiledCodeHeapSize                     = 122909434                              {pd product} {ergonomic}
    uintx ReservedCodeCacheSize                    = 251658240                              {pd product} {ergonomic}
     bool SegmentedCodeCache                       = true                                      {product} {ergonomic}
   size_t SoftMaxHeapSize                          = 2147483648                             {manageable} {ergonomic}
     bool UseCompressedClassPointers               = true                           {product lp64_product} {ergonomic}
     bool UseCompressedOops                        = true                           {product lp64_product} {ergonomic}
     bool UseG1GC                                  = true                                      {product} {ergonomic}
     bool UseLargePagesIndividualAllocation        = false                                  {pd product} {ergonomic}

Logging:
Log output configuration:
 #0: stdout all=warning uptime,level,tags
 #1: stderr all=off uptime,level,tags

Environment Variables:
PATH=C:\WINDOWS\system32;C:\WINDOWS;C:\WINDOWS\System32\Wbem;C:\WINDOWS\System32\WindowsPowerShell\v1.0\;C:\WINDOWS\System32\OpenSSH\;C:\Program Files\Git\cmd;C:\Users\HP\AppData\Local\Microsoft\WindowsApps;C:\Users\HP\AppData\Local\Programs\Microsoft VS Code\bin;C:\Users\HP\AppData\Local\GitHubDesktop\bin
USERNAME=HP
OS=Windows_NT
PROCESSOR_IDENTIFIER=Intel64 Family 6 Model 140 Stepping 1, GenuineIntel
TMP=C:\Users\HP\AppData\Local\Temp
TEMP=C:\Users\HP\AppData\Local\Temp


JNI global refs:
JNI global refs: 29, weak refs: 2

JNI global refs memory usage: 843, weak refs: 841


---------------  S Y S T E M  ---------------

OS:
 Windows 11 , 64 bit Build 22621 (10.0.22621.2070)
OS uptime: 0 days 1:48 hours
Hyper-V role detected

CPU: total 8 (initial active 8) (4 cores per cpu, 2 threads per core) family 6 model 140 stepping 1 microcode 0xac, cx8, cmov, fxsr, ht, mmx, 3dnowpref, sse, sse2, sse3, ssse3, sse4.1, sse4.2, popcnt, lzcnt, tsc, tscinvbit, avx, avx2, aes, erms, clmul, bmi1, bmi2, adx, avx512f, avx512dq, avx512cd, avx512bw, avx512vl, sha, fma, vzeroupper, avx512_vpopcntdq, avx512_vpclmulqdq, avx512_vaes, avx512_vnni, clflush, clflushopt, clwb, avx512_vbmi2, avx512_vbmi, hv

Memory: 4k page, system-wide physical 16064M (2758M free)
TotalPageFile size 18964M (AvailPageFile size 18M)
current process WorkingSet (physical memory assigned to process): 382M, peak: 391M
current process commit charge ("private bytes"): 416M, peak: 443M

vm_info: OpenJDK 64-Bit Server VM (17.0.6+0-b2043.56-10027231) for windows-amd64 JRE (17.0.6+0-b2043.56-10027231), built on Apr 28 2023 00:43:19 by "androidbuild" with MS VC++ 16.10 / 16.11 (VS2019)

END.
