#
# There is insufficient memory for the Java Runtime Environment to continue.
# Native memory allocation (malloc) failed to allocate 1124576 bytes for Chunk::new
# Possible reasons:
#   The system is out of physical RAM or swap space
#   The process is running with CompressedOops enabled, and the Java Heap may be blocking the growth of the native heap
# Possible solutions:
#   Reduce memory load on the system
#   Increase physical memory or swap space
#   Check if swap backing store is full
#   Decrease Java heap size (-Xmx/-Xms)
#   Decrease number of Java threads
#   Decrease Java thread stack sizes (-Xss)
#   Set larger code cache with -XX:ReservedCodeCacheSize=
#   JVM is running with Unscaled Compressed Oops mode in which the Java heap is
#     placed in the first 4GB address space. The Java Heap base address is the
#     maximum limit for the native heap growth. Please use -XX:HeapBaseMinAddress
#     to set the Java Heap base and to place the Java Heap above 4GB virtual address.
# This output file may be truncated or incomplete.
#
#  Out of Memory Error (arena.cpp:189), pid=17832, tid=12760
#
# JRE version: OpenJDK Runtime Environment (17.0.6) (build 17.0.6+0-b2043.56-10027231)
# Java VM: OpenJDK 64-Bit Server VM (17.0.6+0-b2043.56-10027231, mixed mode, tiered, compressed oops, compressed class ptrs, g1 gc, windows-amd64)
# No core dump will be written. Minidumps are not enabled by default on client versions of Windows
#

---------------  S U M M A R Y ------------

Command Line: --add-opens=java.base/java.util=ALL-UNNAMED --add-opens=java.base/java.lang=ALL-UNNAMED --add-opens=java.base/java.lang.invoke=ALL-UNNAMED --add-opens=java.prefs/java.util.prefs=ALL-UNNAMED --add-opens=java.base/java.nio.charset=ALL-UNNAMED --add-opens=java.base/java.net=ALL-UNNAMED --add-opens=java.base/java.util.concurrent.atomic=ALL-UNNAMED -Xmx2048m -Dfile.encoding=UTF-8 -Duser.country=IN -Duser.language=en -Duser.variant org.gradle.launcher.daemon.bootstrap.GradleDaemon 8.0

Host: 11th Gen Intel(R) Core(TM) i7-1165G7 @ 2.80GHz, 8 cores, 15G,  Windows 11 , 64 bit Build 22621 (10.0.22621.2070)
Time: Mon Aug 21 13:26:40 2023 India Standard Time elapsed time: 5.752113 seconds (0d 0h 0m 5s)

---------------  T H R E A D  ---------------

Current thread (0x000002572f0a61b0):  JavaThread "C2 CompilerThread0" daemon [_thread_in_native, id=12760, stack(0x0000006727e00000,0x0000006727f00000)]


Current CompileTask:
C2:   5752 7698       4       org.gradle.internal.instantiation.generator.AbstractClassGenerator::inspectType (560 bytes)

Stack: [0x0000006727e00000,0x0000006727f00000]
Native frames: (J=compiled Java code, j=interpreted, Vv=VM code, C=native code)
V  [jvm.dll+0x683c9a]
V  [jvm.dll+0x8427a4]
V  [jvm.dll+0x843f9e]
V  [jvm.dll+0x844603]
V  [jvm.dll+0x249b75]
V  [jvm.dll+0xabcac]
V  [jvm.dll+0xac27c]
V  [jvm.dll+0x2b0eef]
V  [jvm.dll+0x58a267]
V  [jvm.dll+0x2243b2]
V  [jvm.dll+0x22478f]
V  [jvm.dll+0x21e055]
V  [jvm.dll+0x21b51b]
V  [jvm.dll+0x1a4fdd]
V  [jvm.dll+0x22b098]
V  [jvm.dll+0x229159]
V  [jvm.dll+0x7f81ec]
V  [jvm.dll+0x7f274a]
V  [jvm.dll+0x682ad5]
C  [ucrtbase.dll+0x29363]
C  [KERNEL32.DLL+0x126ad]
C  [ntdll.dll+0x5aa68]


---------------  P R O C E S S  ---------------

Threads class SMR info:
_java_thread_list=0x000002573464ba60, length=127, elements={
0x0000025714716b30, 0x000002572f076250, 0x000002572f077e10, 0x000002572f0640e0,
0x000002572f09c1e0, 0x000002572f09d1a0, 0x000002572f0a1420, 0x000002572f0a61b0,
0x000002572f0abfd0, 0x000002572f0ad160, 0x000002572f234030, 0x000002572f23aae0,
0x0000025731919a30, 0x000002572f3e8ad0, 0x000002572f35fb90, 0x00000257317a5590,
0x000002573152e5c0, 0x00000257318a31b0, 0x0000025731b98d00, 0x0000025731bde4e0,
0x000002572fe39950, 0x000002572fe38140, 0x000002572fe3a7c0, 0x000002572fe38fb0,
0x000002572fe38610, 0x000002572fe36e00, 0x000002572fe372d0, 0x000002572fe39480,
0x000002572fe39e20, 0x000002572fe3a2f0, 0x0000025732185b90, 0x0000025732180020,
0x00000257321804f0, 0x0000025732183040, 0x0000025732187870, 0x0000025732181360,
0x0000025732c912a0, 0x0000025732183510, 0x00000257321826a0, 0x00000257321839e0,
0x0000025732184850, 0x0000025732181d00, 0x0000025732183eb0, 0x00000257321821d0,
0x0000025732186530, 0x0000025732182b70, 0x0000025732186a00, 0x0000025732184380,
0x00000257332b3cb0, 0x00000257332b6330, 0x00000257332b4b20, 0x00000257332b0c90,
0x00000257332b4650, 0x00000257332af950, 0x00000257332aeae0, 0x00000257332b1160,
0x00000257332b4180, 0x00000257332b4ff0, 0x00000257332b37e0, 0x00000257332af480,
0x00000257332b1b00, 0x00000257332b54c0, 0x00000257332b1630, 0x00000257332b1fd0,
0x00000257332b02f0, 0x00000257332b24a0, 0x00000257332aefb0, 0x00000257332b5990,
0x00000257332b2970, 0x00000257332afe20, 0x00000257332b2e40, 0x00000257332b3310,
0x00000257332b5e60, 0x00000257332b07c0, 0x00000257348edd50, 0x00000257348f38c0,
0x00000257348eebc0, 0x00000257348ef090, 0x00000257348ed880, 0x00000257348ee220,
0x00000257348f20b0, 0x00000257348f1be0, 0x00000257348f1240, 0x00000257348f2580,
0x00000257348f1710, 0x00000257348f2a50, 0x00000257348ee6f0, 0x00000257348eca10,
0x00000257348efa30, 0x00000257348f2f20, 0x00000257348ecee0, 0x00000257348ef560,
0x00000257348f33f0, 0x00000257348eff00, 0x00000257348f03d0, 0x00000257348ec070,
0x00000257348f08a0, 0x00000257348ec540, 0x00000257348ed3b0, 0x00000257348f0d70,
0x0000025734867080, 0x00000257348653a0, 0x0000025734864a00, 0x0000025734867a20,
0x0000025734869700, 0x0000025734864ed0, 0x00000257348666e0, 0x0000025734868d60,
0x0000025734866210, 0x0000025734869bd0, 0x0000025734864530, 0x000002573486aa40,
0x0000025734866bb0, 0x0000025734864060, 0x00000257348683c0, 0x000002573486a0a0,
0x0000025734869230, 0x000002573486a570, 0x0000025734865870, 0x0000025734867ef0,
0x0000025734867550, 0x0000025734865d40, 0x0000025734868890, 0x000002573486af10,
0x000002573486b3e0, 0x0000025734be6f90, 0x0000025734be7e00
}

Java Threads: ( => current thread )
  0x0000025714716b30 JavaThread "main" [_thread_blocked, id=17440, stack(0x0000006727100000,0x0000006727200000)]
  0x000002572f076250 JavaThread "Reference Handler" daemon [_thread_blocked, id=9896, stack(0x0000006727800000,0x0000006727900000)]
  0x000002572f077e10 JavaThread "Finalizer" daemon [_thread_blocked, id=4640, stack(0x0000006727900000,0x0000006727a00000)]
  0x000002572f0640e0 JavaThread "Signal Dispatcher" daemon [_thread_blocked, id=3428, stack(0x0000006727a00000,0x0000006727b00000)]
  0x000002572f09c1e0 JavaThread "Attach Listener" daemon [_thread_blocked, id=10680, stack(0x0000006727b00000,0x0000006727c00000)]
  0x000002572f09d1a0 JavaThread "Service Thread" daemon [_thread_blocked, id=11908, stack(0x0000006727c00000,0x0000006727d00000)]
  0x000002572f0a1420 JavaThread "Monitor Deflation Thread" daemon [_thread_blocked, id=20420, stack(0x0000006727d00000,0x0000006727e00000)]
=>0x000002572f0a61b0 JavaThread "C2 CompilerThread0" daemon [_thread_in_native, id=12760, stack(0x0000006727e00000,0x0000006727f00000)]
  0x000002572f0abfd0 JavaThread "C1 CompilerThread0" daemon [_thread_blocked, id=12872, stack(0x0000006727f00000,0x0000006728000000)]
  0x000002572f0ad160 JavaThread "Sweeper thread" daemon [_thread_blocked, id=1700, stack(0x0000006728000000,0x0000006728100000)]
  0x000002572f234030 JavaThread "Common-Cleaner" daemon [_thread_blocked, id=14600, stack(0x0000006728100000,0x0000006728200000)]
  0x000002572f23aae0 JavaThread "Notification Thread" daemon [_thread_blocked, id=16552, stack(0x0000006728200000,0x0000006728300000)]
  0x0000025731919a30 JavaThread "Daemon health stats" [_thread_blocked, id=1612, stack(0x0000006728b00000,0x0000006728c00000)]
  0x000002572f3e8ad0 JavaThread "Incoming local TCP Connector on port 53538" [_thread_in_native, id=16648, stack(0x0000006728400000,0x0000006728500000)]
  0x000002572f35fb90 JavaThread "Daemon periodic checks" [_thread_blocked, id=9324, stack(0x0000006728500000,0x0000006728600000)]
  0x00000257317a5590 JavaThread "C2 CompilerThread1" daemon [_thread_in_native, id=14540, stack(0x0000006728c00000,0x0000006728d00000)]
  0x000002573152e5c0 JavaThread "Daemon" [_thread_blocked, id=1860, stack(0x0000006728d00000,0x0000006728e00000)]
  0x00000257318a31b0 JavaThread "Handler for socket connection from /127.0.0.1:53538 to /127.0.0.1:53539" [_thread_in_native, id=5820, stack(0x0000006728e00000,0x0000006728f00000)]
  0x0000025731b98d00 JavaThread "Cancel handler" [_thread_blocked, id=7552, stack(0x0000006728f00000,0x0000006729000000)]
  0x0000025731bde4e0 JavaThread "Daemon worker" [_thread_in_vm, id=11932, stack(0x0000006729000000,0x0000006729100000)]
  0x000002572fe39950 JavaThread "Asynchronous log dispatcher for DefaultDaemonConnection: socket connection from /127.0.0.1:53538 to /127.0.0.1:53539" [_thread_blocked, id=6536, stack(0x0000006729100000,0x0000006729200000)]
  0x000002572fe38140 JavaThread "Stdin handler" [_thread_blocked, id=1636, stack(0x0000006729200000,0x0000006729300000)]
  0x000002572fe3a7c0 JavaThread "Daemon client event forwarder" [_thread_blocked, id=14992, stack(0x0000006729300000,0x0000006729400000)]
  0x000002572fe38fb0 JavaThread "Cache worker for journal cache (C:\Users\HP\.gradle\caches\journal-1)" [_thread_blocked, id=20340, stack(0x0000006729700000,0x0000006729800000)]
  0x000002572fe38610 JavaThread "File lock request listener" [_thread_in_native, id=5464, stack(0x0000006729800000,0x0000006729900000)]
  0x000002572fe36e00 JavaThread "Cache worker for file hash cache (C:\Users\HP\.gradle\caches\8.0\fileHashes)" [_thread_blocked, id=5768, stack(0x0000006729900000,0x0000006729a00000)]
  0x000002572fe372d0 JavaThread "File watcher server" daemon [_thread_in_native, id=17264, stack(0x0000006729b00000,0x0000006729c00000)]
  0x000002572fe39480 JavaThread "File watcher consumer" daemon [_thread_blocked, id=6244, stack(0x0000006729c00000,0x0000006729d00000)]
  0x000002572fe39e20 JavaThread "Cache worker for checksums cache (C:\Users\HP\StudioProjects\Practice\.gradle\8.0\checksums)" [_thread_blocked, id=6460, stack(0x0000006729d00000,0x0000006729e00000)]
  0x000002572fe3a2f0 JavaThread "Cache worker for cache directory md-rule (C:\Users\HP\.gradle\caches\8.0\md-rule)" [_thread_blocked, id=17648, stack(0x0000006729e00000,0x0000006729f00000)]
  0x0000025732185b90 JavaThread "Cache worker for file content cache (C:\Users\HP\.gradle\caches\8.0\fileContent)" [_thread_blocked, id=9568, stack(0x0000006729f00000,0x000000672a000000)]
  0x0000025732180020 JavaThread "Cache worker for file hash cache (C:\Users\HP\StudioProjects\Practice\.gradle\8.0\fileHashes)" [_thread_blocked, id=12392, stack(0x000000672a000000,0x000000672a100000)]
  0x00000257321804f0 JavaThread "Cache worker for cache directory md-supplier (C:\Users\HP\.gradle\caches\8.0\md-supplier)" [_thread_blocked, id=7236, stack(0x000000672a100000,0x000000672a200000)]
  0x0000025732183040 JavaThread "Cache worker for execution history cache (C:\Users\HP\.gradle\caches\8.0\executionHistory)" [_thread_blocked, id=5716, stack(0x000000672a200000,0x000000672a300000)]
  0x0000025732187870 JavaThread "jar transforms" [_thread_blocked, id=17712, stack(0x0000006729a00000,0x0000006729b00000)]
  0x0000025732181360 JavaThread "jar transforms Thread 2" [_thread_blocked, id=888, stack(0x000000672a300000,0x000000672a400000)]
  0x0000025732c912a0 JavaThread "C2 CompilerThread2" daemon [_thread_in_native, id=4960, stack(0x000000672a400000,0x000000672a500000)]
  0x0000025732183510 JavaThread "jar transforms Thread 3" [_thread_blocked, id=7096, stack(0x000000672a500000,0x000000672a600000)]
  0x00000257321826a0 JavaThread "jar transforms Thread 4" [_thread_blocked, id=15608, stack(0x000000672a600000,0x000000672a700000)]
  0x00000257321839e0 JavaThread "Cache worker for dependencies-accessors (C:\Users\HP\StudioProjects\Practice\.gradle\8.0\dependencies-accessors)" [_thread_blocked, id=20000, stack(0x000000672a700000,0x000000672a800000)]
  0x0000025732184850 JavaThread "jar transforms Thread 5" [_thread_blocked, id=20008, stack(0x000000672a800000,0x000000672a900000)]
  0x0000025732181d00 JavaThread "Cache worker for Build Output Cleanup Cache (C:\Users\HP\StudioProjects\Practice\.gradle\buildOutputCleanup)" [_thread_blocked, id=3808, stack(0x000000672a900000,0x000000672aa00000)]
  0x0000025732183eb0 JavaThread "Unconstrained build operations" [_thread_blocked, id=10464, stack(0x000000672aa00000,0x000000672ab00000)]
  0x00000257321821d0 JavaThread "Unconstrained build operations Thread 2" [_thread_blocked, id=19844, stack(0x000000672ab00000,0x000000672ac00000)]
  0x0000025732186530 JavaThread "Unconstrained build operations Thread 3" [_thread_blocked, id=19856, stack(0x000000672ac00000,0x000000672ad00000)]
  0x0000025732182b70 JavaThread "Unconstrained build operations Thread 4" [_thread_blocked, id=13600, stack(0x000000672ad00000,0x000000672ae00000)]
  0x0000025732186a00 JavaThread "Unconstrained build operations Thread 5" [_thread_blocked, id=12536, stack(0x000000672ae00000,0x000000672af00000)]
  0x0000025732184380 JavaThread "Unconstrained build operations Thread 6" [_thread_blocked, id=6024, stack(0x000000672af00000,0x000000672b000000)]
  0x00000257332b3cb0 JavaThread "Unconstrained build operations Thread 7" [_thread_blocked, id=14400, stack(0x000000672b000000,0x000000672b100000)]
  0x00000257332b6330 JavaThread "Unconstrained build operations Thread 8" [_thread_blocked, id=5776, stack(0x000000672b100000,0x000000672b200000)]
  0x00000257332b4b20 JavaThread "Unconstrained build operations Thread 9" [_thread_blocked, id=16768, stack(0x000000672b200000,0x000000672b300000)]
  0x00000257332b0c90 JavaThread "Unconstrained build operations Thread 10" [_thread_blocked, id=15708, stack(0x000000672b300000,0x000000672b400000)]
  0x00000257332b4650 JavaThread "Unconstrained build operations Thread 11" [_thread_blocked, id=15936, stack(0x000000672b400000,0x000000672b500000)]
  0x00000257332af950 JavaThread "Unconstrained build operations Thread 12" [_thread_blocked, id=13196, stack(0x000000672b500000,0x000000672b600000)]
  0x00000257332aeae0 JavaThread "Unconstrained build operations Thread 13" [_thread_blocked, id=17516, stack(0x000000672b600000,0x000000672b700000)]
  0x00000257332b1160 JavaThread "Unconstrained build operations Thread 14" [_thread_blocked, id=13232, stack(0x000000672b700000,0x000000672b800000)]
  0x00000257332b4180 JavaThread "Unconstrained build operations Thread 15" [_thread_blocked, id=2672, stack(0x000000672b800000,0x000000672b900000)]
  0x00000257332b4ff0 JavaThread "Unconstrained build operations Thread 16" [_thread_blocked, id=15760, stack(0x000000672b900000,0x000000672ba00000)]
  0x00000257332b37e0 JavaThread "Unconstrained build operations Thread 17" [_thread_blocked, id=16028, stack(0x000000672ba00000,0x000000672bb00000)]
  0x00000257332af480 JavaThread "Unconstrained build operations Thread 18" [_thread_blocked, id=308, stack(0x000000672bb00000,0x000000672bc00000)]
  0x00000257332b1b00 JavaThread "Unconstrained build operations Thread 19" [_thread_blocked, id=17636, stack(0x000000672bc00000,0x000000672bd00000)]
  0x00000257332b54c0 JavaThread "Unconstrained build operations Thread 20" [_thread_blocked, id=19712, stack(0x000000672bd00000,0x000000672be00000)]
  0x00000257332b1630 JavaThread "Unconstrained build operations Thread 21" [_thread_blocked, id=12492, stack(0x000000672be00000,0x000000672bf00000)]
  0x00000257332b1fd0 JavaThread "Unconstrained build operations Thread 22" [_thread_blocked, id=8780, stack(0x000000672bf00000,0x000000672c000000)]
  0x00000257332b02f0 JavaThread "Unconstrained build operations Thread 23" [_thread_blocked, id=8096, stack(0x000000672c000000,0x000000672c100000)]
  0x00000257332b24a0 JavaThread "Unconstrained build operations Thread 24" [_thread_blocked, id=15560, stack(0x000000672c100000,0x000000672c200000)]
  0x00000257332aefb0 JavaThread "Unconstrained build operations Thread 25" [_thread_blocked, id=17576, stack(0x000000672c200000,0x000000672c300000)]
  0x00000257332b5990 JavaThread "Unconstrained build operations Thread 26" [_thread_blocked, id=14164, stack(0x000000672c300000,0x000000672c400000)]
  0x00000257332b2970 JavaThread "Unconstrained build operations Thread 27" [_thread_blocked, id=4072, stack(0x000000672c400000,0x000000672c500000)]
  0x00000257332afe20 JavaThread "Unconstrained build operations Thread 28" [_thread_blocked, id=14708, stack(0x000000672c500000,0x000000672c600000)]
  0x00000257332b2e40 JavaThread "Unconstrained build operations Thread 29" [_thread_blocked, id=12776, stack(0x000000672c600000,0x000000672c700000)]
  0x00000257332b3310 JavaThread "Unconstrained build operations Thread 30" [_thread_blocked, id=20184, stack(0x000000672c700000,0x000000672c800000)]
  0x00000257332b5e60 JavaThread "Unconstrained build operations Thread 31" [_thread_blocked, id=20260, stack(0x000000672c800000,0x000000672c900000)]
  0x00000257332b07c0 JavaThread "Unconstrained build operations Thread 32" [_thread_blocked, id=11888, stack(0x000000672c900000,0x000000672ca00000)]
  0x00000257348edd50 JavaThread "Unconstrained build operations Thread 33" [_thread_blocked, id=3092, stack(0x000000672ca00000,0x000000672cb00000)]
  0x00000257348f38c0 JavaThread "Unconstrained build operations Thread 34" [_thread_blocked, id=5188, stack(0x000000672cb00000,0x000000672cc00000)]
  0x00000257348eebc0 JavaThread "Unconstrained build operations Thread 35" [_thread_blocked, id=15812, stack(0x000000672cc00000,0x000000672cd00000)]
  0x00000257348ef090 JavaThread "Unconstrained build operations Thread 36" [_thread_blocked, id=4128, stack(0x000000672cd00000,0x000000672ce00000)]
  0x00000257348ed880 JavaThread "Unconstrained build operations Thread 37" [_thread_blocked, id=20028, stack(0x000000672ce00000,0x000000672cf00000)]
  0x00000257348ee220 JavaThread "Unconstrained build operations Thread 38" [_thread_blocked, id=14424, stack(0x000000672cf00000,0x000000672d000000)]
  0x00000257348f20b0 JavaThread "Unconstrained build operations Thread 39" [_thread_blocked, id=14008, stack(0x000000672d000000,0x000000672d100000)]
  0x00000257348f1be0 JavaThread "Unconstrained build operations Thread 40" [_thread_blocked, id=19028, stack(0x000000672d100000,0x000000672d200000)]
  0x00000257348f1240 JavaThread "Unconstrained build operations Thread 41" [_thread_blocked, id=4036, stack(0x000000672d200000,0x000000672d300000)]
  0x00000257348f2580 JavaThread "Unconstrained build operations Thread 42" [_thread_blocked, id=8116, stack(0x000000672d300000,0x000000672d400000)]
  0x00000257348f1710 JavaThread "Unconstrained build operations Thread 43" [_thread_blocked, id=18264, stack(0x000000672d400000,0x000000672d500000)]
  0x00000257348f2a50 JavaThread "Unconstrained build operations Thread 44" [_thread_blocked, id=17792, stack(0x000000672d500000,0x000000672d600000)]
  0x00000257348ee6f0 JavaThread "Unconstrained build operations Thread 45" [_thread_blocked, id=11168, stack(0x000000672d600000,0x000000672d700000)]
  0x00000257348eca10 JavaThread "Unconstrained build operations Thread 46" [_thread_blocked, id=5320, stack(0x000000672d700000,0x000000672d800000)]
  0x00000257348efa30 JavaThread "Unconstrained build operations Thread 47" [_thread_blocked, id=4720, stack(0x000000672d800000,0x000000672d900000)]
  0x00000257348f2f20 JavaThread "Unconstrained build operations Thread 48" [_thread_blocked, id=17512, stack(0x000000672d900000,0x000000672da00000)]
  0x00000257348ecee0 JavaThread "Unconstrained build operations Thread 49" [_thread_blocked, id=11740, stack(0x000000672da00000,0x000000672db00000)]
  0x00000257348ef560 JavaThread "Unconstrained build operations Thread 50" [_thread_blocked, id=18104, stack(0x000000672db00000,0x000000672dc00000)]
  0x00000257348f33f0 JavaThread "Unconstrained build operations Thread 51" [_thread_blocked, id=8988, stack(0x000000672dc00000,0x000000672dd00000)]
  0x00000257348eff00 JavaThread "Unconstrained build operations Thread 52" [_thread_blocked, id=14532, stack(0x000000672dd00000,0x000000672de00000)]
  0x00000257348f03d0 JavaThread "Unconstrained build operations Thread 53" [_thread_blocked, id=14604, stack(0x000000672de00000,0x000000672df00000)]
  0x00000257348ec070 JavaThread "Unconstrained build operations Thread 54" [_thread_blocked, id=19288, stack(0x000000672df00000,0x000000672e000000)]
  0x00000257348f08a0 JavaThread "Unconstrained build operations Thread 55" [_thread_blocked, id=14480, stack(0x000000672e000000,0x000000672e100000)]
  0x00000257348ec540 JavaThread "Unconstrained build operations Thread 56" [_thread_blocked, id=2464, stack(0x000000672e100000,0x000000672e200000)]
  0x00000257348ed3b0 JavaThread "Unconstrained build operations Thread 57" [_thread_blocked, id=12012, stack(0x000000672e200000,0x000000672e300000)]
  0x00000257348f0d70 JavaThread "Unconstrained build operations Thread 58" [_thread_blocked, id=10420, stack(0x000000672e300000,0x000000672e400000)]
  0x0000025734867080 JavaThread "Unconstrained build operations Thread 59" [_thread_blocked, id=11240, stack(0x000000672e400000,0x000000672e500000)]
  0x00000257348653a0 JavaThread "Unconstrained build operations Thread 60" [_thread_blocked, id=13376, stack(0x000000672e500000,0x000000672e600000)]
  0x0000025734864a00 JavaThread "Unconstrained build operations Thread 61" [_thread_blocked, id=15096, stack(0x000000672e600000,0x000000672e700000)]
  0x0000025734867a20 JavaThread "Unconstrained build operations Thread 62" [_thread_blocked, id=6744, stack(0x000000672e700000,0x000000672e800000)]
  0x0000025734869700 JavaThread "Unconstrained build operations Thread 63" [_thread_blocked, id=12824, stack(0x000000672e800000,0x000000672e900000)]
  0x0000025734864ed0 JavaThread "Unconstrained build operations Thread 64" [_thread_blocked, id=15640, stack(0x000000672e900000,0x000000672ea00000)]
  0x00000257348666e0 JavaThread "Unconstrained build operations Thread 65" [_thread_blocked, id=5828, stack(0x000000672ea00000,0x000000672eb00000)]
  0x0000025734868d60 JavaThread "Unconstrained build operations Thread 66" [_thread_blocked, id=1800, stack(0x000000672eb00000,0x000000672ec00000)]
  0x0000025734866210 JavaThread "Unconstrained build operations Thread 67" [_thread_blocked, id=19324, stack(0x000000672ec00000,0x000000672ed00000)]
  0x0000025734869bd0 JavaThread "Unconstrained build operations Thread 68" [_thread_blocked, id=16508, stack(0x000000672ed00000,0x000000672ee00000)]
  0x0000025734864530 JavaThread "Unconstrained build operations Thread 69" [_thread_blocked, id=3372, stack(0x000000672ee00000,0x000000672ef00000)]
  0x000002573486aa40 JavaThread "Unconstrained build operations Thread 70" [_thread_blocked, id=2040, stack(0x000000672ef00000,0x000000672f000000)]
  0x0000025734866bb0 JavaThread "Unconstrained build operations Thread 71" [_thread_blocked, id=20388, stack(0x000000672f000000,0x000000672f100000)]
  0x0000025734864060 JavaThread "Unconstrained build operations Thread 72" [_thread_blocked, id=18876, stack(0x000000672f100000,0x000000672f200000)]
  0x00000257348683c0 JavaThread "Unconstrained build operations Thread 73" [_thread_blocked, id=3140, stack(0x000000672f200000,0x000000672f300000)]
  0x000002573486a0a0 JavaThread "Unconstrained build operations Thread 74" [_thread_blocked, id=13920, stack(0x000000672f300000,0x000000672f400000)]
  0x0000025734869230 JavaThread "Unconstrained build operations Thread 75" [_thread_blocked, id=7140, stack(0x000000672f400000,0x000000672f500000)]
  0x000002573486a570 JavaThread "Unconstrained build operations Thread 76" [_thread_blocked, id=2092, stack(0x000000672f500000,0x000000672f600000)]
  0x0000025734865870 JavaThread "Unconstrained build operations Thread 77" [_thread_blocked, id=14668, stack(0x000000672f600000,0x000000672f700000)]
  0x0000025734867ef0 JavaThread "Unconstrained build operations Thread 78" [_thread_blocked, id=4868, stack(0x000000672f700000,0x000000672f800000)]
  0x0000025734867550 JavaThread "Unconstrained build operations Thread 79" [_thread_blocked, id=13208, stack(0x000000672f800000,0x000000672f900000)]
  0x0000025734865d40 JavaThread "Unconstrained build operations Thread 80" [_thread_blocked, id=11800, stack(0x000000672f900000,0x000000672fa00000)]
  0x0000025734868890 JavaThread "jar transforms Thread 6" [_thread_blocked, id=20064, stack(0x000000672fa00000,0x000000672fb00000)]
  0x000002573486af10 JavaThread "jar transforms Thread 7" [_thread_blocked, id=6584, stack(0x000000672fb00000,0x000000672fc00000)]
  0x000002573486b3e0 JavaThread "jar transforms Thread 8" [_thread_blocked, id=6448, stack(0x000000672fc00000,0x000000672fd00000)]
  0x0000025734be6f90 JavaThread "build event listener" [_thread_blocked, id=4604, stack(0x000000672fd00000,0x000000672fe00000)]
  0x0000025734be7e00 JavaThread "Memory manager" [_thread_blocked, id=6072, stack(0x000000672fe00000,0x000000672ff00000)]

Other Threads:
  0x000002572f053940 VMThread "VM Thread" [stack: 0x0000006727700000,0x0000006727800000] [id=11872]
  0x000002572f23afb0 WatcherThread [stack: 0x0000006728300000,0x0000006728400000] [id=6604]
  0x0000025714772750 GCTaskThread "GC Thread#0" [stack: 0x0000006727200000,0x0000006727300000] [id=5064]
  0x000002572f489c80 GCTaskThread "GC Thread#1" [stack: 0x0000006728600000,0x0000006728700000] [id=14624]
  0x000002572f489f30 GCTaskThread "GC Thread#2" [stack: 0x0000006728700000,0x0000006728800000] [id=2088]
  0x000002572f489470 GCTaskThread "GC Thread#3" [stack: 0x0000006728800000,0x0000006728900000] [id=20104]
  0x000002572f48a740 GCTaskThread "GC Thread#4" [stack: 0x0000006728900000,0x0000006728a00000] [id=14780]
  0x000002572f489720 GCTaskThread "GC Thread#5" [stack: 0x0000006728a00000,0x0000006728b00000] [id=568]
  0x000002572f48a9f0 GCTaskThread "GC Thread#6" [stack: 0x0000006729400000,0x0000006729500000] [id=7420]
  0x000002572f4899d0 GCTaskThread "GC Thread#7" [stack: 0x0000006729500000,0x0000006729600000] [id=11772]
  0x0000025714783690 ConcurrentGCThread "G1 Main Marker" [stack: 0x0000006727300000,0x0000006727400000] [id=19980]
  0x0000025714784200 ConcurrentGCThread "G1 Conc#0" [stack: 0x0000006727400000,0x0000006727500000] [id=11256]
  0x00000257319b3740 ConcurrentGCThread "G1 Conc#1" [stack: 0x0000006729600000,0x0000006729700000] [id=16916]
  0x00000257147beca0 ConcurrentGCThread "G1 Refine#0" [stack: 0x0000006727500000,0x0000006727600000] [id=13308]
  0x000002572e4147b0 ConcurrentGCThread "G1 Service" [stack: 0x0000006727600000,0x0000006727700000] [id=3952]

Threads with active compile tasks:
C2 CompilerThread0     5780 7698       4       org.gradle.internal.instantiation.generator.AbstractClassGenerator::inspectType (560 bytes)
C2 CompilerThread1     5781 7777       4       org.gradle.internal.instantiation.generator.AbstractClassGenerator$ClassMetadata::property (42 bytes)
C2 CompilerThread2     5781 7665       4       org.gradle.internal.reflect.ClassInspector::inspectClass (179 bytes)

VM state: not at safepoint (normal execution)

VM Mutex/Monitor currently owned by a thread: None

Heap address: 0x0000000080000000, size: 2048 MB, Compressed Oops mode: 32-bit

CDS archive(s) not mapped
Compressed class space mapped at: 0x0000000100000000-0x0000000140000000, reserved size: 1073741824
Narrow klass base: 0x0000000000000000, Narrow klass shift: 3, Narrow klass range: 0x140000000

GC Precious Log:
 CPUs: 8 total, 8 available
 Memory: 16064M
 Large Page Support: Disabled
 NUMA Support: Disabled
 Compressed Oops: Enabled (32-bit)
 Heap Region Size: 1M
 Heap Min Capacity: 8M
 Heap Initial Capacity: 252M
 Heap Max Capacity: 2G
 Pre-touch: Disabled
 Parallel Workers: 8
 Concurrent Workers: 2
 Concurrent Refinement Workers: 8
 Periodic GC: Disabled

Heap:
 garbage-first heap   total 161792K, used 67606K [0x0000000080000000, 0x0000000100000000)
  region size 1024K, 12 young (12288K), 7 survivors (7168K)
 Metaspace       used 76721K, committed 77312K, reserved 1122304K
  class space    used 10436K, committed 10688K, reserved 1048576K

Heap Regions: E=young(eden), S=young(survivor), O=old, HS=humongous(starts), HC=humongous(continues), CS=collection set, F=free, OA=open archive, CA=closed archive, TAMS=top-at-mark-start (previous, next)
|   0|0x0000000080000000, 0x0000000080100000, 0x0000000080100000|100%|HS|  |TAMS 0x0000000080100000, 0x0000000080000000| Complete 
|   1|0x0000000080100000, 0x0000000080200000, 0x0000000080200000|100%|HC|  |TAMS 0x0000000080200000, 0x0000000080100000| Complete 
|   2|0x0000000080200000, 0x0000000080300000, 0x0000000080300000|100%|HC|  |TAMS 0x0000000080300000, 0x0000000080200000| Complete 
|   3|0x0000000080300000, 0x0000000080400000, 0x0000000080400000|100%|HC|  |TAMS 0x0000000080400000, 0x0000000080300000| Complete 
|   4|0x0000000080400000, 0x0000000080500000, 0x0000000080500000|100%| O|  |TAMS 0x0000000080500000, 0x0000000080400000| Untracked 
|   5|0x0000000080500000, 0x0000000080600000, 0x0000000080600000|100%| O|  |TAMS 0x0000000080600000, 0x0000000080500000| Untracked 
|   6|0x0000000080600000, 0x0000000080700000, 0x0000000080700000|100%| O|  |TAMS 0x0000000080700000, 0x0000000080600000| Untracked 
|   7|0x0000000080700000, 0x0000000080800000, 0x0000000080800000|100%| O|  |TAMS 0x0000000080800000, 0x0000000080700000| Untracked 
|   8|0x0000000080800000, 0x0000000080900000, 0x0000000080900000|100%| O|  |TAMS 0x0000000080900000, 0x0000000080800000| Untracked 
|   9|0x0000000080900000, 0x0000000080a00000, 0x0000000080a00000|100%| O|  |TAMS 0x0000000080a00000, 0x0000000080900000| Untracked 
|  10|0x0000000080a00000, 0x0000000080af4200, 0x0000000080b00000| 95%| O|  |TAMS 0x0000000080af4200, 0x0000000080a00000| Untracked 
|  11|0x0000000080b00000, 0x0000000080c00000, 0x0000000080c00000|100%| O|  |TAMS 0x0000000080c00000, 0x0000000080b00000| Untracked 
|  12|0x0000000080c00000, 0x0000000080d00000, 0x0000000080d00000|100%| O|  |TAMS 0x0000000080d00000, 0x0000000080c00000| Untracked 
|  13|0x0000000080d00000, 0x0000000080e00000, 0x0000000080e00000|100%| O|  |TAMS 0x0000000080e00000, 0x0000000080d00000| Untracked 
|  14|0x0000000080e00000, 0x0000000080f00000, 0x0000000080f00000|100%|HS|  |TAMS 0x0000000080f00000, 0x0000000080e00000| Complete 
|  15|0x0000000080f00000, 0x0000000081000000, 0x0000000081000000|100%| O|  |TAMS 0x0000000081000000, 0x0000000080f00000| Untracked 
|  16|0x0000000081000000, 0x0000000081100000, 0x0000000081100000|100%| O|  |TAMS 0x0000000081100000, 0x0000000081000000| Untracked 
|  17|0x0000000081100000, 0x0000000081200000, 0x0000000081200000|100%| O|  |TAMS 0x0000000081200000, 0x0000000081100000| Untracked 
|  18|0x0000000081200000, 0x0000000081300000, 0x0000000081300000|100%| O|  |TAMS 0x0000000081300000, 0x0000000081200000| Untracked 
|  19|0x0000000081300000, 0x0000000081400000, 0x0000000081400000|100%| O|  |TAMS 0x0000000081400000, 0x0000000081300000| Untracked 
|  20|0x0000000081400000, 0x0000000081500000, 0x0000000081500000|100%| O|  |TAMS 0x0000000081500000, 0x0000000081400000| Untracked 
|  21|0x0000000081500000, 0x0000000081600000, 0x0000000081600000|100%| O|  |TAMS 0x0000000081600000, 0x0000000081500000| Untracked 
|  22|0x0000000081600000, 0x0000000081700000, 0x0000000081700000|100%| O|  |TAMS 0x0000000081700000, 0x0000000081600000| Untracked 
|  23|0x0000000081700000, 0x0000000081800000, 0x0000000081800000|100%| O|  |TAMS 0x0000000081800000, 0x0000000081700000| Untracked 
|  24|0x0000000081800000, 0x0000000081900000, 0x0000000081900000|100%| O|  |TAMS 0x0000000081900000, 0x0000000081800000| Untracked 
|  25|0x0000000081900000, 0x0000000081a00000, 0x0000000081a00000|100%| O|  |TAMS 0x0000000081a00000, 0x0000000081900000| Untracked 
|  26|0x0000000081a00000, 0x0000000081b00000, 0x0000000081b00000|100%| O|  |TAMS 0x0000000081b00000, 0x0000000081a00000| Untracked 
|  27|0x0000000081b00000, 0x0000000081c00000, 0x0000000081c00000|100%| O|  |TAMS 0x0000000081c00000, 0x0000000081b00000| Untracked 
|  28|0x0000000081c00000, 0x0000000081d00000, 0x0000000081d00000|100%|HS|  |TAMS 0x0000000081d00000, 0x0000000081c00000| Complete 
|  29|0x0000000081d00000, 0x0000000081e00000, 0x0000000081e00000|100%| O|  |TAMS 0x0000000081d00000, 0x0000000081d00000| Untracked 
|  30|0x0000000081e00000, 0x0000000081f00000, 0x0000000081f00000|100%| O|  |TAMS 0x0000000081f00000, 0x0000000081e00000| Untracked 
|  31|0x0000000081f00000, 0x0000000082000000, 0x0000000082000000|100%| O|  |TAMS 0x0000000082000000, 0x0000000081f00000| Untracked 
|  32|0x0000000082000000, 0x0000000082100000, 0x0000000082100000|100%| O|  |TAMS 0x0000000082100000, 0x0000000082000000| Untracked 
|  33|0x0000000082100000, 0x0000000082200000, 0x0000000082200000|100%| O|  |TAMS 0x0000000082200000, 0x0000000082100000| Untracked 
|  34|0x0000000082200000, 0x0000000082300000, 0x0000000082300000|100%| O|  |TAMS 0x0000000082300000, 0x0000000082200000| Untracked 
|  35|0x0000000082300000, 0x0000000082400000, 0x0000000082400000|100%| O|  |TAMS 0x0000000082400000, 0x0000000082300000| Untracked 
|  36|0x0000000082400000, 0x0000000082500000, 0x0000000082500000|100%| O|  |TAMS 0x00000000824e4a00, 0x0000000082400000| Untracked 
|  37|0x0000000082500000, 0x0000000082600000, 0x0000000082600000|100%| O|  |TAMS 0x0000000082500000, 0x0000000082500000| Untracked 
|  38|0x0000000082600000, 0x0000000082700000, 0x0000000082700000|100%| O|  |TAMS 0x0000000082600000, 0x0000000082600000| Untracked 
|  39|0x0000000082700000, 0x0000000082800000, 0x0000000082800000|100%| O|  |TAMS 0x0000000082700000, 0x0000000082700000| Untracked 
|  40|0x0000000082800000, 0x0000000082900000, 0x0000000082900000|100%| O|  |TAMS 0x0000000082800000, 0x0000000082800000| Untracked 
|  41|0x0000000082900000, 0x0000000082a00000, 0x0000000082a00000|100%| O|  |TAMS 0x0000000082900000, 0x0000000082900000| Untracked 
|  42|0x0000000082a00000, 0x0000000082b00000, 0x0000000082b00000|100%| O|  |TAMS 0x0000000082a00000, 0x0000000082a00000| Untracked 
|  43|0x0000000082b00000, 0x0000000082c00000, 0x0000000082c00000|100%| O|  |TAMS 0x0000000082b00000, 0x0000000082b00000| Untracked 
|  44|0x0000000082c00000, 0x0000000082d00000, 0x0000000082d00000|100%| O|  |TAMS 0x0000000082c00000, 0x0000000082c00000| Untracked 
|  45|0x0000000082d00000, 0x0000000082e00000, 0x0000000082e00000|100%| O|  |TAMS 0x0000000082d00000, 0x0000000082d00000| Untracked 
|  46|0x0000000082e00000, 0x0000000082f00000, 0x0000000082f00000|100%| O|  |TAMS 0x0000000082e00000, 0x0000000082e00000| Untracked 
|  47|0x0000000082f00000, 0x0000000083000000, 0x0000000083000000|100%| O|  |TAMS 0x0000000082f00000, 0x0000000082f00000| Untracked 
|  48|0x0000000083000000, 0x0000000083100000, 0x0000000083100000|100%| O|  |TAMS 0x0000000083000000, 0x0000000083000000| Untracked 
|  49|0x0000000083100000, 0x0000000083200000, 0x0000000083200000|100%| O|  |TAMS 0x0000000083100000, 0x0000000083100000| Untracked 
|  50|0x0000000083200000, 0x0000000083300000, 0x0000000083300000|100%| O|  |TAMS 0x0000000083200000, 0x0000000083200000| Untracked 
|  51|0x0000000083300000, 0x0000000083400000, 0x0000000083400000|100%| O|  |TAMS 0x0000000083300000, 0x0000000083300000| Untracked 
|  52|0x0000000083400000, 0x0000000083500000, 0x0000000083500000|100%| O|  |TAMS 0x0000000083400000, 0x0000000083400000| Untracked 
|  53|0x0000000083500000, 0x0000000083600000, 0x0000000083600000|100%| O|  |TAMS 0x0000000083500000, 0x0000000083500000| Untracked 
|  54|0x0000000083600000, 0x0000000083700000, 0x0000000083700000|100%| O|  |TAMS 0x0000000083600000, 0x0000000083600000| Untracked 
|  55|0x0000000083700000, 0x0000000083711600, 0x0000000083800000|  6%| O|  |TAMS 0x0000000083700000, 0x0000000083700000| Untracked 
|  56|0x0000000083800000, 0x0000000083800000, 0x0000000083900000|  0%| F|  |TAMS 0x0000000083800000, 0x0000000083800000| Untracked 
|  57|0x0000000083900000, 0x0000000083900000, 0x0000000083a00000|  0%| F|  |TAMS 0x0000000083900000, 0x0000000083900000| Untracked 
|  58|0x0000000083a00000, 0x0000000083a00000, 0x0000000083b00000|  0%| F|  |TAMS 0x0000000083a00000, 0x0000000083a00000| Untracked 
|  59|0x0000000083b00000, 0x0000000083b00000, 0x0000000083c00000|  0%| F|  |TAMS 0x0000000083b00000, 0x0000000083b00000| Untracked 
|  60|0x0000000083c00000, 0x0000000083c00000, 0x0000000083d00000|  0%| F|  |TAMS 0x0000000083c00000, 0x0000000083c00000| Untracked 
|  61|0x0000000083d00000, 0x0000000083d00000, 0x0000000083e00000|  0%| F|  |TAMS 0x0000000083d00000, 0x0000000083d00000| Untracked 
|  62|0x0000000083e00000, 0x0000000083e00000, 0x0000000083f00000|  0%| F|  |TAMS 0x0000000083e00000, 0x0000000083e00000| Untracked 
|  63|0x0000000083f00000, 0x0000000083f00000, 0x0000000084000000|  0%| F|  |TAMS 0x0000000083f00000, 0x0000000083f00000| Untracked 
|  64|0x0000000084000000, 0x0000000084000000, 0x0000000084100000|  0%| F|  |TAMS 0x0000000084000000, 0x0000000084000000| Untracked 
|  65|0x0000000084100000, 0x0000000084100000, 0x0000000084200000|  0%| F|  |TAMS 0x0000000084100000, 0x0000000084100000| Untracked 
|  66|0x0000000084200000, 0x0000000084200000, 0x0000000084300000|  0%| F|  |TAMS 0x0000000084200000, 0x0000000084200000| Untracked 
|  67|0x0000000084300000, 0x0000000084300000, 0x0000000084400000|  0%| F|  |TAMS 0x0000000084300000, 0x0000000084300000| Untracked 
|  68|0x0000000084400000, 0x0000000084400000, 0x0000000084500000|  0%| F|  |TAMS 0x0000000084400000, 0x0000000084400000| Untracked 
|  69|0x0000000084500000, 0x0000000084500000, 0x0000000084600000|  0%| F|  |TAMS 0x0000000084500000, 0x0000000084500000| Untracked 
|  70|0x0000000084600000, 0x0000000084600000, 0x0000000084700000|  0%| F|  |TAMS 0x0000000084600000, 0x0000000084600000| Untracked 
|  71|0x0000000084700000, 0x0000000084700000, 0x0000000084800000|  0%| F|  |TAMS 0x0000000084700000, 0x0000000084700000| Untracked 
|  72|0x0000000084800000, 0x0000000084900000, 0x0000000084900000|100%| S|CS|TAMS 0x0000000084800000, 0x0000000084800000| Complete 
|  73|0x0000000084900000, 0x0000000084900000, 0x0000000084a00000|  0%| F|  |TAMS 0x0000000084900000, 0x0000000084900000| Untracked 
|  74|0x0000000084a00000, 0x0000000084a00000, 0x0000000084b00000|  0%| F|  |TAMS 0x0000000084a00000, 0x0000000084a00000| Untracked 
|  75|0x0000000084b00000, 0x0000000084b00000, 0x0000000084c00000|  0%| F|  |TAMS 0x0000000084b00000, 0x0000000084b00000| Untracked 
|  76|0x0000000084c00000, 0x0000000084c00000, 0x0000000084d00000|  0%| F|  |TAMS 0x0000000084c00000, 0x0000000084c00000| Untracked 
|  77|0x0000000084d00000, 0x0000000084d00000, 0x0000000084e00000|  0%| F|  |TAMS 0x0000000084d00000, 0x0000000084d00000| Untracked 
|  78|0x0000000084e00000, 0x0000000084f00000, 0x0000000084f00000|100%| S|CS|TAMS 0x0000000084e00000, 0x0000000084e00000| Complete 
|  79|0x0000000084f00000, 0x0000000085000000, 0x0000000085000000|100%| S|CS|TAMS 0x0000000084f00000, 0x0000000084f00000| Complete 
|  80|0x0000000085000000, 0x0000000085100000, 0x0000000085100000|100%| S|CS|TAMS 0x0000000085000000, 0x0000000085000000| Complete 
|  81|0x0000000085100000, 0x0000000085200000, 0x0000000085200000|100%| S|CS|TAMS 0x0000000085100000, 0x0000000085100000| Complete 
|  82|0x0000000085200000, 0x0000000085200000, 0x0000000085300000|  0%| F|  |TAMS 0x0000000085200000, 0x0000000085200000| Untracked 
|  83|0x0000000085300000, 0x0000000085300000, 0x0000000085400000|  0%| F|  |TAMS 0x0000000085300000, 0x0000000085300000| Untracked 
|  84|0x0000000085400000, 0x0000000085500000, 0x0000000085500000|100%| S|CS|TAMS 0x0000000085400000, 0x0000000085400000| Complete 
|  85|0x0000000085500000, 0x0000000085600000, 0x0000000085600000|100%| S|CS|TAMS 0x0000000085500000, 0x0000000085500000| Complete 
|  86|0x0000000085600000, 0x0000000085600000, 0x0000000085700000|  0%| F|  |TAMS 0x0000000085600000, 0x0000000085600000| Untracked 
|  87|0x0000000085700000, 0x0000000085700000, 0x0000000085800000|  0%| F|  |TAMS 0x0000000085700000, 0x0000000085700000| Untracked 
|  88|0x0000000085800000, 0x0000000085800000, 0x0000000085900000|  0%| F|  |TAMS 0x0000000085800000, 0x0000000085800000| Untracked 
|  89|0x0000000085900000, 0x0000000085900000, 0x0000000085a00000|  0%| F|  |TAMS 0x0000000085900000, 0x0000000085900000| Untracked 
|  90|0x0000000085a00000, 0x0000000085a00000, 0x0000000085b00000|  0%| F|  |TAMS 0x0000000085a00000, 0x0000000085a00000| Untracked 
|  91|0x0000000085b00000, 0x0000000085b00000, 0x0000000085c00000|  0%| F|  |TAMS 0x0000000085b00000, 0x0000000085b00000| Untracked 
|  92|0x0000000085c00000, 0x0000000085c00000, 0x0000000085d00000|  0%| F|  |TAMS 0x0000000085c00000, 0x0000000085c00000| Untracked 
|  93|0x0000000085d00000, 0x0000000085d00000, 0x0000000085e00000|  0%| F|  |TAMS 0x0000000085d00000, 0x0000000085d00000| Untracked 
|  94|0x0000000085e00000, 0x0000000085e00000, 0x0000000085f00000|  0%| F|  |TAMS 0x0000000085e00000, 0x0000000085e00000| Untracked 
|  95|0x0000000085f00000, 0x0000000085f00000, 0x0000000086000000|  0%| F|  |TAMS 0x0000000085f00000, 0x0000000085f00000| Untracked 
|  96|0x0000000086000000, 0x0000000086000000, 0x0000000086100000|  0%| F|  |TAMS 0x0000000086000000, 0x0000000086000000| Untracked 
|  97|0x0000000086100000, 0x0000000086100000, 0x0000000086200000|  0%| F|  |TAMS 0x0000000086100000, 0x0000000086100000| Untracked 
|  98|0x0000000086200000, 0x0000000086200000, 0x0000000086300000|  0%| F|  |TAMS 0x0000000086200000, 0x0000000086200000| Untracked 
|  99|0x0000000086300000, 0x0000000086300000, 0x0000000086400000|  0%| F|  |TAMS 0x0000000086300000, 0x0000000086300000| Untracked 
| 100|0x0000000086400000, 0x0000000086400000, 0x0000000086500000|  0%| F|  |TAMS 0x0000000086400000, 0x0000000086400000| Untracked 
| 101|0x0000000086500000, 0x0000000086500000, 0x0000000086600000|  0%| F|  |TAMS 0x0000000086500000, 0x0000000086500000| Untracked 
| 102|0x0000000086600000, 0x0000000086600000, 0x0000000086700000|  0%| F|  |TAMS 0x0000000086600000, 0x0000000086600000| Untracked 
| 103|0x0000000086700000, 0x0000000086700000, 0x0000000086800000|  0%| F|  |TAMS 0x0000000086700000, 0x0000000086700000| Untracked 
| 104|0x0000000086800000, 0x0000000086800000, 0x0000000086900000|  0%| F|  |TAMS 0x0000000086800000, 0x0000000086800000| Untracked 
| 105|0x0000000086900000, 0x0000000086900000, 0x0000000086a00000|  0%| F|  |TAMS 0x0000000086900000, 0x0000000086900000| Untracked 
| 106|0x0000000086a00000, 0x0000000086a00000, 0x0000000086b00000|  0%| F|  |TAMS 0x0000000086a00000, 0x0000000086a00000| Untracked 
| 107|0x0000000086b00000, 0x0000000086b00000, 0x0000000086c00000|  0%| F|  |TAMS 0x0000000086b00000, 0x0000000086b00000| Untracked 
| 108|0x0000000086c00000, 0x0000000086c00000, 0x0000000086d00000|  0%| F|  |TAMS 0x0000000086c00000, 0x0000000086c00000| Untracked 
| 109|0x0000000086d00000, 0x0000000086d00000, 0x0000000086e00000|  0%| F|  |TAMS 0x0000000086d00000, 0x0000000086d00000| Untracked 
| 110|0x0000000086e00000, 0x0000000086e00000, 0x0000000086f00000|  0%| F|  |TAMS 0x0000000086e00000, 0x0000000086e00000| Untracked 
| 111|0x0000000086f00000, 0x0000000086f00000, 0x0000000087000000|  0%| F|  |TAMS 0x0000000086f00000, 0x0000000086f00000| Untracked 
| 112|0x0000000087000000, 0x0000000087000000, 0x0000000087100000|  0%| F|  |TAMS 0x0000000087000000, 0x0000000087000000| Untracked 
| 113|0x0000000087100000, 0x0000000087100000, 0x0000000087200000|  0%| F|  |TAMS 0x0000000087100000, 0x0000000087100000| Untracked 
| 114|0x0000000087200000, 0x0000000087200000, 0x0000000087300000|  0%| F|  |TAMS 0x0000000087200000, 0x0000000087200000| Untracked 
| 115|0x0000000087300000, 0x0000000087300000, 0x0000000087400000|  0%| F|  |TAMS 0x0000000087300000, 0x0000000087300000| Untracked 
| 116|0x0000000087400000, 0x0000000087400000, 0x0000000087500000|  0%| F|  |TAMS 0x0000000087400000, 0x0000000087400000| Untracked 
| 117|0x0000000087500000, 0x0000000087500000, 0x0000000087600000|  0%| F|  |TAMS 0x0000000087500000, 0x0000000087500000| Untracked 
| 118|0x0000000087600000, 0x0000000087600000, 0x0000000087700000|  0%| F|  |TAMS 0x0000000087600000, 0x0000000087600000| Untracked 
| 119|0x0000000087700000, 0x0000000087700000, 0x0000000087800000|  0%| F|  |TAMS 0x0000000087700000, 0x0000000087700000| Untracked 
| 120|0x0000000087800000, 0x0000000087800000, 0x0000000087900000|  0%| F|  |TAMS 0x0000000087800000, 0x0000000087800000| Untracked 
| 121|0x0000000087900000, 0x0000000087900000, 0x0000000087a00000|  0%| F|  |TAMS 0x0000000087900000, 0x0000000087900000| Untracked 
| 122|0x0000000087a00000, 0x0000000087a00000, 0x0000000087b00000|  0%| F|  |TAMS 0x0000000087a00000, 0x0000000087a00000| Untracked 
| 123|0x0000000087b00000, 0x0000000087b00000, 0x0000000087c00000|  0%| F|  |TAMS 0x0000000087b00000, 0x0000000087b00000| Untracked 
| 124|0x0000000087c00000, 0x0000000087c00000, 0x0000000087d00000|  0%| F|  |TAMS 0x0000000087c00000, 0x0000000087c00000| Untracked 
| 125|0x0000000087d00000, 0x0000000087d00000, 0x0000000087e00000|  0%| F|  |TAMS 0x0000000087d00000, 0x0000000087d00000| Untracked 
| 126|0x0000000087e00000, 0x0000000087e00000, 0x0000000087f00000|  0%| F|  |TAMS 0x0000000087e00000, 0x0000000087e00000| Untracked 
| 127|0x0000000087f00000, 0x0000000087f00000, 0x0000000088000000|  0%| F|  |TAMS 0x0000000087f00000, 0x0000000087f00000| Untracked 
| 128|0x0000000088000000, 0x0000000088000000, 0x0000000088100000|  0%| F|  |TAMS 0x0000000088000000, 0x0000000088000000| Untracked 
| 129|0x0000000088100000, 0x0000000088100000, 0x0000000088200000|  0%| F|  |TAMS 0x0000000088100000, 0x0000000088100000| Untracked 
| 130|0x0000000088200000, 0x0000000088200000, 0x0000000088300000|  0%| F|  |TAMS 0x0000000088200000, 0x0000000088200000| Untracked 
| 131|0x0000000088300000, 0x0000000088300000, 0x0000000088400000|  0%| F|  |TAMS 0x0000000088300000, 0x0000000088300000| Untracked 
| 132|0x0000000088400000, 0x0000000088400000, 0x0000000088500000|  0%| F|  |TAMS 0x0000000088400000, 0x0000000088400000| Untracked 
| 133|0x0000000088500000, 0x0000000088500000, 0x0000000088600000|  0%| F|  |TAMS 0x0000000088500000, 0x0000000088500000| Untracked 
| 134|0x0000000088600000, 0x0000000088600000, 0x0000000088700000|  0%| F|  |TAMS 0x0000000088600000, 0x0000000088600000| Untracked 
| 135|0x0000000088700000, 0x0000000088700000, 0x0000000088800000|  0%| F|  |TAMS 0x0000000088700000, 0x0000000088700000| Untracked 
| 136|0x0000000088800000, 0x0000000088800000, 0x0000000088900000|  0%| F|  |TAMS 0x0000000088800000, 0x0000000088800000| Untracked 
| 137|0x0000000088900000, 0x0000000088900000, 0x0000000088a00000|  0%| F|  |TAMS 0x0000000088900000, 0x0000000088900000| Untracked 
| 138|0x0000000088a00000, 0x0000000088a00000, 0x0000000088b00000|  0%| F|  |TAMS 0x0000000088a00000, 0x0000000088a00000| Untracked 
| 139|0x0000000088b00000, 0x0000000088b00000, 0x0000000088c00000|  0%| F|  |TAMS 0x0000000088b00000, 0x0000000088b00000| Untracked 
| 140|0x0000000088c00000, 0x0000000088c00000, 0x0000000088d00000|  0%| F|  |TAMS 0x0000000088c00000, 0x0000000088c00000| Untracked 
| 141|0x0000000088d00000, 0x0000000088d00000, 0x0000000088e00000|  0%| F|  |TAMS 0x0000000088d00000, 0x0000000088d00000| Untracked 
| 142|0x0000000088e00000, 0x0000000088e00000, 0x0000000088f00000|  0%| F|  |TAMS 0x0000000088e00000, 0x0000000088e00000| Untracked 
| 143|0x0000000088f00000, 0x0000000088f00000, 0x0000000089000000|  0%| F|  |TAMS 0x0000000088f00000, 0x0000000088f00000| Untracked 
| 144|0x0000000089000000, 0x0000000089000000, 0x0000000089100000|  0%| F|  |TAMS 0x0000000089000000, 0x0000000089000000| Untracked 
| 145|0x0000000089100000, 0x0000000089100000, 0x0000000089200000|  0%| F|  |TAMS 0x0000000089100000, 0x0000000089100000| Untracked 
| 146|0x0000000089200000, 0x0000000089200000, 0x0000000089300000|  0%| F|  |TAMS 0x0000000089200000, 0x0000000089200000| Untracked 
| 147|0x0000000089300000, 0x0000000089300000, 0x0000000089400000|  0%| F|  |TAMS 0x0000000089300000, 0x0000000089300000| Untracked 
| 148|0x0000000089400000, 0x0000000089400000, 0x0000000089500000|  0%| F|  |TAMS 0x0000000089400000, 0x0000000089400000| Untracked 
| 203|0x000000008cb00000, 0x000000008cb00000, 0x000000008cc00000|  0%| F|  |TAMS 0x000000008cb00000, 0x000000008cb00000| Untracked 
| 204|0x000000008cc00000, 0x000000008cc00000, 0x000000008cd00000|  0%| F|  |TAMS 0x000000008cc00000, 0x000000008cc00000| Untracked 
| 205|0x000000008cd00000, 0x000000008cd00000, 0x000000008ce00000|  0%| F|  |TAMS 0x000000008cd00000, 0x000000008cd00000| Untracked 
| 206|0x000000008ce00000, 0x000000008ce80948, 0x000000008cf00000| 50%| E|  |TAMS 0x000000008ce00000, 0x000000008ce00000| Complete 
| 207|0x000000008cf00000, 0x000000008d000000, 0x000000008d000000|100%| E|CS|TAMS 0x000000008cf00000, 0x000000008cf00000| Complete 
| 208|0x000000008d000000, 0x000000008d100000, 0x000000008d100000|100%| E|CS|TAMS 0x000000008d000000, 0x000000008d000000| Complete 
| 209|0x000000008d100000, 0x000000008d200000, 0x000000008d200000|100%| E|CS|TAMS 0x000000008d100000, 0x000000008d100000| Complete 
| 210|0x000000008d200000, 0x000000008d300000, 0x000000008d300000|100%| E|CS|TAMS 0x000000008d200000, 0x000000008d200000| Complete 
| 251|0x000000008fb00000, 0x000000008fc00000, 0x000000008fc00000|100%| E|CS|TAMS 0x000000008fb00000, 0x000000008fb00000| Complete 

Card table byte_map: [0x00000257272f0000,0x00000257276f0000] _byte_map_base: 0x0000025726ef0000

Marking Bits (Prev, Next): (CMBitMap*) 0x0000025714772da0, (CMBitMap*) 0x0000025714772d60
 Prev Bits: [0x0000025729af0000, 0x000002572baf0000)
 Next Bits: [0x0000025727af0000, 0x0000025729af0000)

Polling page: 0x0000025712690000

Metaspace:

Usage:
  Non-class:     64.80 MB used.
      Class:     10.20 MB used.
       Both:     75.00 MB used.

Virtual space:
  Non-class space:       72.00 MB reserved,      65.12 MB ( 90%) committed,  9 nodes.
      Class space:        1.00 GB reserved,      10.50 MB (  1%) committed,  1 nodes.
             Both:        1.07 GB reserved,      75.62 MB (  7%) committed. 

Chunk freelists:
   Non-Class:  2.58 MB
       Class:  1.48 MB
        Both:  4.06 MB

MaxMetaspaceSize: unlimited
CompressedClassSpaceSize: 1.00 GB
Initial GC threshold: 21.00 MB
Current GC threshold: 98.88 MB
CDS: off
MetaspaceReclaimPolicy: balanced
 - commit_granule_bytes: 65536.
 - commit_granule_words: 8192.
 - virtual_space_node_default_size: 1048576.
 - enlarge_chunks_in_place: 1.
 - new_chunks_are_fully_committed: 0.
 - uncommit_free_chunks: 1.
 - use_allocation_guard: 0.
 - handle_deallocations: 1.


Internal statistics:

num_allocs_failed_limit: 9.
num_arena_births: 684.
num_arena_deaths: 0.
num_vsnodes_births: 10.
num_vsnodes_deaths: 0.
num_space_committed: 1210.
num_space_uncommitted: 0.
num_chunks_returned_to_freelist: 9.
num_chunks_taken_from_freelist: 3361.
num_chunk_merges: 6.
num_chunk_splits: 2242.
num_chunks_enlarged: 1515.
num_purges: 0.
num_inconsistent_stats: 0.

CodeHeap 'non-profiled nmethods': size=120000Kb used=4444Kb max_used=4444Kb free=115555Kb
 bounds [0x000002571f690000, 0x000002571faf0000, 0x0000025726bc0000]
CodeHeap 'profiled nmethods': size=120000Kb used=13555Kb max_used=13555Kb free=106444Kb
 bounds [0x0000025717bc0000, 0x0000025718900000, 0x000002571f0f0000]
CodeHeap 'non-nmethods': size=5760Kb used=2371Kb max_used=2436Kb free=3388Kb
 bounds [0x000002571f0f0000, 0x000002571f360000, 0x000002571f690000]
 total_blobs=7910 nmethods=7024 adapters=798
 compilation: enabled
              stopped_count=0, restarted_count=0
 full_count=0

Compilation events (20 events):
Event: 5.729 Thread 0x000002572f0abfd0 7770       3       org.gradle.internal.instantiation.generator.AsmBackedClassGenerator$ClassInspectionVisitorImpl::builder (244 bytes)
Event: 5.729 Thread 0x000002572f0abfd0 nmethod 7770 0x00000257188d6910 code [0x00000257188d6c00, 0x00000257188d7da8]
Event: 5.729 Thread 0x000002572f0abfd0 7774       3       org.gradle.internal.instantiation.generator.AbstractClassGenerator$GeneratedClassImpl::<init> (128 bytes)
Event: 5.731 Thread 0x000002572f0abfd0 nmethod 7774 0x00000257188d8290 code [0x00000257188d8720, 0x00000257188dad28]
Event: 5.731 Thread 0x000002572f0abfd0 7773       3       org.gradle.internal.instantiation.generator.AbstractClassGenerator$AbstractInjectedPropertyHandler::getInjectedServices (59 bytes)
Event: 5.732 Thread 0x000002572f0abfd0 nmethod 7773 0x00000257188dba90 code [0x00000257188dbd40, 0x00000257188dcbe8]
Event: 5.741 Thread 0x000002572f0abfd0 7776       3       org.gradle.internal.instantiation.generator.AsmBackedClassGenerator$ClassBuilderImpl::access$600 (4 bytes)
Event: 5.742 Thread 0x000002572f0abfd0 nmethod 7776 0x00000257188dd090 code [0x00000257188dd220, 0x00000257188dd318]
Event: 5.742 Thread 0x00000257317a5590 nmethod 7739 0x000002571fae2b90 code [0x000002571fae2d40, 0x000002571fae3948]
Event: 5.742 Thread 0x00000257317a5590 7775       4       java.util.jar.Attributes$Name::hash (148 bytes)
Event: 5.747 Thread 0x00000257317a5590 nmethod 7775 0x000002571fae3d90 code [0x000002571fae3f20, 0x000002571fae45b8]
Event: 5.747 Thread 0x00000257317a5590 7779       4       java.lang.Class::isAnnotation (17 bytes)
Event: 5.747 Thread 0x00000257317a5590 nmethod 7779 0x000002571fae4810 code [0x000002571fae4980, 0x000002571fae4a18]
Event: 5.747 Thread 0x00000257317a5590 7777       4       org.gradle.internal.instantiation.generator.AbstractClassGenerator$ClassMetadata::property (42 bytes)
Event: 5.748 Thread 0x000002572f0abfd0 7780       3       com.google.common.collect.ImmutableList$Builder::add (6 bytes)
Event: 5.748 Thread 0x000002572f0abfd0 nmethod 7780 0x00000257188dd390 code [0x00000257188dd520, 0x00000257188dd668]
Event: 5.749 Thread 0x000002572f0abfd0 7781       3       org.gradle.internal.instantiation.generator.AsmBackedClassGenerator$ClassBuilderImpl::addServiceSupport (21 bytes)
Event: 5.750 Thread 0x000002572f0abfd0 nmethod 7781 0x00000257188dd710 code [0x00000257188dd8e0, 0x00000257188ddc48]
Event: 5.750 Thread 0x000002572f0abfd0 7782       3       org.gradle.internal.instantiation.generator.AsmBackedClassGenerator$ClassBuilderImpl::addServiceGetter (20 bytes)
Event: 5.750 Thread 0x000002572f0abfd0 nmethod 7782 0x00000257188dde10 code [0x00000257188de020, 0x00000257188de618]

GC Heap History (20 events):
Event: 2.629 GC heap before
{Heap before GC invocations=9 (full 0):
 garbage-first heap   total 65536K, used 46489K [0x0000000080000000, 0x0000000100000000)
  region size 1024K, 26 young (26624K), 3 survivors (3072K)
 Metaspace       used 40344K, committed 40704K, reserved 1089536K
  class space    used 5358K, committed 5504K, reserved 1048576K
}
Event: 2.632 GC heap after
{Heap after GC invocations=10 (full 0):
 garbage-first heap   total 65536K, used 27411K [0x0000000080000000, 0x0000000100000000)
  region size 1024K, 4 young (4096K), 4 survivors (4096K)
 Metaspace       used 40344K, committed 40704K, reserved 1089536K
  class space    used 5358K, committed 5504K, reserved 1048576K
}
Event: 2.634 GC heap before
{Heap before GC invocations=10 (full 0):
 garbage-first heap   total 65536K, used 28435K [0x0000000080000000, 0x0000000100000000)
  region size 1024K, 5 young (5120K), 4 survivors (4096K)
 Metaspace       used 40344K, committed 40704K, reserved 1089536K
  class space    used 5358K, committed 5504K, reserved 1048576K
}
Event: 2.636 GC heap after
{Heap after GC invocations=11 (full 0):
 garbage-first heap   total 65536K, used 27745K [0x0000000080000000, 0x0000000100000000)
  region size 1024K, 1 young (1024K), 1 survivors (1024K)
 Metaspace       used 40344K, committed 40704K, reserved 1089536K
  class space    used 5358K, committed 5504K, reserved 1048576K
}
Event: 2.723 GC heap before
{Heap before GC invocations=11 (full 0):
 garbage-first heap   total 65536K, used 43105K [0x0000000080000000, 0x0000000100000000)
  region size 1024K, 16 young (16384K), 1 survivors (1024K)
 Metaspace       used 41046K, committed 41344K, reserved 1089536K
  class space    used 5441K, committed 5568K, reserved 1048576K
}
Event: 2.725 GC heap after
{Heap after GC invocations=12 (full 0):
 garbage-first heap   total 134144K, used 30212K [0x0000000080000000, 0x0000000100000000)
  region size 1024K, 3 young (3072K), 3 survivors (3072K)
 Metaspace       used 41046K, committed 41344K, reserved 1089536K
  class space    used 5441K, committed 5568K, reserved 1048576K
}
Event: 3.402 GC heap before
{Heap before GC invocations=12 (full 0):
 garbage-first heap   total 134144K, used 101892K [0x0000000080000000, 0x0000000100000000)
  region size 1024K, 71 young (72704K), 3 survivors (3072K)
 Metaspace       used 50083K, committed 50496K, reserved 1097728K
  class space    used 6643K, committed 6848K, reserved 1048576K
}
Event: 3.406 GC heap after
{Heap after GC invocations=13 (full 0):
 garbage-first heap   total 134144K, used 33866K [0x0000000080000000, 0x0000000100000000)
  region size 1024K, 7 young (7168K), 7 survivors (7168K)
 Metaspace       used 50083K, committed 50496K, reserved 1097728K
  class space    used 6643K, committed 6848K, reserved 1048576K
}
Event: 3.886 GC heap before
{Heap before GC invocations=13 (full 0):
 garbage-first heap   total 134144K, used 99402K [0x0000000080000000, 0x0000000100000000)
  region size 1024K, 69 young (70656K), 7 survivors (7168K)
 Metaspace       used 53686K, committed 54144K, reserved 1097728K
  class space    used 7119K, committed 7296K, reserved 1048576K
}
Event: 3.891 GC heap after
{Heap after GC invocations=14 (full 0):
 garbage-first heap   total 134144K, used 45923K [0x0000000080000000, 0x0000000100000000)
  region size 1024K, 9 young (9216K), 9 survivors (9216K)
 Metaspace       used 53686K, committed 54144K, reserved 1097728K
  class space    used 7119K, committed 7296K, reserved 1048576K
}
Event: 4.269 GC heap before
{Heap before GC invocations=14 (full 0):
 garbage-first heap   total 134144K, used 82787K [0x0000000080000000, 0x0000000100000000)
  region size 1024K, 46 young (47104K), 9 survivors (9216K)
 Metaspace       used 59967K, committed 60416K, reserved 1105920K
  class space    used 7949K, committed 8128K, reserved 1048576K
}
Event: 4.274 GC heap after
{Heap after GC invocations=15 (full 0):
 garbage-first heap   total 134144K, used 47591K [0x0000000080000000, 0x0000000100000000)
  region size 1024K, 2 young (2048K), 2 survivors (2048K)
 Metaspace       used 59967K, committed 60416K, reserved 1105920K
  class space    used 7949K, committed 8128K, reserved 1048576K
}
Event: 4.673 GC heap before
{Heap before GC invocations=16 (full 0):
 garbage-first heap   total 134144K, used 109031K [0x0000000080000000, 0x0000000100000000)
  region size 1024K, 56 young (57344K), 2 survivors (2048K)
 Metaspace       used 65265K, committed 65728K, reserved 1105920K
  class space    used 8634K, committed 8832K, reserved 1048576K
}
Event: 4.677 GC heap after
{Heap after GC invocations=17 (full 0):
 garbage-first heap   total 134144K, used 52986K [0x0000000080000000, 0x0000000100000000)
  region size 1024K, 7 young (7168K), 7 survivors (7168K)
 Metaspace       used 65265K, committed 65728K, reserved 1105920K
  class space    used 8634K, committed 8832K, reserved 1048576K
}
Event: 4.960 GC heap before
{Heap before GC invocations=17 (full 0):
 garbage-first heap   total 134144K, used 104186K [0x0000000080000000, 0x0000000100000000)
  region size 1024K, 56 young (57344K), 7 survivors (7168K)
 Metaspace       used 67608K, committed 68160K, reserved 1114112K
  class space    used 8951K, committed 9216K, reserved 1048576K
}
Event: 4.965 GC heap after
{Heap after GC invocations=18 (full 0):
 garbage-first heap   total 134144K, used 57057K [0x0000000080000000, 0x0000000100000000)
  region size 1024K, 4 young (4096K), 4 survivors (4096K)
 Metaspace       used 67608K, committed 68160K, reserved 1114112K
  class space    used 8951K, committed 9216K, reserved 1048576K
}
Event: 5.297 GC heap before
{Heap before GC invocations=18 (full 0):
 garbage-first heap   total 134144K, used 105185K [0x0000000080000000, 0x0000000100000000)
  region size 1024K, 51 young (52224K), 4 survivors (4096K)
 Metaspace       used 72068K, committed 72640K, reserved 1114112K
  class space    used 9766K, committed 10048K, reserved 1048576K
}
Event: 5.301 GC heap after
{Heap after GC invocations=19 (full 0):
 garbage-first heap   total 134144K, used 59706K [0x0000000080000000, 0x0000000100000000)
  region size 1024K, 7 young (7168K), 7 survivors (7168K)
 Metaspace       used 72068K, committed 72640K, reserved 1114112K
  class space    used 9766K, committed 10048K, reserved 1048576K
}
Event: 5.735 GC heap before
{Heap before GC invocations=19 (full 0):
 garbage-first heap   total 134144K, used 105786K [0x0000000080000000, 0x0000000100000000)
  region size 1024K, 52 young (53248K), 7 survivors (7168K)
 Metaspace       used 76233K, committed 76736K, reserved 1122304K
  class space    used 10370K, committed 10624K, reserved 1048576K
}
Event: 5.741 GC heap after
{Heap after GC invocations=20 (full 0):
 garbage-first heap   total 161792K, used 63510K [0x0000000080000000, 0x0000000100000000)
  region size 1024K, 7 young (7168K), 7 survivors (7168K)
 Metaspace       used 76233K, committed 76736K, reserved 1122304K
  class space    used 10370K, committed 10624K, reserved 1048576K
}

Dll operation events (2 events):
Event: 0.014 Loaded shared library C:\Program Files\Android\Android Studio\jbr\bin\java.dll
Event: 0.263 Loaded shared library C:\Program Files\Android\Android Studio\jbr\bin\verify.dll

Deoptimization events (20 events):
Event: 5.628 Thread 0x0000025731bde4e0 Uncommon trap: trap_request=0xffffff45 fr.pc=0x000002571f9c0b6c relative=0x00000000000025ac
Event: 5.628 Thread 0x0000025731bde4e0 Uncommon trap: reason=unstable_if action=reinterpret pc=0x000002571f9c0b6c method=java.util.HashMap.getNode(Ljava/lang/Object;)Ljava/util/HashMap$Node; @ 85 c2
Event: 5.628 Thread 0x0000025731bde4e0 DEOPT PACKING pc=0x000002571f9c0b6c sp=0x00000067290f90f0
Event: 5.628 Thread 0x0000025731bde4e0 DEOPT UNPACKING pc=0x000002571f14a1a3 sp=0x00000067290f8fd8 mode 2
Event: 5.628 Thread 0x0000025731bde4e0 Uncommon trap: trap_request=0xffffff45 fr.pc=0x000002571f7bb508 relative=0x00000000000002e8
Event: 5.628 Thread 0x0000025731bde4e0 Uncommon trap: reason=unstable_if action=reinterpret pc=0x000002571f7bb508 method=java.util.HashMap.getNode(Ljava/lang/Object;)Ljava/util/HashMap$Node; @ 85 c2
Event: 5.628 Thread 0x0000025731bde4e0 DEOPT PACKING pc=0x000002571f7bb508 sp=0x00000067290f90a0
Event: 5.628 Thread 0x0000025731bde4e0 DEOPT UNPACKING pc=0x000002571f14a1a3 sp=0x00000067290f8fc0 mode 2
Event: 5.628 Thread 0x0000025731bde4e0 Uncommon trap: trap_request=0xffffff45 fr.pc=0x000002571f818248 relative=0x0000000000000228
Event: 5.628 Thread 0x0000025731bde4e0 Uncommon trap: reason=unstable_if action=reinterpret pc=0x000002571f818248 method=java.util.HashMap.getNode(Ljava/lang/Object;)Ljava/util/HashMap$Node; @ 85 c2
Event: 5.628 Thread 0x0000025731bde4e0 DEOPT PACKING pc=0x000002571f818248 sp=0x00000067290f9040
Event: 5.628 Thread 0x0000025731bde4e0 DEOPT UNPACKING pc=0x000002571f14a1a3 sp=0x00000067290f8fc0 mode 2
Event: 5.663 Thread 0x0000025731bde4e0 DEOPT PACKING pc=0x0000025717bfe4fd sp=0x00000067290f91e0
Event: 5.663 Thread 0x0000025731bde4e0 DEOPT UNPACKING pc=0x000002571f14ace3 sp=0x00000067290f8780 mode 0
Event: 5.702 Thread 0x0000025731bde4e0 Uncommon trap: trap_request=0xfffffff4 fr.pc=0x000002571fadcee8 relative=0x0000000000000068
Event: 5.702 Thread 0x0000025731bde4e0 Uncommon trap: reason=null_check action=make_not_entrant pc=0x000002571fadcee8 method=java.lang.Class.isAnnotation()Z @ 1 c2
Event: 5.702 Thread 0x0000025731bde4e0 DEOPT PACKING pc=0x000002571fadcee8 sp=0x00000067290f90a0
Event: 5.702 Thread 0x0000025731bde4e0 DEOPT UNPACKING pc=0x000002571f14a1a3 sp=0x00000067290f9030 mode 2
Event: 5.735 Thread 0x0000025731bde4e0 DEOPT PACKING pc=0x0000025717bfe4fd sp=0x00000067290f91e0
Event: 5.735 Thread 0x0000025731bde4e0 DEOPT UNPACKING pc=0x000002571f14ace3 sp=0x00000067290f8780 mode 0

Classes unloaded (0 events):
No events

Classes redefined (0 events):
No events

Internal exceptions (20 events):
Event: 4.993 Thread 0x0000025731bde4e0 Exception <a 'java/lang/ClassNotFoundException'{0x000000008cd176f8}: groovy/lang/GString$1BeanInfo> (0x000000008cd176f8) 
thrown [s\src\hotspot\share\classfile\systemDictionary.cpp, line 256]
Event: 4.993 Thread 0x0000025731bde4e0 Exception <a 'java/lang/ClassNotFoundException'{0x000000008cd3efd0}: groovy/lang/GStringBeanInfo> (0x000000008cd3efd0) 
thrown [s\src\hotspot\share\classfile\systemDictionary.cpp, line 256]
Event: 4.994 Thread 0x0000025731bde4e0 Exception <a 'java/lang/ClassNotFoundException'{0x000000008cd66b18}: groovy/lang/GStringCustomizer> (0x000000008cd66b18) 
thrown [s\src\hotspot\share\classfile\systemDictionary.cpp, line 256]
Event: 4.995 Thread 0x0000025731bde4e0 Exception <a 'java/lang/ClassNotFoundException'{0x000000008cd98c38}: groovy/lang/GString$1Customizer> (0x000000008cd98c38) 
thrown [s\src\hotspot\share\classfile\systemDictionary.cpp, line 256]
Event: 5.000 Thread 0x0000025731bde4e0 Exception <a 'java/lang/ClassNotFoundException'{0x000000008782e0a0}: org/codehaus/groovy/runtime/GStringImplBeanInfo> (0x000000008782e0a0) 
thrown [s\src\hotspot\share\classfile\systemDictionary.cpp, line 256]
Event: 5.002 Thread 0x0000025731bde4e0 Exception <a 'java/lang/ClassNotFoundException'{0x00000000876cd940}: org/codehaus/groovy/runtime/GStringImplCustomizer> (0x00000000876cd940) 
thrown [s\src\hotspot\share\classfile\systemDictionary.cpp, line 256]
Event: 5.004 Thread 0x0000025731bde4e0 Exception <a 'java/lang/ClassNotFoundException'{0x0000000087529320}: org/gradle/api/internal/artifacts/dsl/dependencies/DefaultDependencyHandler_DecoratedBeanInfo> (0x0000000087529320) 
thrown [s\src\hotspot\share\classfile\systemDictionary.cpp, line 256]
Event: 5.004 Thread 0x0000025731bde4e0 Exception <a 'java/lang/ClassNotFoundException'{0x0000000087540698}: org/gradle/api/internal/artifacts/dsl/dependencies/DefaultDependencyHandlerBeanInfo> (0x0000000087540698) 
thrown [s\src\hotspot\share\classfile\systemDictionary.cpp, line 256]
Event: 5.005 Thread 0x0000025731bde4e0 Exception <a 'java/lang/ClassNotFoundException'{0x00000000875579d0}: org/gradle/api/internal/artifacts/dsl/dependencies/DefaultDependencyHandlerCustomizer> (0x00000000875579d0) 
thrown [s\src\hotspot\share\classfile\systemDictionary.cpp, line 256]
Event: 5.005 Thread 0x0000025731bde4e0 Exception <a 'java/lang/ClassNotFoundException'{0x0000000087596248}: org/gradle/api/internal/artifacts/dsl/dependencies/DefaultDependencyHandler_DecoratedCustomizer> (0x0000000087596248) 
thrown [s\src\hotspot\share\classfile\systemDictionary.cpp, line 256]
Event: 5.006 Thread 0x0000025731bde4e0 Implicit null exception at 0x000002571f96370f to 0x000002571f963d9c
Event: 5.314 Thread 0x0000025731bde4e0 Exception <a 'java/lang/NoSuchMethodError'{0x000000008fbe5a38}: 'int java.lang.invoke.DirectMethodHandle$Holder.invokeSpecialIFC(java.lang.Object, java.lang.Object, java.lang.Object, java.lang.Object, java.lang.Object)'> (0x000000008fbe5a38) 
thrown [s\src\hotspot\share\interpreter\linkResolver.cpp, line 771]
Event: 5.430 Thread 0x0000025731bde4e0 Exception <a 'java/lang/ClassNotFoundException'{0x00000000875c1a80}: com/android/build/gradle/internal/api/ApkVariantOutputImpl_DecoratedBeanInfo> (0x00000000875c1a80) 
thrown [s\src\hotspot\share\classfile\systemDictionary.cpp, line 256]
Event: 5.430 Thread 0x0000025731bde4e0 Exception <a 'java/lang/ClassNotFoundException'{0x00000000875ce658}: com/android/build/gradle/internal/api/ApkVariantOutputImplBeanInfo> (0x00000000875ce658) 
thrown [s\src\hotspot\share\classfile\systemDictionary.cpp, line 256]
Event: 5.430 Thread 0x0000025731bde4e0 Exception <a 'java/lang/ClassNotFoundException'{0x00000000875db240}: com/android/build/gradle/internal/api/BaseVariantOutputImplBeanInfo> (0x00000000875db240) 
thrown [s\src\hotspot\share\classfile\systemDictionary.cpp, line 256]
Event: 5.431 Thread 0x0000025731bde4e0 Exception <a 'java/lang/ClassNotFoundException'{0x00000000875e80a8}: com/android/build/gradle/internal/api/BaseVariantOutputImplCustomizer> (0x00000000875e80a8) 
thrown [s\src\hotspot\share\classfile\systemDictionary.cpp, line 256]
Event: 5.431 Thread 0x0000025731bde4e0 Exception <a 'java/lang/ClassNotFoundException'{0x0000000087407b60}: com/android/build/gradle/internal/api/ApkVariantOutputImplCustomizer> (0x0000000087407b60) 
thrown [s\src\hotspot\share\classfile\systemDictionary.cpp, line 256]
Event: 5.431 Thread 0x0000025731bde4e0 Exception <a 'java/lang/ClassNotFoundException'{0x0000000087421b78}: com/android/build/gradle/internal/api/ApkVariantOutputImpl_DecoratedCustomizer> (0x0000000087421b78) 
thrown [s\src\hotspot\share\classfile\systemDictionary.cpp, line 256]
Event: 5.439 Thread 0x0000025731bde4e0 Exception <a 'java/lang/NoClassDefFoundError'{0x0000000087360b58}: org/jetbrains/kotlin/gradle/plugin/KotlinBasePluginWrapper> (0x0000000087360b58) 
thrown [s\src\hotspot\share\classfile\systemDictionary.cpp, line 245]
Event: 5.440 Thread 0x0000025731bde4e0 Exception <a 'java/lang/NoClassDefFoundError'{0x000000008736d108}: org/jetbrains/kotlin/gradle/plugin/KotlinBasePluginWrapper> (0x000000008736d108) 
thrown [s\src\hotspot\share\oops\constantPool.cpp, line 835]

VM Operations (20 events):
Event: 4.599 Executing VM operation: ICBufferFull
Event: 4.599 Executing VM operation: ICBufferFull done
Event: 4.673 Executing VM operation: G1CollectForAllocation
Event: 4.677 Executing VM operation: G1CollectForAllocation done
Event: 4.913 Executing VM operation: ICBufferFull
Event: 4.913 Executing VM operation: ICBufferFull done
Event: 4.960 Executing VM operation: G1CollectForAllocation
Event: 4.965 Executing VM operation: G1CollectForAllocation done
Event: 5.019 Executing VM operation: HandshakeAllThreads
Event: 5.019 Executing VM operation: HandshakeAllThreads done
Event: 5.297 Executing VM operation: G1CollectForAllocation
Event: 5.301 Executing VM operation: G1CollectForAllocation done
Event: 5.469 Executing VM operation: ICBufferFull
Event: 5.470 Executing VM operation: ICBufferFull done
Event: 5.610 Executing VM operation: ICBufferFull
Event: 5.610 Executing VM operation: ICBufferFull done
Event: 5.639 Executing VM operation: HandshakeAllThreads
Event: 5.640 Executing VM operation: HandshakeAllThreads done
Event: 5.735 Executing VM operation: G1CollectForAllocation
Event: 5.741 Executing VM operation: G1CollectForAllocation done

Events (20 events):
Event: 4.717 loading class com/sun/jmx/mbeanserver/StandardMBeanSupport
Event: 4.717 loading class com/sun/jmx/mbeanserver/StandardMBeanSupport done
Event: 4.717 loading class com/sun/jmx/mbeanserver/StandardMBeanIntrospector
Event: 4.717 loading class com/sun/jmx/mbeanserver/StandardMBeanIntrospector done
Event: 4.744 loading class javax/xml/stream/XMLStreamException
Event: 4.744 loading class javax/xml/stream/XMLStreamException done
Event: 4.753 loading class sun/reflect/annotation/AnnotationInvocationHandler$1
Event: 4.753 loading class sun/reflect/annotation/AnnotationInvocationHandler$1 done
Event: 4.787 loading class sun/reflect/generics/repository/FieldRepository
Event: 4.787 loading class sun/reflect/generics/repository/FieldRepository done
Event: 4.793 loading class jdk/internal/vm/annotation/ForceInline
Event: 4.793 loading class jdk/internal/vm/annotation/ForceInline done
Event: 4.825 loading class java/util/regex/Pattern$Caret
Event: 4.825 loading class java/util/regex/Pattern$Caret done
Event: 4.927 loading class java/beans/IntrospectionException
Event: 4.928 loading class java/beans/IntrospectionException done
Event: 5.437 loading class java/io/CharArrayWriter
Event: 5.437 loading class java/io/CharArrayWriter done
Event: 5.550 loading class java/util/zip/ZipOutputStream
Event: 5.551 loading class java/util/zip/ZipOutputStream done


Dynamic libraries:
0x00007ff79c970000 - 0x00007ff79c97a000 	C:\Program Files\Android\Android Studio\jbr\bin\java.exe
0x00007fffcf890000 - 0x00007fffcfaa4000 	C:\WINDOWS\SYSTEM32\ntdll.dll
0x00007fffce870000 - 0x00007fffce934000 	C:\WINDOWS\System32\KERNEL32.DLL
0x00007fffccd90000 - 0x00007fffcd134000 	C:\WINDOWS\System32\KERNELBASE.dll
0x00007fffcd200000 - 0x00007fffcd311000 	C:\WINDOWS\System32\ucrtbase.dll
0x00007fff9be00000 - 0x00007fff9be17000 	C:\Program Files\Android\Android Studio\jbr\bin\jli.dll
0x00007fffacce0000 - 0x00007fffaccfb000 	C:\Program Files\Android\Android Studio\jbr\bin\VCRUNTIME140.dll
0x00007fffce940000 - 0x00007fffceaea000 	C:\WINDOWS\System32\USER32.dll
0x00007fffcd3c0000 - 0x00007fffcd3e6000 	C:\WINDOWS\System32\win32u.dll
0x00007fffce610000 - 0x00007fffce639000 	C:\WINDOWS\System32\GDI32.dll
0x00007fffaaef0000 - 0x00007fffab17f000 	C:\WINDOWS\WinSxS\amd64_microsoft.windows.common-controls_6595b64144ccf1df_6.0.22621.2070_none_2713e6537381f706\COMCTL32.dll
0x00007fffccc70000 - 0x00007fffccd89000 	C:\WINDOWS\System32\gdi32full.dll
0x00007fffcdbc0000 - 0x00007fffcdc67000 	C:\WINDOWS\System32\msvcrt.dll
0x00007fffcd320000 - 0x00007fffcd3ba000 	C:\WINDOWS\System32\msvcp_win.dll
0x00007fffceb60000 - 0x00007fffceb91000 	C:\WINDOWS\System32\IMM32.DLL
0x0000000077830000 - 0x000000007783c000 	C:\Program Files (x86)\360\Total Security\safemon\SafeWrapper.dll
0x00007fffcdf00000 - 0x00007fffcdfb0000 	C:\WINDOWS\System32\ADVAPI32.dll
0x00007fffcecd0000 - 0x00007fffced76000 	C:\WINDOWS\System32\sechost.dll
0x00007fffcdde0000 - 0x00007fffcdef7000 	C:\WINDOWS\System32\RPCRT4.dll
0x00007fff3fee0000 - 0x00007fff3ff72000 	C:\Program Files (x86)\360\Total Security\safemon\libzdtp64.dll
0x00007fffcf030000 - 0x00007fffcf846000 	C:\WINDOWS\System32\SHELL32.dll
0x00007fffcdd00000 - 0x00007fffcdd5e000 	C:\WINDOWS\System32\SHLWAPI.dll
0x00007fffcc8d0000 - 0x00007fffcc8da000 	C:\WINDOWS\SYSTEM32\VERSION.dll
0x00007fffadb80000 - 0x00007fffadb8c000 	C:\Program Files\Android\Android Studio\jbr\bin\vcruntime140_1.dll
0x00007fffa9cd0000 - 0x00007fffa9d5d000 	C:\Program Files\Android\Android Studio\jbr\bin\msvcp140.dll
0x00007fff2f640000 - 0x00007fff302ae000 	C:\Program Files\Android\Android Studio\jbr\bin\server\jvm.dll
0x00007fff9bbd0000 - 0x00007fff9bbd9000 	C:\WINDOWS\SYSTEM32\WSOCK32.dll
0x00007fffc3300000 - 0x00007fffc3334000 	C:\WINDOWS\SYSTEM32\WINMM.dll
0x00007fffcdd60000 - 0x00007fffcddd1000 	C:\WINDOWS\System32\WS2_32.dll
0x00007fffcbca0000 - 0x00007fffcbcb8000 	C:\WINDOWS\SYSTEM32\kernel.appcore.dll
0x00007fffbe6c0000 - 0x00007fffbe6ca000 	C:\Program Files\Android\Android Studio\jbr\bin\jimage.dll
0x00007fffca5e0000 - 0x00007fffca80e000 	C:\WINDOWS\SYSTEM32\DBGHELP.DLL
0x00007fffcd670000 - 0x00007fffcd9fa000 	C:\WINDOWS\System32\combase.dll
0x00007fffce790000 - 0x00007fffce867000 	C:\WINDOWS\System32\OLEAUT32.dll
0x00007fffaf620000 - 0x00007fffaf652000 	C:\WINDOWS\SYSTEM32\dbgcore.DLL
0x00007fffcd3f0000 - 0x00007fffcd46a000 	C:\WINDOWS\System32\bcryptPrimitives.dll
0x00007fff9c090000 - 0x00007fff9c0b5000 	C:\Program Files\Android\Android Studio\jbr\bin\java.dll
0x00007fffbe5a0000 - 0x00007fffbe5b8000 	C:\Program Files\Android\Android Studio\jbr\bin\zip.dll
0x00007fffca9e0000 - 0x00007fffcb2ca000 	C:\WINDOWS\SYSTEM32\windows.storage.dll
0x00007fffcb2f0000 - 0x00007fffcb42e000 	C:\WINDOWS\SYSTEM32\wintypes.dll
0x00007fffced90000 - 0x00007fffcee83000 	C:\WINDOWS\System32\SHCORE.dll
0x00007fffccba0000 - 0x00007fffccbc6000 	C:\WINDOWS\SYSTEM32\profapi.dll
0x00007fffadbb0000 - 0x00007fffadbc9000 	C:\Program Files\Android\Android Studio\jbr\bin\net.dll
0x00007fffc48c0000 - 0x00007fffc49f7000 	C:\WINDOWS\SYSTEM32\WINHTTP.dll
0x00007fffcc160000 - 0x00007fffcc1c9000 	C:\WINDOWS\system32\mswsock.dll
0x00007fff9fc10000 - 0x00007fff9fc26000 	C:\Program Files\Android\Android Studio\jbr\bin\nio.dll
0x00007fffbe6b0000 - 0x00007fffbe6c0000 	C:\Program Files\Android\Android Studio\jbr\bin\verify.dll
0x00007fff82740000 - 0x00007fff82767000 	C:\Users\HP\.gradle\native\68d5fa5c4cc2d200863cafc0d521ce42e7d3e7ee720ec0a83991735586a16f82\windows-amd64\native-platform.dll
0x00007fff6c620000 - 0x00007fff6c764000 	C:\Users\HP\.gradle\native\e376f236ea51e6404a007f0833ffe2c6e607c4080706a723a18a27aeea778392\windows-amd64\native-platform-file-events.dll
0x00007fffaf6d0000 - 0x00007fffaf6d9000 	C:\Program Files\Android\Android Studio\jbr\bin\management.dll
0x00007fffa1670000 - 0x00007fffa167b000 	C:\Program Files\Android\Android Studio\jbr\bin\management_ext.dll
0x00007fffcd650000 - 0x00007fffcd658000 	C:\WINDOWS\System32\PSAPI.DLL
0x00007fffcc480000 - 0x00007fffcc49b000 	C:\WINDOWS\SYSTEM32\CRYPTSP.dll
0x00007fffcbc60000 - 0x00007fffcbc95000 	C:\WINDOWS\system32\rsaenh.dll
0x00007fffcc200000 - 0x00007fffcc22c000 	C:\WINDOWS\SYSTEM32\USERENV.dll
0x00007fffcc5c0000 - 0x00007fffcc5e8000 	C:\WINDOWS\SYSTEM32\bcrypt.dll
0x00007fffcc460000 - 0x00007fffcc46c000 	C:\WINDOWS\SYSTEM32\CRYPTBASE.dll
0x00007fffcb690000 - 0x00007fffcb6bd000 	C:\WINDOWS\SYSTEM32\IPHLPAPI.DLL
0x00007fffce4e0000 - 0x00007fffce4e9000 	C:\WINDOWS\System32\NSI.dll
0x00007fffc3920000 - 0x00007fffc3939000 	C:\WINDOWS\SYSTEM32\dhcpcsvc6.DLL
0x00007fffc3630000 - 0x00007fffc364f000 	C:\WINDOWS\SYSTEM32\dhcpcsvc.DLL
0x00007fffcb6c0000 - 0x00007fffcb7b3000 	C:\WINDOWS\SYSTEM32\DNSAPI.dll
0x00007fff9fda0000 - 0x00007fff9fda8000 	C:\WINDOWS\system32\wshunix.dll

dbghelp: loaded successfully - version: 4.0.5 - missing functions: none
symbol engine: initialized successfully - sym options: 0x614 - pdb path: .;C:\Program Files\Android\Android Studio\jbr\bin;C:\WINDOWS\SYSTEM32;C:\WINDOWS\WinSxS\amd64_microsoft.windows.common-controls_6595b64144ccf1df_6.0.22621.2070_none_2713e6537381f706;C:\Program Files (x86)\360\Total Security\safemon;C:\Program Files\Android\Android Studio\jbr\bin\server;C:\Users\HP\.gradle\native\68d5fa5c4cc2d200863cafc0d521ce42e7d3e7ee720ec0a83991735586a16f82\windows-amd64;C:\Users\HP\.gradle\native\e376f236ea51e6404a007f0833ffe2c6e607c4080706a723a18a27aeea778392\windows-amd64

VM Arguments:
jvm_args: --add-opens=java.base/java.util=ALL-UNNAMED --add-opens=java.base/java.lang=ALL-UNNAMED --add-opens=java.base/java.lang.invoke=ALL-UNNAMED --add-opens=java.prefs/java.util.prefs=ALL-UNNAMED --add-opens=java.base/java.nio.charset=ALL-UNNAMED --add-opens=java.base/java.net=ALL-UNNAMED --add-opens=java.base/java.util.concurrent.atomic=ALL-UNNAMED -Xmx2048m -Dfile.encoding=UTF-8 -Duser.country=IN -Duser.language=en -Duser.variant 
java_command: org.gradle.launcher.daemon.bootstrap.GradleDaemon 8.0
java_class_path (initial): C:\Users\HP\.gradle\wrapper\dists\gradle-8.0-bin\ca5e32bp14vu59qr306oxotwh\gradle-8.0\lib\gradle-launcher-8.0.jar
Launcher Type: SUN_STANDARD

[Global flags]
     intx CICompilerCount                          = 4                                         {product} {ergonomic}
     uint ConcGCThreads                            = 2                                         {product} {ergonomic}
     uint G1ConcRefinementThreads                  = 8                                         {product} {ergonomic}
   size_t G1HeapRegionSize                         = 1048576                                   {product} {ergonomic}
    uintx GCDrainStackTargetSize                   = 64                                        {product} {ergonomic}
   size_t InitialHeapSize                          = 264241152                                 {product} {ergonomic}
   size_t MarkStackSize                            = 4194304                                   {product} {ergonomic}
   size_t MaxHeapSize                              = 2147483648                                {product} {command line}
   size_t MaxNewSize                               = 1287651328                                {product} {ergonomic}
   size_t MinHeapDeltaBytes                        = 1048576                                   {product} {ergonomic}
   size_t MinHeapSize                              = 8388608                                   {product} {ergonomic}
    uintx NonNMethodCodeHeapSize                   = 5839372                                {pd product} {ergonomic}
    uintx NonProfiledCodeHeapSize                  = 122909434                              {pd product} {ergonomic}
    uintx ProfiledCodeHeapSize                     = 122909434                              {pd product} {ergonomic}
    uintx ReservedCodeCacheSize                    = 251658240                              {pd product} {ergonomic}
     bool SegmentedCodeCache                       = true                                      {product} {ergonomic}
   size_t SoftMaxHeapSize                          = 2147483648                             {manageable} {ergonomic}
     bool UseCompressedClassPointers               = true                           {product lp64_product} {ergonomic}
     bool UseCompressedOops                        = true                           {product lp64_product} {ergonomic}
     bool UseG1GC                                  = true                                      {product} {ergonomic}
     bool UseLargePagesIndividualAllocation        = false                                  {pd product} {ergonomic}

Logging:
Log output configuration:
 #0: stdout all=warning uptime,level,tags
 #1: stderr all=off uptime,level,tags

Environment Variables:
PATH=C:\WINDOWS\system32;C:\WINDOWS;C:\WINDOWS\System32\Wbem;C:\WINDOWS\System32\WindowsPowerShell\v1.0\;C:\WINDOWS\System32\OpenSSH\;C:\Program Files\Git\cmd;C:\Users\HP\AppData\Local\Microsoft\WindowsApps;C:\Users\HP\AppData\Local\Programs\Microsoft VS Code\bin;C:\Users\HP\AppData\Local\GitHubDesktop\bin
USERNAME=HP
OS=Windows_NT
PROCESSOR_IDENTIFIER=Intel64 Family 6 Model 140 Stepping 1, GenuineIntel
TMP=C:\Users\HP\AppData\Local\Temp
TEMP=C:\Users\HP\AppData\Local\Temp


JNI global refs:
JNI global refs: 28, weak refs: 3

JNI global refs memory usage: 843, weak refs: 841


---------------  S Y S T E M  ---------------

OS:
 Windows 11 , 64 bit Build 22621 (10.0.22621.2070)
OS uptime: 0 days 1:49 hours
Hyper-V role detected

CPU: total 8 (initial active 8) (4 cores per cpu, 2 threads per core) family 6 model 140 stepping 1 microcode 0xac, cx8, cmov, fxsr, ht, mmx, 3dnowpref, sse, sse2, sse3, ssse3, sse4.1, sse4.2, popcnt, lzcnt, tsc, tscinvbit, avx, avx2, aes, erms, clmul, bmi1, bmi2, adx, avx512f, avx512dq, avx512cd, avx512bw, avx512vl, sha, fma, vzeroupper, avx512_vpopcntdq, avx512_vpclmulqdq, avx512_vaes, avx512_vnni, clflush, clflushopt, clwb, avx512_vbmi2, avx512_vbmi, hv

Memory: 4k page, system-wide physical 16064M (2780M free)
TotalPageFile size 18964M (AvailPageFile size 6M)
current process WorkingSet (physical memory assigned to process): 360M, peak: 361M
current process commit charge ("private bytes"): 423M, peak: 423M

vm_info: OpenJDK 64-Bit Server VM (17.0.6+0-b2043.56-10027231) for windows-amd64 JRE (17.0.6+0-b2043.56-10027231), built on Apr 28 2023 00:43:19 by "androidbuild" with MS VC++ 16.10 / 16.11 (VS2019)

END.
